***Starting server on port 60513 ***
Loading net-file from 'sumo_simulation/sumo_elements/test.net.xml' ... done (9ms).
Loading additional-files from 'sumo_simulation/sumo_elements/test.add.xml' ... done (46ms).
Warning: Unused states in tlLogic 'J4', program '0' in phase 0 after tl-index 15
Warning: Missing yellow phase in tlLogic 'J4', program '0' for tl-index 1 when switching to phase 1.
Warning: Missing yellow phase in tlLogic 'J4', program '0' for tl-index 4 when switching to phase 4.
Warning: Missing green phase in tlLogic 'J4', program '0' for tl-index 16.
Loading route-files incrementally from 'sumo_simulation/sumo_elements/test.rou.xml'
Loading done.
Simulation version 1.23.1 started with time: 0.00.
Warning: Vehicle 'f_4.344' performs emergency braking on lane 'E2_2' with decel=9.00, wished=4.50, severity=1.00, time=9110.00.
Simulation ended at time: 10133.00.
Reason: TraCI requested termination.
Performance:
 Duration: 34.21s
 TraCI-Duration: 29.83s
 Real time factor: 296.209
 UPS: 4893.770645
 UPS-Persons: 6680.522669
Vehicles:
 Inserted: 3140
 Running: 0
 Waiting: 0
 Emergency Braking: 1
Persons:
 Inserted: 1518
 Running: 0
Statistics (avg of 3140):
 RouteLength: 190.15
 Speed: 4.80
 Duration: 53.31
 WaitingTime: 23.93
 TimeLoss: 33.86
 DepartDelay: 0.26
Pedestrian Statistics (avg of 1518 walks):
 RouteLength: 155.69
 Duration: 150.55
 TimeLoss: 37.52
DijkstraRouter answered 41283 queries and explored 23.57 edges on average.
DijkstraRouter spent 0.16s answering queries (0.00ms on average).
DijkstraRouter answered 1518 queries and explored 32.00 edges on average.
DijkstraRouter spent 0.01s answering queries (0.01ms on average).

-----------------------------------------------------------
**** Adding simulation parameters from Sumo Controller ****
t.get('RunAdaptation')= 1
t.get('MinimumTime')= 15
t.get('MaximumTime')= 45
t.get('CurrentTemperature')= 10
t.get('MaxTemperature')= 30
t.get('MinTemperature')= 10
t.get('EmergencyVehiclePriorization')= 1
t.get('FloodingPriorization')= 0
t.get('WeatherPriorization')= 1                        
t.get('personPerCarFactor')= 1.54
t.get('MaximumVehicleSpeed')= 16.67
t.get('floodedVehicleSpeed')= 4.17
t.get('floodedLanes')= ['E1_2', 'E1_1', 'E3_2']
defaultVehicleFlowProbability= 0.04
emrgVehicleFlowProbability= 0.001
pedestrianFlowProbability= 0.04                        
adaptationInterval= 600
numberOfPhases= 3
fixedPhaseTime= 30
waitingTime= 5
cicleFullTime= 105
edges= ['E1', 'E2', 'E3', 'E4']
crosswalk= [':J4_c0', ':J4_c1', ':J4_c2', ':J4_c3']
entrySensors= ['e2_r1_in_1', 'e2_r1_in_2', 'e2_r2_in_1', 'e2_r2_in_2', 'e2_r3_in_1', 'e2_r3_in_2', 'e2_r4_in_1', 'e2_r4_in_2']
exitSensors= ['e2_r1_out_1', 'e2_r1_out_2', 'e2_r2_out_1', 'e2_r2_out_2', 'e2_r3_out_1', 'e2_r3_out_2', 'e2_r4_out_1', 'e2_r4_out_2']
entrySensorsPerPhase= [['e2_r4_in_2', 'e2_r2_in_2'], ['e2_r1_in_2', 'e2_r3_in_2'], ['e2_r1_in_1', 'e2_r2_in_1', 'e2_r3_in_1', 'e2_r4_in_1']]
exitSensorsPerPhase= [['e2_r4_out_1', 'e2_r2_out_2'], ['e2_r1_out_2', 'e2_r3_out_2'], ['e2_r1_out_1', 'e2_r2_out_1'], ['e2_r3_out_1', 'e2_r4_out_2']]                        
lanePerPhase= [['E2_2', 'E4_2'], ['E1_2', 'E3_2'], ['E1_1', 'E2_1', 'E3_1', 'E4_1']]
crosswalkPerPhase= [[':J4_c1', ':J4_c3'], [':J4_c0', ':J4_c2'], []]
PeopleEdgePerPhase= [['E2', 'E4'], ['E1', 'E3'], []]
trafficLightTimes= [[15, 30, 45], [15, 30, 45], [15, 30, 45], [15, 30, 45], [15, 30, 45], [15, 30, 45], [15, 30, 45], [29, 28, 33], [29, 28, 33], [29, 28, 33], [29, 28, 33], [29, 28, 33], [29, 28, 33], [29, 28, 33], [29, 28, 33], [29, 28, 33], [29, 28, 33], [29, 28, 33], [25, 45, 20], [25, 45, 20], [25, 45, 20], [25, 45, 20], [25, 45, 20], [25, 45, 20], [25, 45, 20], [25, 45, 20], [25, 45, 20], [25, 45, 20], [25, 45, 20], [25, 45, 20], [24, 31, 35], [24, 31, 35], [24, 31, 35], [24, 31, 35], [24, 31, 35], [24, 31, 35], [24, 31, 35], [24, 31, 35], [24, 31, 35], [24, 31, 35], [24, 31, 35], [24, 31, 35], [24, 31, 35], [24, 31, 35], [24, 31, 35], [24, 31, 35], [24, 31, 35], [24, 31, 35], [24, 31, 35], [24, 31, 35], [24, 31, 35], [24, 31, 35], [24, 31, 35], [24, 31, 35], [24, 31, 35], [24, 31, 35], [24, 31, 35], [24, 31, 35], [27, 45, 18], [27, 45, 18], [27, 45, 18], [24, 28, 38], [24, 28, 38], [24, 28, 38], [24, 28, 38], [24, 28, 38], [24, 28, 38], [24, 28, 38], [24, 28, 38], [24, 28, 38], [33, 21, 36], [33, 21, 36], [33, 21, 36], [33, 21, 36], [33, 21, 36], [33, 21, 36], [33, 21, 36], [33, 21, 36], [33, 21, 36], [33, 21, 36], [33, 21, 36], [23, 29, 38], [23, 29, 38], [23, 29, 38], [23, 29, 38], [23, 29, 38], [23, 29, 38], [23, 29, 38], [23, 29, 38], [15, 45, 30], [15, 45, 30], [15, 45, 30], [15, 45, 30], [15, 45, 30], [15, 45, 30], [15, 45, 30], [33, 23, 34], [33, 23, 34], [33, 23, 34], [33, 23, 34], [33, 23, 34], [33, 23, 34], [33, 23, 34], [33, 23, 34], [33, 23, 34], [33, 23, 34], [33, 23, 34], [33, 23, 34], [33, 23, 34], [33, 15, 42], [24, 45, 21], [24, 45, 21], [24, 45, 21], [24, 45, 21], [24, 45, 21], [24, 45, 21], [24, 45, 21], [24, 45, 21], [24, 45, 21], [24, 45, 21], [24, 45, 21], [24, 45, 21], [24, 45, 21], [24, 45, 21], [24, 45, 21], [24, 45, 21], [15, 45, 30], [15, 45, 30], [15, 45, 30], [15, 45, 30], [15, 45, 30], [15, 45, 30], [15, 45, 30], [15, 45, 30], [15, 45, 30], [15, 45, 30], [15, 45, 30], [15, 45, 30], [15, 45, 30], [15, 45, 30], [15, 45, 30], [15, 45, 30], [15, 45, 30], [15, 45, 30], [15, 45, 30], [15, 45, 30], [15, 45, 30], [15, 45, 30], [15, 45, 30], [15, 45, 30], [32, 32, 26], [32, 32, 26], [32, 32, 26], [32, 30, 28], [32, 30, 28], [32, 30, 28], [32, 30, 28], [32, 30, 28], [32, 30, 28], [32, 30, 28], [32, 30, 28], [36, 15, 39], [27, 25, 38], [27, 25, 38], [27, 25, 38], [27, 25, 38], [27, 25, 38], [27, 25, 38], [27, 25, 38], [27, 25, 38], [27, 25, 38], [27, 25, 38], [27, 25, 38], [27, 25, 38], [45, 15, 30], [45, 15, 30], [45, 15, 30], [45, 15, 30], [45, 15, 30], [45, 15, 30], [23, 33, 34], [17, 45, 28], [17, 45, 28], [17, 45, 28], [17, 45, 28], [17, 45, 28], [17, 45, 28], [17, 45, 28], [17, 45, 28], [45, 22, 23], [45, 22, 23], [45, 22, 23], [45, 22, 23], [45, 22, 23], [45, 22, 23], [45, 22, 23], [45, 22, 23], [17, 45, 28], [17, 45, 28], [17, 45, 28], [17, 45, 28], [17, 45, 28], [17, 45, 28], [31, 31, 28], [24, 45, 21], [24, 45, 21], [24, 45, 21], [24, 45, 21], [24, 45, 21], [23, 22, 45], [24, 45, 21], [24, 45, 21], [24, 45, 21], [24, 45, 21], [24, 45, 21], [24, 45, 21], [26, 29, 35], [18, 45, 27], [18, 45, 27], [18, 45, 27], [18, 45, 27], [18, 45, 27], [18, 45, 27], [18, 45, 27], [18, 45, 27], [18, 45, 27], [18, 45, 27], [45, 19, 26], [45, 19, 26], [45, 19, 26], [37, 37, 16], [37, 37, 16], [37, 37, 16], [37, 37, 16], [18, 45, 27], [18, 45, 27], [18, 45, 27], [18, 45, 27], [18, 45, 27], [18, 45, 27], [18, 45, 27], [18, 45, 27], [18, 45, 27], [18, 45, 27], [18, 45, 27], [18, 45, 27], [18, 45, 27], [18, 45, 27], [30, 45, 15], [30, 45, 15], [30, 45, 15], [31, 22, 37], [45, 15, 30], [45, 15, 30], [45, 15, 30], [45, 15, 30], [45, 15, 30], [15, 33, 42], [15, 45, 30], [15, 45, 30], [15, 45, 30], [15, 45, 30], [15, 45, 30], [45, 18, 27], [45, 18, 27], [45, 18, 27], [45, 18, 27], [45, 18, 27], [45, 29, 16], [45, 29, 16], [25, 45, 20], [25, 45, 20], [25, 45, 20], [25, 45, 20], [15, 43, 32], [15, 45, 30], [15, 45, 30], [15, 45, 30], [15, 45, 30], [15, 45, 30], [15, 45, 30], [15, 45, 30], [45, 23, 22], [45, 23, 22], [45, 23, 22], [45, 23, 22], [45, 23, 22], [45, 23, 22], [45, 23, 22], [45, 23, 22], [30, 45, 15], [30, 45, 15], [30, 45, 15], [30, 45, 15], [30, 45, 15], [30, 45, 15], [37, 18, 35], [17, 43, 30], [16, 45, 29], [16, 45, 29], [16, 45, 29], [16, 45, 29], [16, 37, 37], [45, 29, 16], [45, 29, 16], [45, 29, 16], [45, 29, 16], [45, 29, 16], [45, 29, 16], [45, 29, 16], [17, 45, 28], [17, 45, 28], [17, 45, 28], [45, 30, 15], [45, 30, 15], [45, 30, 15], [45, 30, 15], [45, 30, 15], [45, 30, 15], [45, 30, 15], [25, 32, 33], [45, 22, 23], [19, 26, 45], [21, 24, 45], [15, 45, 30], [15, 45, 30], [15, 45, 30], [15, 45, 30], [15, 45, 30], [15, 45, 30], [15, 45, 30], [21, 24, 45], [45, 15, 30], [45, 15, 30], [45, 15, 30], [45, 15, 30], [45, 15, 30], [45, 15, 30], [22, 37, 31], [44, 16, 30], [29, 45, 16], [29, 45, 16], [29, 45, 16], [29, 45, 16], [29, 45, 16], [29, 45, 16], [29, 45, 16], [29, 45, 16], [15, 30, 45], [15, 30, 45], [15, 30, 45], [15, 30, 45], [15, 30, 45], [15, 30, 45], [15, 30, 45], [27, 27, 36], [27, 27, 36], [27, 27, 36], [27, 27, 36], [27, 27, 36], [27, 27, 36], [27, 27, 36], [27, 27, 36], [27, 27, 36], [27, 27, 36], [27, 27, 36], [27, 45, 18], [27, 45, 18], [27, 45, 18], [27, 45, 18], [27, 45, 18], [27, 45, 18], [27, 45, 18], [27, 45, 18], [27, 45, 18], [27, 45, 18], [27, 45, 18], [27, 45, 18], [18, 34, 38], [18, 34, 38], [18, 34, 38], [18, 34, 38], [18, 34, 38], [18, 34, 38], [18, 34, 38], [18, 34, 38], [18, 34, 38], [18, 34, 38], [18, 34, 38], [18, 34, 38], [18, 34, 38], [18, 34, 38], [18, 34, 38], [18, 34, 38], [18, 34, 38], [18, 34, 38], [18, 34, 38], [18, 34, 38], [18, 34, 38], [18, 34, 38], [18, 34, 38], [18, 34, 38], [18, 34, 38], [18, 34, 38], [18, 34, 38], [18, 34, 38], [18, 34, 38], [18, 34, 38], [18, 34, 38], [18, 34, 38], [18, 34, 38], [26, 45, 19], [26, 45, 19], [26, 45, 19], [16, 30, 44], [16, 30, 44], [16, 30, 44], [16, 30, 44], [16, 30, 44], [16, 30, 44], [16, 30, 44], [16, 30, 44], [16, 30, 44], [29, 33, 28], [29, 33, 28], [29, 33, 28], [29, 33, 28], [29, 33, 28], [29, 33, 28], [29, 33, 28], [29, 33, 28], [29, 33, 28], [29, 33, 28], [29, 33, 28], [29, 33, 28], [20, 35, 35], [20, 35, 35], [20, 35, 35], [20, 35, 35], [20, 35, 35], [20, 35, 35], [20, 35, 35], [20, 35, 35], [20, 35, 35], [20, 35, 35], [15, 45, 30], [15, 45, 30], [15, 45, 30], [15, 45, 30], [15, 45, 30], [15, 45, 30], [15, 45, 30], [15, 45, 30], [42, 28, 20], [42, 28, 20], [42, 28, 20], [42, 28, 20], [42, 28, 20], [42, 28, 20], [42, 28, 20], [42, 28, 20], [42, 28, 20], [42, 28, 20], [42, 28, 20], [42, 28, 20], [42, 28, 20], [42, 28, 20], [34, 18, 38], [30, 45, 15], [30, 45, 15], [30, 45, 15], [30, 45, 15], [30, 45, 15], [30, 45, 15], [30, 45, 15], [30, 45, 15], [30, 45, 15], [30, 45, 15], [30, 45, 15], [30, 45, 15], [30, 45, 15], [30, 45, 15], [15, 45, 30], [15, 45, 30], [15, 45, 30], [15, 45, 30], [15, 45, 30], [15, 45, 30], [15, 45, 30], [15, 45, 30], [15, 45, 30], [15, 45, 30], [15, 45, 30], [15, 45, 30], [42, 29, 19], [42, 29, 19], [42, 29, 19], [16, 31, 43], [16, 31, 43], [16, 31, 43], [16, 31, 43], [16, 31, 43], [16, 31, 43], [16, 31, 43], [16, 31, 43], [16, 31, 43], [16, 31, 43], [16, 31, 43], [16, 31, 43], [16, 31, 43], [16, 31, 43], [16, 31, 43], [16, 31, 43], [17, 42, 31], [40, 21, 29], [40, 21, 29], [40, 21, 29], [40, 21, 29], [40, 21, 29], [40, 21, 29], [40, 21, 29], [40, 21, 29], [40, 21, 29], [40, 21, 29], [40, 21, 29], [40, 21, 29], [40, 21, 29], [40, 21, 29], [40, 21, 29], [15, 30, 45], [15, 30, 45], [15, 30, 45], [15, 30, 45], [15, 30, 45], [15, 30, 45], [15, 30, 45], [38, 37, 15], [38, 37, 15], [38, 37, 15], [38, 37, 15], [38, 37, 15], [38, 37, 15], [38, 37, 15], [38, 37, 15], [38, 37, 15], [38, 37, 15], [38, 37, 15], [38, 37, 15], [37, 38, 15], [37, 38, 15], [37, 38, 15], [37, 38, 15], [37, 38, 15], [37, 38, 15], [37, 38, 15], [37, 38, 15], [37, 38, 15], [37, 38, 15], [37, 38, 15], [37, 38, 15], [37, 38, 15], [37, 38, 15], [34, 41, 15], [34, 41, 15], [34, 41, 15], [34, 41, 15], [34, 41, 15], [34, 41, 15], [34, 41, 15], [34, 41, 15], [34, 41, 15], [34, 41, 15], [34, 41, 15], [34, 41, 15], [34, 41, 15], [34, 41, 15], [34, 41, 15], [34, 41, 15], [34, 41, 15], [34, 41, 15], [34, 41, 15], [34, 41, 15], [34, 41, 15], [34, 41, 15], [34, 41, 15], [30, 45, 15], [30, 45, 15], [30, 45, 15], [33, 42, 15], [33, 42, 15], [33, 42, 15], [33, 42, 15], [33, 42, 15], [33, 42, 15], [33, 42, 15], [33, 26, 31], [33, 26, 31], [33, 26, 31], [33, 26, 31], [33, 26, 31], [33, 26, 31], [33, 26, 31], [33, 26, 31], [33, 26, 31], [36, 39, 15], [36, 39, 15], [36, 39, 15], [36, 39, 15], [36, 39, 15], [36, 39, 15], [30, 45, 15], [30, 45, 15], [30, 45, 15], [30, 45, 15], [30, 45, 15], [30, 45, 15], [30, 45, 15], [44, 31, 15], [44, 31, 15], [44, 31, 15], [44, 31, 15], [44, 31, 15], [44, 31, 15], [44, 31, 15], [44, 31, 15], [44, 31, 15], [44, 31, 15], [44, 31, 15], [44, 31, 15], [42, 27, 21], [41, 34, 15], [41, 34, 15], [41, 34, 15], [41, 34, 15], [41, 34, 15], [41, 34, 15], [41, 34, 15], [41, 34, 15], [41, 34, 15], [41, 34, 15], [41, 34, 15], [41, 34, 15], [41, 34, 15], [30, 45, 15], [30, 45, 15], [30, 45, 15], [30, 45, 15], [30, 45, 15], [30, 45, 15], [30, 45, 15], [30, 45, 15], [30, 45, 15], [30, 45, 15], [30, 45, 15], [30, 45, 15], [30, 45, 15], [30, 45, 15], [30, 45, 15], [30, 45, 15], [30, 45, 15], [30, 45, 15], [30, 45, 15], [38, 37, 15], [38, 37, 15], [38, 37, 15], [38, 37, 15], [38, 37, 15], [38, 37, 15], [38, 37, 15], [38, 37, 15], [38, 37, 15], [45, 24, 21], [45, 27, 18], [45, 27, 18], [45, 27, 18], [45, 27, 18], [45, 27, 18], [45, 27, 18], [45, 27, 18], [45, 27, 18], [45, 27, 18], [45, 27, 18], [45, 15, 30], [45, 15, 30], [45, 15, 30], [45, 15, 30], [45, 15, 30], [45, 15, 30], [18, 39, 33], [15, 45, 30], [15, 45, 30], [15, 45, 30], [15, 45, 30], [15, 45, 30], [15, 45, 30], [15, 45, 30], [15, 45, 30], [45, 25, 20], [45, 25, 20], [45, 25, 20], [45, 25, 20], [45, 25, 20], [45, 25, 20], [45, 25, 20], [45, 25, 20], [15, 45, 30], [15, 45, 30], [15, 45, 30], [15, 45, 30], [15, 45, 30], [15, 45, 30], [28, 31, 31], [21, 45, 24], [21, 45, 24], [21, 45, 24], [21, 45, 24], [21, 45, 24], [21, 24, 45], [21, 45, 24], [21, 45, 24], [21, 45, 24], [21, 45, 24], [21, 45, 24], [21, 45, 24], [20, 35, 35], [15, 45, 30], [15, 45, 30], [15, 45, 30], [15, 45, 30], [15, 45, 30], [15, 45, 30], [15, 45, 30], [15, 45, 30], [15, 45, 30], [15, 45, 30], [45, 23, 22], [45, 23, 22], [45, 23, 22], [37, 37, 16], [37, 37, 16], [37, 37, 16], [37, 37, 16], [15, 45, 30], [15, 45, 30], [15, 45, 30], [15, 45, 30], [15, 45, 30], [15, 45, 30], [15, 45, 30], [15, 45, 30], [15, 45, 30], [15, 45, 30], [15, 45, 30], [15, 45, 30], [15, 45, 30], [15, 45, 30], [30, 45, 15], [30, 45, 15], [30, 45, 15], [19, 26, 45], [45, 15, 30], [45, 15, 30], [45, 15, 30], [45, 15, 30], [45, 15, 30], [45, 15, 30], [15, 38, 37], [15, 45, 30], [15, 45, 30], [15, 45, 30], [15, 45, 30], [15, 45, 30], [15, 45, 30], [45, 23, 22], [45, 23, 22], [45, 23, 22], [15, 44, 31], [15, 45, 30], [15, 45, 30], [15, 45, 30], [15, 45, 30], [15, 45, 30], [15, 45, 30], [20, 45, 25], [20, 45, 25], [20, 45, 25], [20, 45, 25], [45, 30, 15], [45, 30, 15], [45, 30, 15], [30, 45, 15], [30, 45, 15], [30, 45, 15], [30, 45, 15], [30, 45, 15], [30, 45, 15], [30, 45, 15], [30, 15, 45], [15, 45, 30], [15, 45, 30], [15, 45, 30], [15, 45, 30], [37, 37, 16], [45, 30, 15], [45, 30, 15], [45, 30, 15], [45, 30, 15], [45, 30, 15], [45, 30, 15], [45, 30, 15], [45, 30, 15], [45, 30, 15], [45, 30, 15], [45, 30, 15], [15, 45, 30], [15, 45, 30], [15, 45, 30], [15, 45, 30], [45, 30, 15], [45, 30, 15], [45, 30, 15], [45, 30, 15], [25, 25, 40], [45, 15, 30], [45, 15, 30], [45, 15, 30], [45, 15, 30], [45, 15, 30], [45, 15, 30], [15, 45, 30], [15, 45, 30], [15, 45, 30], [15, 45, 30], [15, 45, 30], [15, 45, 30], [15, 30, 45], [45, 30, 15], [45, 30, 15], [45, 30, 15], [30, 15, 45], [27, 25, 38], [17, 45, 28], [17, 45, 28], [17, 45, 28], [17, 45, 28], [17, 45, 28], [17, 45, 28], [17, 45, 28], [17, 45, 28], [17, 45, 28], [17, 45, 28], [15, 30, 45], [15, 30, 45], [15, 30, 45], [15, 30, 45], [15, 30, 45], [15, 30, 45], [15, 30, 45], [38, 37, 15], [38, 37, 15], [38, 37, 15], [38, 37, 15], [38, 37, 15], [38, 37, 15], [38, 37, 15], [38, 37, 15], [38, 37, 15], [38, 37, 15], [38, 37, 15], [38, 37, 15], [33, 42, 15], [33, 42, 15], [33, 42, 15], [33, 42, 15], [33, 42, 15], [33, 42, 15], [33, 42, 15], [33, 42, 15], [33, 42, 15], [33, 42, 15], [33, 42, 15], [33, 42, 15], [33, 42, 15], [33, 42, 15], [34, 41, 15], [34, 41, 15], [34, 41, 15], [34, 41, 15], [34, 41, 15], [34, 41, 15], [34, 41, 15], [34, 41, 15], [34, 41, 15], [34, 41, 15], [34, 41, 15], [34, 41, 15], [34, 41, 15], [34, 41, 15], [34, 41, 15], [34, 41, 15], [34, 41, 15], [34, 41, 15], [34, 41, 15], [34, 41, 15], [34, 41, 15], [34, 41, 15], [34, 41, 15], [34, 41, 15], [30, 45, 15], [30, 45, 15], [30, 45, 15], [30, 45, 15], [24, 40, 26], [24, 40, 26], [24, 40, 26], [24, 40, 26], [24, 40, 26], [24, 40, 26], [24, 40, 26], [24, 40, 26], [44, 25, 21], [44, 25, 21], [44, 25, 21], [44, 25, 21], [44, 25, 21], [44, 25, 21], [44, 25, 21], [44, 25, 21], [44, 25, 21], [44, 25, 21], [44, 25, 21], [44, 25, 21], [29, 43, 18], [29, 43, 18], [29, 43, 18], [29, 43, 18], [29, 43, 18], [29, 43, 18], [29, 43, 18], [24, 45, 21], [24, 45, 21], [24, 45, 21], [24, 45, 21], [24, 45, 21], [24, 45, 21], [24, 45, 21], [24, 45, 21], [42, 33, 15], [42, 33, 15], [42, 33, 15], [42, 33, 15], [42, 33, 15], [42, 33, 15], [42, 33, 15], [42, 33, 15], [42, 33, 15], [42, 33, 15], [42, 33, 15], [42, 33, 15], [42, 33, 15], [41, 18, 31], [30, 45, 15], [30, 45, 15], [30, 45, 15], [30, 45, 15], [30, 45, 15], [30, 45, 15], [30, 45, 15], [30, 45, 15], [30, 45, 15], [30, 45, 15], [30, 45, 15], [30, 45, 15], [30, 45, 15], [30, 45, 15], [30, 45, 15], [30, 45, 15], [30, 45, 15], [30, 45, 15], [30, 45, 15], [30, 45, 15], [30, 45, 15], [30, 45, 15], [30, 45, 15], [30, 45, 15], [30, 45, 15], [30, 45, 15], [30, 45, 15], [31, 44, 15], [31, 44, 15], [31, 44, 15], [31, 44, 15], [31, 44, 15], [31, 44, 15], [31, 44, 15], [31, 44, 15], [31, 44, 15], [31, 44, 15], [39, 15, 36], [38, 37, 15], [38, 37, 15], [38, 37, 15], [38, 37, 15], [38, 37, 15], [38, 37, 15], [38, 37, 15], [38, 37, 15], [38, 37, 15], [38, 37, 15], [38, 37, 15], [45, 15, 30], [45, 15, 30], [45, 15, 30], [45, 15, 30], [45, 15, 30], [45, 15, 30], [33, 42, 15], [30, 45, 15], [30, 45, 15], [45, 30, 15], [30, 45, 15], [30, 45, 15], [30, 45, 15], [30, 45, 15], [30, 45, 15], [30, 45, 15], [42, 33, 15], [30, 45, 15], [30, 45, 15], [30, 45, 15], [30, 45, 15], [27, 18, 45], [30, 45, 15], [30, 45, 15], [30, 45, 15], [30, 45, 15], [30, 45, 15], [30, 45, 15], [30, 45, 15], [30, 45, 15], [30, 45, 15], [32, 38, 20], [29, 45, 16], [29, 45, 16], [29, 45, 16], [29, 45, 16], [29, 45, 16], [29, 45, 16], [29, 45, 16], [45, 30, 15], [45, 30, 15], [45, 30, 15], [45, 30, 15], [45, 30, 15], [45, 30, 15], [29, 45, 16], [29, 45, 16], [29, 45, 16], [29, 45, 16], [29, 45, 16], [29, 45, 16], [29, 45, 16], [29, 45, 16], [29, 45, 16], [29, 45, 16], [29, 45, 16], [29, 45, 16], [29, 45, 16], [29, 45, 16], [30, 45, 15], [30, 45, 15], [30, 45, 15], [30, 45, 15], [30, 45, 15], [30, 45, 15], [30, 45, 15], [30, 45, 15], [30, 45, 15], [45, 30, 15], [45, 23, 22], [30, 45, 15], [30, 45, 15], [30, 45, 15], [30, 45, 15], [30, 45, 15], [45, 23, 22], [45, 23, 22], [45, 23, 22], [24, 45, 21], [24, 45, 21], [24, 45, 21], [24, 45, 21], [24, 45, 21], [24, 45, 21], [30, 45, 15], [30, 45, 15], [30, 45, 15], [30, 45, 15], [45, 30, 15], [45, 30, 15], [30, 45, 15], [30, 45, 15], [30, 45, 15], [30, 45, 15], [30, 45, 15], [45, 27, 18], [38, 37, 15], [30, 45, 15], [30, 45, 15], [30, 45, 15], [30, 45, 15], [20, 45, 25], [25, 45, 20], [45, 30, 15], [45, 30, 15], [45, 30, 15], [45, 30, 15], [45, 30, 15], [45, 30, 15], [45, 30, 15], [30, 45, 15], [30, 45, 15], [30, 45, 15], [45, 30, 15], [45, 30, 15], [45, 30, 15], [45, 30, 15], [45, 30, 15], [45, 30, 15], [35, 40, 15], [45, 30, 15], [20, 25, 45], [20, 25, 45], [27, 45, 18], [27, 45, 18], [27, 45, 18], [27, 45, 18], [27, 45, 18], [27, 45, 18], [20, 25, 45], [45, 29, 16], [45, 29, 16], [45, 29, 16], [45, 29, 16], [35, 38, 17], [45, 28, 17], [30, 45, 15], [30, 45, 15], [30, 45, 15], [30, 45, 15], [30, 45, 15], [30, 45, 15], [30, 45, 15], [30, 45, 15], [30, 45, 15], [30, 45, 15], [30, 45, 15], [30, 45, 15], [30, 45, 15]]
t.get('trafficImbalanceFrequency')= 20
t.get('trafficImbalanceFactor')= 0                        
WeightedTimeLoss= 35.05276084156291
WeightedDuration= 84.99963503649636
WeatherVariance= 100.0
WeatherVariationFactor= 1.0                        
timeLossMap= {'-E1_0': None, '-E1_1': '419.49', '-E1_2': '435.88', '-E2_0': None, '-E2_1': '274.11', '-E2_2': '583.99', '-E3_0': None, '-E3_1': '417.22', '-E3_2': '426.98', '-E4_0': None, '-E4_1': '267.52', '-E4_2': '512.70', 'E1_0': None, 'E1_1': '12057.89', 'E1_2': '14407.49', 'E2_0': None, 'E2_1': '10901.13', 'E2_2': '12811.61', 'E3_0': None, 'E3_1': '11284.75', 'E3_2': '13374.31', 'E4_0': None, 'E4_1': '11510.79', 'E4_2': '14287.52'}
waitingTimeMap= {'-E1_0': None, '-E1_1': '0.00', '-E1_2': '0.00', '-E2_0': None, '-E2_1': '0.00', '-E2_2': '0.00', '-E3_0': None, '-E3_1': '0.00', '-E3_2': '0.00', '-E4_0': None, '-E4_1': '0.00', '-E4_2': '0.00', 'E1_0': None, 'E1_1': '9530.00', 'E1_2': '10677.00', 'E2_0': None, 'E2_1': '7653.00', 'E2_2': '9782.00', 'E3_0': None, 'E3_1': '8153.00', 'E3_2': '10155.00', 'E4_0': None, 'E4_1': '8139.00', 'E4_2': '10878.00'}
floodedWaitingTimeMap= {'E1_1': '9530.00', 'E1_2': '10677.00', 'E3_2': '10155.00'}
totalWaitingTime= 74967.0
totalFloodedWaitingTime= 30362.0
adjustedFloodedWaitingTime= 0.4050048688089426                        
floodedTimeLossMap= {'E1_1': '12057.89', 'E1_2': '14407.49', 'E3_2': '13374.31'}
totalTimeLoss= 103973.38
totalFloodedTimeLoss= 39839.69
adjustedFloodedTimeLoss= 0.38317201960732644                        
CO2EmissionAvg= 121435.46191224111
fuelUseAvg= 39362.76489914872
EmrgWaitingTimeAvg= 20.055555555555557
EmrgTimeLossAvg= 29.31138888888889
EmrgDurationAvg= 50.916666666666664