***Starting server on port 53954 ***
Loading net-file from 'sumo_simulation/sumo_elements/test.net.xml' ... done (5ms).
Loading additional-files from 'sumo_simulation/sumo_elements/test.add.xml' ... done (34ms).
Warning: Unused states in tlLogic 'J4', program '0' in phase 0 after tl-index 15
Warning: Missing yellow phase in tlLogic 'J4', program '0' for tl-index 1 when switching to phase 1.
Warning: Missing yellow phase in tlLogic 'J4', program '0' for tl-index 4 when switching to phase 4.
Warning: Missing green phase in tlLogic 'J4', program '0' for tl-index 16.
Loading route-files incrementally from 'sumo_simulation/sumo_elements/test.rou.xml'
Loading done.
Simulation version 1.23.1 started with time: 0.00.
Simulation ended at time: 10185.00.
Reason: TraCI requested termination.
Performance:
 Duration: 45.08s
 TraCI-Duration: 39.37s
 Real time factor: 225.942
 UPS: 3935.578331
 UPS-Persons: 5196.991881
Vehicles:
 Inserted: 3140
 Running: 0
 Waiting: 0
Persons:
 Inserted: 1518
 Running: 0
Statistics (avg of 3140):
 RouteLength: 189.93
 Speed: 4.71
 Duration: 56.50
 WaitingTime: 27.11
 TimeLoss: 37.12
 DepartDelay: 0.26
Pedestrian Statistics (avg of 1518 walks):
 RouteLength: 155.69
 Duration: 154.33
 TimeLoss: 41.30
DijkstraRouter answered 47162 queries and explored 23.65 edges on average.
DijkstraRouter spent 0.24s answering queries (0.01ms on average).
DijkstraRouter answered 1518 queries and explored 32.00 edges on average.
DijkstraRouter spent 0.01s answering queries (0.01ms on average).

-----------------------------------------------------------
**** Adding simulation info from Sumo Controller ****
RunAdaptation= 1
MinimumTime= 15
MaximumTime= 45
CurrentTemperature= 10
MaxTemperature= 30
MinTemperature= 10
EmergencyVehiclePriorization= 1
FloodingPriorization= 1
WeatherPriorization= 0                        
personPerCarFactor= 1.54
MaximumVehicleSpeed= 16.67
floodedVehicleSpeed= 4.17
floodedLanes= ['E1_2', 'E1_1', 'E3_2']
defaultVehicleFlowProbability= 0.04
emrgVehicleFlowProbability= 0.001
pedestrianFlowProbability= 0.04                        
adaptationInterval= 600
numberOfPhases= 3
fixedPhaseTime= 30
waitingTime= 5
cicleFullTime= 105
edges= ['E1', 'E2', 'E3', 'E4']
crosswalk= [':J4_c0', ':J4_c1', ':J4_c2', ':J4_c3']
entrySensors= ['e2_r1_in_1', 'e2_r1_in_2', 'e2_r2_in_1', 'e2_r2_in_2', 'e2_r3_in_1', 'e2_r3_in_2', 'e2_r4_in_1', 'e2_r4_in_2']
exitSensors= ['e2_r1_out_1', 'e2_r1_out_2', 'e2_r2_out_1', 'e2_r2_out_2', 'e2_r3_out_1', 'e2_r3_out_2', 'e2_r4_out_1', 'e2_r4_out_2']
entrySensorsPerPhase= [['e2_r4_in_2', 'e2_r2_in_2'], ['e2_r1_in_2', 'e2_r3_in_2'], ['e2_r1_in_1', 'e2_r2_in_1', 'e2_r3_in_1', 'e2_r4_in_1']]
exitSensorsPerPhase= [['e2_r4_out_1', 'e2_r2_out_2'], ['e2_r1_out_2', 'e2_r3_out_2'], ['e2_r1_out_1', 'e2_r2_out_1'], ['e2_r3_out_1', 'e2_r4_out_2']]                        
lanePerPhase= [['E2_2', 'E4_2'], ['E1_2', 'E3_2'], ['E1_1', 'E2_1', 'E3_1', 'E4_1']]
crosswalkPerPhase= [[':J4_c1', ':J4_c3'], [':J4_c0', ':J4_c2'], []]
PeopleEdgePerPhase= [['E2', 'E4'], ['E1', 'E3'], []]
trafficLightTimes= [[15, 30, 45], [15, 30, 45], [15, 30, 45], [15, 30, 45], [15, 30, 45], [15, 30, 45], [15, 30, 45], [29, 28, 33], [29, 28, 33], [29, 28, 33], [29, 28, 33], [29, 28, 33], [29, 28, 33], [29, 28, 33], [29, 28, 33], [29, 28, 33], [29, 28, 33], [29, 28, 33], [25, 45, 20], [25, 45, 20], [25, 45, 20], [25, 45, 20], [25, 45, 20], [25, 45, 20], [25, 45, 20], [25, 45, 20], [25, 45, 20], [25, 45, 20], [25, 45, 20], [25, 45, 20], [24, 31, 35], [24, 31, 35], [24, 31, 35], [24, 31, 35], [24, 31, 35], [24, 31, 35], [24, 31, 35], [24, 31, 35], [24, 31, 35], [24, 31, 35], [24, 31, 35], [24, 31, 35], [24, 31, 35], [24, 31, 35], [24, 31, 35], [24, 31, 35], [24, 31, 35], [24, 31, 35], [24, 31, 35], [24, 31, 35], [24, 31, 35], [24, 31, 35], [24, 31, 35], [24, 31, 35], [24, 31, 35], [24, 31, 35], [24, 31, 35], [24, 31, 35], [27, 45, 18], [27, 45, 18], [27, 45, 18], [24, 28, 38], [24, 28, 38], [24, 28, 38], [24, 28, 38], [24, 28, 38], [24, 28, 38], [24, 28, 38], [24, 28, 38], [24, 28, 38], [33, 21, 36], [33, 21, 36], [33, 21, 36], [33, 21, 36], [33, 21, 36], [33, 21, 36], [33, 21, 36], [33, 21, 36], [33, 21, 36], [33, 21, 36], [33, 21, 36], [23, 29, 38], [23, 29, 38], [23, 29, 38], [23, 29, 38], [23, 29, 38], [23, 29, 38], [23, 29, 38], [23, 29, 38], [15, 45, 30], [15, 45, 30], [15, 45, 30], [15, 45, 30], [15, 45, 30], [15, 45, 30], [15, 45, 30], [33, 23, 34], [33, 23, 34], [33, 23, 34], [33, 23, 34], [33, 23, 34], [33, 23, 34], [33, 23, 34], [33, 23, 34], [33, 23, 34], [33, 23, 34], [33, 23, 34], [33, 23, 34], [33, 23, 34], [33, 15, 42], [24, 45, 21], [24, 45, 21], [24, 45, 21], [24, 45, 21], [24, 45, 21], [24, 45, 21], [24, 45, 21], [24, 45, 21], [24, 45, 21], [24, 45, 21], [24, 45, 21], [24, 45, 21], [24, 45, 21], [24, 45, 21], [24, 45, 21], [24, 45, 21], [15, 45, 30], [15, 45, 30], [15, 45, 30], [15, 45, 30], [15, 45, 30], [15, 45, 30], [15, 45, 30], [15, 45, 30], [15, 45, 30], [15, 45, 30], [15, 45, 30], [15, 45, 30], [15, 45, 30], [15, 45, 30], [15, 45, 30], [15, 45, 30], [15, 45, 30], [15, 45, 30], [15, 45, 30], [15, 45, 30], [15, 45, 30], [15, 45, 30], [15, 45, 30], [15, 45, 30], [32, 32, 26], [32, 32, 26], [32, 32, 26], [32, 30, 28], [32, 30, 28], [32, 30, 28], [32, 30, 28], [32, 30, 28], [32, 30, 28], [32, 30, 28], [32, 30, 28], [36, 15, 39], [27, 25, 38], [27, 25, 38], [27, 25, 38], [27, 25, 38], [27, 25, 38], [27, 25, 38], [27, 25, 38], [27, 25, 38], [27, 25, 38], [27, 25, 38], [27, 25, 38], [27, 25, 38], [45, 15, 30], [45, 15, 30], [45, 15, 30], [45, 15, 30], [45, 15, 30], [45, 15, 30], [23, 33, 34], [17, 45, 28], [17, 45, 28], [17, 45, 28], [17, 45, 28], [17, 45, 28], [17, 45, 28], [17, 45, 28], [17, 45, 28], [45, 22, 23], [45, 22, 23], [45, 22, 23], [45, 22, 23], [45, 22, 23], [45, 22, 23], [45, 22, 23], [45, 22, 23], [17, 45, 28], [17, 45, 28], [17, 45, 28], [17, 45, 28], [17, 45, 28], [17, 45, 28], [31, 31, 28], [24, 45, 21], [24, 45, 21], [24, 45, 21], [24, 45, 21], [24, 45, 21], [23, 22, 45], [24, 45, 21], [24, 45, 21], [24, 45, 21], [24, 45, 21], [24, 45, 21], [24, 45, 21], [26, 29, 35], [18, 45, 27], [18, 45, 27], [18, 45, 27], [18, 45, 27], [18, 45, 27], [18, 45, 27], [18, 45, 27], [18, 45, 27], [18, 45, 27], [18, 45, 27], [45, 19, 26], [45, 19, 26], [45, 19, 26], [37, 37, 16], [37, 37, 16], [37, 37, 16], [37, 37, 16], [18, 45, 27], [18, 45, 27], [18, 45, 27], [18, 45, 27], [18, 45, 27], [18, 45, 27], [18, 45, 27], [18, 45, 27], [18, 45, 27], [18, 45, 27], [18, 45, 27], [18, 45, 27], [18, 45, 27], [18, 45, 27], [30, 45, 15], [30, 45, 15], [30, 45, 15], [31, 22, 37], [45, 15, 30], [45, 15, 30], [45, 15, 30], [45, 15, 30], [45, 15, 30], [15, 33, 42], [15, 45, 30], [15, 45, 30], [15, 45, 30], [15, 45, 30], [15, 45, 30], [45, 18, 27], [45, 18, 27], [45, 18, 27], [45, 18, 27], [45, 18, 27], [45, 29, 16], [45, 29, 16], [25, 45, 20], [25, 45, 20], [25, 45, 20], [25, 45, 20], [15, 43, 32], [15, 45, 30], [15, 45, 30], [15, 45, 30], [15, 45, 30], [15, 45, 30], [15, 45, 30], [15, 45, 30], [45, 23, 22], [45, 23, 22], [45, 23, 22], [45, 23, 22], [45, 23, 22], [45, 23, 22], [45, 23, 22], [45, 23, 22], [30, 45, 15], [30, 45, 15], [30, 45, 15], [30, 45, 15], [30, 45, 15], [30, 45, 15], [37, 18, 35], [17, 43, 30], [16, 45, 29], [16, 45, 29], [16, 45, 29], [16, 45, 29], [16, 37, 37], [45, 29, 16], [45, 29, 16], [45, 29, 16], [45, 29, 16], [45, 29, 16], [45, 29, 16], [45, 29, 16], [17, 45, 28], [17, 45, 28], [17, 45, 28], [45, 30, 15], [45, 30, 15], [45, 30, 15], [45, 30, 15], [45, 30, 15], [45, 30, 15], [45, 30, 15], [25, 32, 33], [45, 22, 23], [19, 26, 45], [21, 24, 45], [15, 45, 30], [15, 45, 30], [15, 45, 30], [15, 45, 30], [15, 45, 30], [15, 45, 30], [15, 45, 30], [21, 24, 45], [45, 15, 30], [45, 15, 30], [45, 15, 30], [45, 15, 30], [45, 15, 30], [45, 15, 30], [22, 37, 31], [44, 16, 30], [29, 45, 16], [29, 45, 16], [29, 45, 16], [29, 45, 16], [29, 45, 16], [29, 45, 16], [29, 45, 16], [29, 45, 16], [15, 30, 45], [15, 30, 45], [15, 30, 45], [15, 30, 45], [15, 30, 45], [15, 30, 45], [15, 30, 45], [27, 27, 36], [27, 27, 36], [27, 27, 36], [27, 27, 36], [27, 27, 36], [27, 27, 36], [27, 27, 36], [27, 27, 36], [27, 27, 36], [27, 27, 36], [27, 27, 36], [27, 45, 18], [27, 45, 18], [27, 45, 18], [27, 45, 18], [27, 45, 18], [27, 45, 18], [27, 45, 18], [27, 45, 18], [27, 45, 18], [27, 45, 18], [27, 45, 18], [27, 45, 18], [18, 34, 38], [18, 34, 38], [18, 34, 38], [18, 34, 38], [18, 34, 38], [18, 34, 38], [18, 34, 38], [18, 34, 38], [18, 34, 38], [18, 34, 38], [18, 34, 38], [18, 34, 38], [18, 34, 38], [18, 34, 38], [18, 34, 38], [18, 34, 38], [18, 34, 38], [18, 34, 38], [18, 34, 38], [18, 34, 38], [18, 34, 38], [18, 34, 38], [18, 34, 38], [18, 34, 38], [18, 34, 38], [18, 34, 38], [18, 34, 38], [18, 34, 38], [18, 34, 38], [18, 34, 38], [18, 34, 38], [18, 34, 38], [18, 34, 38], [26, 45, 19], [26, 45, 19], [26, 45, 19], [16, 30, 44], [16, 30, 44], [16, 30, 44], [16, 30, 44], [16, 30, 44], [16, 30, 44], [16, 30, 44], [16, 30, 44], [16, 30, 44], [29, 33, 28], [29, 33, 28], [29, 33, 28], [29, 33, 28], [29, 33, 28], [29, 33, 28], [29, 33, 28], [29, 33, 28], [29, 33, 28], [29, 33, 28], [29, 33, 28], [29, 33, 28], [20, 35, 35], [20, 35, 35], [20, 35, 35], [20, 35, 35], [20, 35, 35], [20, 35, 35], [20, 35, 35], [20, 35, 35], [20, 35, 35], [20, 35, 35], [15, 45, 30], [15, 45, 30], [15, 45, 30], [15, 45, 30], [15, 45, 30], [15, 45, 30], [15, 45, 30], [15, 45, 30], [42, 28, 20], [42, 28, 20], [42, 28, 20], [42, 28, 20], [42, 28, 20], [42, 28, 20], [42, 28, 20], [42, 28, 20], [42, 28, 20], [42, 28, 20], [42, 28, 20], [42, 28, 20], [42, 28, 20], [42, 28, 20], [34, 18, 38], [30, 45, 15], [30, 45, 15], [30, 45, 15], [30, 45, 15], [30, 45, 15], [30, 45, 15], [30, 45, 15], [30, 45, 15], [30, 45, 15], [30, 45, 15], [30, 45, 15], [30, 45, 15], [30, 45, 15], [30, 45, 15], [15, 45, 30], [15, 45, 30], [15, 45, 30], [15, 45, 30], [15, 45, 30], [15, 45, 30], [15, 45, 30], [15, 45, 30], [15, 45, 30], [15, 45, 30], [15, 45, 30], [15, 45, 30], [42, 29, 19], [42, 29, 19], [42, 29, 19], [16, 31, 43], [16, 31, 43], [16, 31, 43], [16, 31, 43], [16, 31, 43], [16, 31, 43], [16, 31, 43], [16, 31, 43], [16, 31, 43], [16, 31, 43], [16, 31, 43], [16, 31, 43], [16, 31, 43], [16, 31, 43], [16, 31, 43], [16, 31, 43], [17, 42, 31], [40, 21, 29], [40, 21, 29], [40, 21, 29], [40, 21, 29], [40, 21, 29], [40, 21, 29], [40, 21, 29], [40, 21, 29], [40, 21, 29], [40, 21, 29], [40, 21, 29], [40, 21, 29], [40, 21, 29], [40, 21, 29], [40, 21, 29], [15, 30, 45], [15, 30, 45], [15, 30, 45], [15, 30, 45], [15, 30, 45], [15, 30, 45], [15, 30, 45], [38, 37, 15], [38, 37, 15], [38, 37, 15], [38, 37, 15], [38, 37, 15], [38, 37, 15], [38, 37, 15], [38, 37, 15], [38, 37, 15], [38, 37, 15], [38, 37, 15], [38, 37, 15], [37, 38, 15], [37, 38, 15], [37, 38, 15], [37, 38, 15], [37, 38, 15], [37, 38, 15], [37, 38, 15], [37, 38, 15], [37, 38, 15], [37, 38, 15], [37, 38, 15], [37, 38, 15], [37, 38, 15], [37, 38, 15], [34, 41, 15], [34, 41, 15], [34, 41, 15], [34, 41, 15], [34, 41, 15], [34, 41, 15], [34, 41, 15], [34, 41, 15], [34, 41, 15], [34, 41, 15], [34, 41, 15], [34, 41, 15], [34, 41, 15], [34, 41, 15], [34, 41, 15], [34, 41, 15], [34, 41, 15], [34, 41, 15], [34, 41, 15], [34, 41, 15], [34, 41, 15], [34, 41, 15], [34, 41, 15], [30, 45, 15], [30, 45, 15], [30, 45, 15], [33, 42, 15], [33, 42, 15], [33, 42, 15], [33, 42, 15], [33, 42, 15], [33, 42, 15], [33, 42, 15], [33, 26, 31], [33, 26, 31], [33, 26, 31], [33, 26, 31], [33, 26, 31], [33, 26, 31], [33, 26, 31], [33, 26, 31], [33, 26, 31], [36, 39, 15], [36, 39, 15], [36, 39, 15], [36, 39, 15], [36, 39, 15], [36, 39, 15], [30, 45, 15], [30, 45, 15], [30, 45, 15], [30, 45, 15], [30, 45, 15], [30, 45, 15], [30, 45, 15], [44, 31, 15], [44, 31, 15], [44, 31, 15], [44, 31, 15], [44, 31, 15], [44, 31, 15], [44, 31, 15], [44, 31, 15], [44, 31, 15], [44, 31, 15], [44, 31, 15], [44, 31, 15], [42, 27, 21], [41, 34, 15], [41, 34, 15], [41, 34, 15], [41, 34, 15], [41, 34, 15], [41, 34, 15], [41, 34, 15], [41, 34, 15], [41, 34, 15], [41, 34, 15], [41, 34, 15], [41, 34, 15], [41, 34, 15], [30, 45, 15], [30, 45, 15], [30, 45, 15], [30, 45, 15], [30, 45, 15], [30, 45, 15], [30, 45, 15], [30, 45, 15], [30, 45, 15], [30, 45, 15], [30, 45, 15], [30, 45, 15], [30, 45, 15], [30, 45, 15], [30, 45, 15], [30, 45, 15], [30, 45, 15], [30, 45, 15], [30, 45, 15], [38, 37, 15], [38, 37, 15], [38, 37, 15], [38, 37, 15], [38, 37, 15], [38, 37, 15], [38, 37, 15], [38, 37, 15], [38, 37, 15], [45, 24, 21], [45, 27, 18], [45, 27, 18], [45, 27, 18], [45, 27, 18], [45, 27, 18], [45, 27, 18], [45, 27, 18], [45, 27, 18], [45, 27, 18], [45, 27, 18], [45, 15, 30], [45, 15, 30], [45, 15, 30], [45, 15, 30], [45, 15, 30], [45, 15, 30], [18, 39, 33], [15, 45, 30], [15, 45, 30], [15, 45, 30], [15, 45, 30], [15, 45, 30], [15, 45, 30], [15, 45, 30], [15, 45, 30], [45, 25, 20], [45, 25, 20], [45, 25, 20], [45, 25, 20], [45, 25, 20], [45, 25, 20], [45, 25, 20], [45, 25, 20], [15, 45, 30], [15, 45, 30], [15, 45, 30], [15, 45, 30], [15, 45, 30], [15, 45, 30], [28, 31, 31], [21, 45, 24], [21, 45, 24], [21, 45, 24], [21, 45, 24], [21, 45, 24], [21, 24, 45], [21, 45, 24], [21, 45, 24], [21, 45, 24], [21, 45, 24], [21, 45, 24], [21, 45, 24], [20, 35, 35], [15, 45, 30], [15, 45, 30], [15, 45, 30], [15, 45, 30], [15, 45, 30], [15, 45, 30], [15, 45, 30], [15, 45, 30], [15, 45, 30], [15, 45, 30], [45, 23, 22], [45, 23, 22], [45, 23, 22], [37, 37, 16], [37, 37, 16], [37, 37, 16], [37, 37, 16], [15, 45, 30], [15, 45, 30], [15, 45, 30], [15, 45, 30], [15, 45, 30], [15, 45, 30], [15, 45, 30], [15, 45, 30], [15, 45, 30], [15, 45, 30], [15, 45, 30], [15, 45, 30], [15, 45, 30], [15, 45, 30], [30, 45, 15], [30, 45, 15], [30, 45, 15], [19, 26, 45], [45, 15, 30], [45, 15, 30], [45, 15, 30], [45, 15, 30], [45, 15, 30], [45, 15, 30], [15, 38, 37], [15, 45, 30], [15, 45, 30], [15, 45, 30], [15, 45, 30], [15, 45, 30], [15, 45, 30], [45, 23, 22], [45, 23, 22], [45, 23, 22], [15, 44, 31], [15, 45, 30], [15, 45, 30], [15, 45, 30], [15, 45, 30], [15, 45, 30], [15, 45, 30], [20, 45, 25], [20, 45, 25], [20, 45, 25], [20, 45, 25], [45, 30, 15], [45, 30, 15], [45, 30, 15], [30, 45, 15], [30, 45, 15], [30, 45, 15], [30, 45, 15], [30, 45, 15], [30, 45, 15], [30, 45, 15], [30, 15, 45], [15, 45, 30], [15, 45, 30], [15, 45, 30], [15, 45, 30], [37, 37, 16], [45, 30, 15], [45, 30, 15], [45, 30, 15], [45, 30, 15], [45, 30, 15], [45, 30, 15], [45, 30, 15], [45, 30, 15], [45, 30, 15], [45, 30, 15], [45, 30, 15], [15, 45, 30], [15, 45, 30], [15, 45, 30], [15, 45, 30], [45, 30, 15], [45, 30, 15], [45, 30, 15], [45, 30, 15], [25, 25, 40], [45, 15, 30], [45, 15, 30], [45, 15, 30], [45, 15, 30], [45, 15, 30], [45, 15, 30], [15, 45, 30], [15, 45, 30], [15, 45, 30], [15, 45, 30], [15, 45, 30], [15, 45, 30], [15, 30, 45], [45, 30, 15], [45, 30, 15], [45, 30, 15], [30, 15, 45], [27, 25, 38], [17, 45, 28], [17, 45, 28], [17, 45, 28], [17, 45, 28], [17, 45, 28], [17, 45, 28], [17, 45, 28], [17, 45, 28], [17, 45, 28], [17, 45, 28]]
VehiclesPerSecondInbalance= 0.0
trafficImbalanceFrequency= 20
trafficImbalanceFactor= 0                        
WeightedTimeLoss= 38.481002576212994
WeightedDuration= 88.38085015027909
WeightedWaitingTime= 18.276298840704165
WeatherVariance= 100.0
WeatherVariationFactor= 1.0                        
timeLossMap= {'-E1_0': None, '-E1_1': '425.61', '-E1_2': '418.19', '-E2_0': None, '-E2_1': '343.31', '-E2_2': '537.22', '-E3_0': None, '-E3_1': '452.57', '-E3_2': '390.52', '-E4_0': None, '-E4_1': '343.22', '-E4_2': '459.52', 'E1_0': None, 'E1_1': '11709.40', 'E1_2': '20135.25', 'E2_0': None, 'E2_1': '8905.44', 'E2_2': '15722.56', 'E3_0': None, 'E3_1': '10765.59', 'E3_2': '17791.55', 'E4_0': None, 'E4_1': '9769.88', 'E4_2': '16232.12'}
waitingTimeMap= {'-E1_0': None, '-E1_1': '0.00', '-E1_2': '0.00', '-E2_0': None, '-E2_1': '0.00', '-E2_2': '0.00', '-E3_0': None, '-E3_1': '0.00', '-E3_2': '0.00', '-E4_0': None, '-E4_1': '0.00', '-E4_2': '0.00', 'E1_0': None, 'E1_1': '9074.00', 'E1_2': '16190.00', 'E2_0': None, 'E2_1': '5786.00', 'E2_2': '12609.00', 'E3_0': None, 'E3_1': '7621.00', 'E3_2': '14277.00', 'E4_0': None, 'E4_1': '6638.00', 'E4_2': '12827.00'}
floodedWaitingTimeMap= {'E1_1': '9074.00', 'E1_2': '16190.00', 'E3_2': '14277.00'}
totalWaitingTime= 85022.0
totalFloodedWaitingTime= 39541.0
averageFloodedWaitingTime= 28.967765567765568                        
floodedTimeLossMap= {'E1_1': '11709.40', 'E1_2': '20135.25', 'E3_2': '17791.55'}
totalTimeLoss= 114401.95
totalFloodedTimeLoss= 49636.2
averageFloodedTimeLoss= 36.363516483516484                        
averageEmrgVehicleWaitingTime= 23.52777777777778
averageEmrgVehicleTimeLoss= 33.44722222222222
averageEmrgVehicleDuration= 55.22222222222222
averageVehicleWaitingTime= 27.111783439490445
averageVehicleTimeLoss= 37.119554140127434
averageVehicleDuration= 56.49936305732484
averagePersonWaitingTime= 0.0
averagePersonTimeLoss= 41.29717391304347
averagePersonDuration= 154.32806324110672
averageCO2Emission= 126571.82808688273
averageFuelUse= 41027.67016825086
EmrgVehicleCount= 36
vehiclesCount= 3140
personsCount= 1518