***Starting server on port 53854 ***
Loading net-file from 'sumo_simulation/sumo_elements/test.net.xml' ... done (18ms).
Loading additional-files from 'sumo_simulation/sumo_elements/test.add.xml' ... done (91ms).
Warning: Unused states in tlLogic 'J4', program '0' in phase 0 after tl-index 15
Warning: Missing yellow phase in tlLogic 'J4', program '0' for tl-index 1 when switching to phase 1.
Warning: Missing yellow phase in tlLogic 'J4', program '0' for tl-index 4 when switching to phase 4.
Warning: Missing green phase in tlLogic 'J4', program '0' for tl-index 16.
Loading route-files incrementally from 'sumo_simulation/sumo_elements/test.rou.xml'
Loading done.
Simulation version 1.23.1 started with time: 0.00.
Simulation ended at time: 10137.00.
Reason: TraCI requested termination.
Performance:
 Duration: 212.96s
 TraCI-Duration: 204.43s
 Real time factor: 47.5998
 UPS: 773.472387
 UPS-Persons: 1107.516329
Vehicles:
 Inserted: 3140
 Running: 0
 Waiting: 0
Persons:
 Inserted: 1518
 Running: 0
Statistics (avg of 3140):
 RouteLength: 189.91
 Speed: 4.89
 Duration: 52.46
 WaitingTime: 23.36
 TimeLoss: 33.08
 DepartDelay: 0.26
Pedestrian Statistics (avg of 1518 walks):
 RouteLength: 155.69
 Duration: 155.38
 TimeLoss: 42.34
DijkstraRouter answered 48680 queries and explored 23.65 edges on average.
DijkstraRouter spent 0.39s answering queries (0.01ms on average).
DijkstraRouter answered 1518 queries and explored 32.00 edges on average.
DijkstraRouter spent 0.03s answering queries (0.02ms on average).

-----------------------------------------------------------
**** Adding simulation info from Sumo Controller ****
RunAdaptation= 1
MinimumTime= 15
MaximumTime= 45
CurrentTemperature= 10
MaxTemperature= 30
MinTemperature= 10
EmergencyVehiclePriorization= 0
FloodingPriorization= 1
WeatherPriorization= 0                        
personPerCarFactor= 1.54
MaximumVehicleSpeed= 16.67
floodedVehicleSpeed= 4.17
floodedLanes= ['E1_2', 'E1_1', 'E3_2']
defaultVehicleFlowProbability= 0.04
emrgVehicleFlowProbability= 0.001
pedestrianFlowProbability= 0.04                        
adaptationInterval= 600
numberOfPhases= 3
fixedPhaseTime= 30
waitingTime= 5
cicleFullTime= 105
edges= ['E1', 'E2', 'E3', 'E4']
crosswalk= [':J4_c0', ':J4_c1', ':J4_c2', ':J4_c3']
entrySensors= ['e2_r1_in_1', 'e2_r1_in_2', 'e2_r2_in_1', 'e2_r2_in_2', 'e2_r3_in_1', 'e2_r3_in_2', 'e2_r4_in_1', 'e2_r4_in_2']
exitSensors= ['e2_r1_out_1', 'e2_r1_out_2', 'e2_r2_out_1', 'e2_r2_out_2', 'e2_r3_out_1', 'e2_r3_out_2', 'e2_r4_out_1', 'e2_r4_out_2']
entrySensorsPerPhase= [['e2_r4_in_2', 'e2_r2_in_2'], ['e2_r1_in_2', 'e2_r3_in_2'], ['e2_r1_in_1', 'e2_r2_in_1', 'e2_r3_in_1', 'e2_r4_in_1']]
exitSensorsPerPhase= [['e2_r4_out_1', 'e2_r2_out_2'], ['e2_r1_out_2', 'e2_r3_out_2'], ['e2_r1_out_1', 'e2_r2_out_1'], ['e2_r3_out_1', 'e2_r4_out_2']]                        
lanePerPhase= [['E2_2', 'E4_2'], ['E1_2', 'E3_2'], ['E1_1', 'E2_1', 'E3_1', 'E4_1']]
crosswalkPerPhase= [[':J4_c1', ':J4_c3'], [':J4_c0', ':J4_c2'], []]
PeopleEdgePerPhase= [['E2', 'E4'], ['E1', 'E3'], []]
trafficLightTimes= [[15, 30, 45], [15, 30, 45], [15, 30, 45], [15, 30, 45], [15, 30, 45], [15, 30, 45], [15, 30, 45], [29, 28, 33], [29, 28, 33], [29, 28, 33], [29, 28, 33], [29, 28, 33], [29, 28, 33], [29, 28, 33], [29, 28, 33], [29, 28, 33], [29, 28, 33], [29, 28, 33], [25, 45, 20], [25, 45, 20], [25, 45, 20], [25, 45, 20], [25, 45, 20], [25, 45, 20], [25, 45, 20], [25, 45, 20], [25, 45, 20], [25, 45, 20], [25, 45, 20], [25, 45, 20], [24, 31, 35], [24, 31, 35], [24, 31, 35], [24, 31, 35], [24, 31, 35], [24, 31, 35], [24, 31, 35], [24, 31, 35], [24, 31, 35], [24, 31, 35], [24, 31, 35], [24, 31, 35], [24, 31, 35], [24, 31, 35], [24, 31, 35], [24, 31, 35], [24, 31, 35], [24, 31, 35], [24, 31, 35], [24, 31, 35], [24, 31, 35], [24, 31, 35], [24, 31, 35], [24, 31, 35], [24, 31, 35], [24, 31, 35], [24, 31, 35], [24, 31, 35], [27, 45, 18], [27, 45, 18], [27, 45, 18], [24, 28, 38], [24, 28, 38], [24, 28, 38], [24, 28, 38], [24, 28, 38], [24, 28, 38], [24, 28, 38], [24, 28, 38], [24, 28, 38], [33, 21, 36], [33, 21, 36], [33, 21, 36], [33, 21, 36], [33, 21, 36], [33, 21, 36], [33, 21, 36], [33, 21, 36], [33, 21, 36], [33, 21, 36], [33, 21, 36], [23, 29, 38], [23, 29, 38], [23, 29, 38], [23, 29, 38], [23, 29, 38], [23, 29, 38], [23, 29, 38], [23, 29, 38], [15, 45, 30], [15, 45, 30], [15, 45, 30], [15, 45, 30], [15, 45, 30], [15, 45, 30], [15, 45, 30], [33, 23, 34], [33, 23, 34], [33, 23, 34], [33, 23, 34], [33, 23, 34], [33, 23, 34], [33, 23, 34], [33, 23, 34], [33, 23, 34], [33, 23, 34], [33, 23, 34], [33, 23, 34], [33, 23, 34], [33, 15, 42], [24, 45, 21], [24, 45, 21], [24, 45, 21], [24, 45, 21], [24, 45, 21], [24, 45, 21], [24, 45, 21], [24, 45, 21], [24, 45, 21], [24, 45, 21], [24, 45, 21], [24, 45, 21], [24, 45, 21], [24, 45, 21], [24, 45, 21], [24, 45, 21], [15, 45, 30], [15, 45, 30], [15, 45, 30], [15, 45, 30], [15, 45, 30], [15, 45, 30], [15, 45, 30], [15, 45, 30], [15, 45, 30], [15, 45, 30], [15, 45, 30], [15, 45, 30], [15, 45, 30], [15, 45, 30], [15, 45, 30], [15, 45, 30], [15, 45, 30], [15, 45, 30], [15, 45, 30], [15, 45, 30], [15, 45, 30], [15, 45, 30], [15, 45, 30], [15, 45, 30], [32, 32, 26], [32, 32, 26], [32, 32, 26], [32, 30, 28], [32, 30, 28], [32, 30, 28], [32, 30, 28], [32, 30, 28], [32, 30, 28], [32, 30, 28], [32, 30, 28], [36, 15, 39], [27, 25, 38], [27, 25, 38], [27, 25, 38], [27, 25, 38], [27, 25, 38], [27, 25, 38], [27, 25, 38], [27, 25, 38], [27, 25, 38], [27, 25, 38], [27, 25, 38], [27, 25, 38], [45, 15, 30], [45, 15, 30], [45, 15, 30], [45, 15, 30], [45, 15, 30], [45, 15, 30], [23, 33, 34], [17, 45, 28], [17, 45, 28], [17, 45, 28], [17, 45, 28], [17, 45, 28], [17, 45, 28], [17, 45, 28], [17, 45, 28], [45, 22, 23], [45, 22, 23], [45, 22, 23], [45, 22, 23], [45, 22, 23], [45, 22, 23], [45, 22, 23], [45, 22, 23], [17, 45, 28], [17, 45, 28], [17, 45, 28], [17, 45, 28], [17, 45, 28], [17, 45, 28], [31, 31, 28], [24, 45, 21], [24, 45, 21], [24, 45, 21], [24, 45, 21], [24, 45, 21], [23, 22, 45], [24, 45, 21], [24, 45, 21], [24, 45, 21], [24, 45, 21], [24, 45, 21], [24, 45, 21], [26, 29, 35], [18, 45, 27], [18, 45, 27], [18, 45, 27], [18, 45, 27], [18, 45, 27], [18, 45, 27], [18, 45, 27], [18, 45, 27], [18, 45, 27], [18, 45, 27], [45, 19, 26], [45, 19, 26], [45, 19, 26], [37, 37, 16], [37, 37, 16], [37, 37, 16], [37, 37, 16], [18, 45, 27], [18, 45, 27], [18, 45, 27], [18, 45, 27], [18, 45, 27], [18, 45, 27], [18, 45, 27], [18, 45, 27], [18, 45, 27], [18, 45, 27], [18, 45, 27], [18, 45, 27], [18, 45, 27], [18, 45, 27], [30, 45, 15], [30, 45, 15], [30, 45, 15], [31, 22, 37], [45, 15, 30], [45, 15, 30], [45, 15, 30], [45, 15, 30], [45, 15, 30], [15, 33, 42], [15, 45, 30], [15, 45, 30], [15, 45, 30], [15, 45, 30], [15, 45, 30], [45, 18, 27], [45, 18, 27], [45, 18, 27], [45, 18, 27], [45, 18, 27], [45, 29, 16], [45, 29, 16], [25, 45, 20], [25, 45, 20], [25, 45, 20], [25, 45, 20], [15, 43, 32], [15, 45, 30], [15, 45, 30], [15, 45, 30], [15, 45, 30], [15, 45, 30], [15, 45, 30], [15, 45, 30], [45, 23, 22], [45, 23, 22], [45, 23, 22], [45, 23, 22], [45, 23, 22], [45, 23, 22], [45, 23, 22], [45, 23, 22], [30, 45, 15], [30, 45, 15], [30, 45, 15], [30, 45, 15], [30, 45, 15], [30, 45, 15], [37, 18, 35], [17, 43, 30], [16, 45, 29], [16, 45, 29], [16, 45, 29], [16, 45, 29], [16, 37, 37], [45, 29, 16], [45, 29, 16], [45, 29, 16], [45, 29, 16], [45, 29, 16], [45, 29, 16], [45, 29, 16], [17, 45, 28], [17, 45, 28], [17, 45, 28], [45, 30, 15], [45, 30, 15], [45, 30, 15], [45, 30, 15], [45, 30, 15], [45, 30, 15], [45, 30, 15], [25, 32, 33], [45, 22, 23], [19, 26, 45], [21, 24, 45], [15, 45, 30], [15, 45, 30], [15, 45, 30], [15, 45, 30], [15, 45, 30], [15, 45, 30], [15, 45, 30], [21, 24, 45], [45, 15, 30], [45, 15, 30], [45, 15, 30], [45, 15, 30], [45, 15, 30], [45, 15, 30], [22, 37, 31], [44, 16, 30], [29, 45, 16], [29, 45, 16], [29, 45, 16], [29, 45, 16], [29, 45, 16], [29, 45, 16], [29, 45, 16], [29, 45, 16], [15, 30, 45], [15, 30, 45], [15, 30, 45], [15, 30, 45], [15, 30, 45], [15, 30, 45], [15, 30, 45], [27, 27, 36], [27, 27, 36], [27, 27, 36], [27, 27, 36], [27, 27, 36], [27, 27, 36], [27, 27, 36], [27, 27, 36], [27, 27, 36], [27, 27, 36], [27, 27, 36], [27, 45, 18], [27, 45, 18], [27, 45, 18], [27, 45, 18], [27, 45, 18], [27, 45, 18], [27, 45, 18], [27, 45, 18], [27, 45, 18], [27, 45, 18], [27, 45, 18], [27, 45, 18], [18, 34, 38], [18, 34, 38], [18, 34, 38], [18, 34, 38], [18, 34, 38], [18, 34, 38], [18, 34, 38], [18, 34, 38], [18, 34, 38], [18, 34, 38], [18, 34, 38], [18, 34, 38], [18, 34, 38], [18, 34, 38], [18, 34, 38], [18, 34, 38], [18, 34, 38], [18, 34, 38], [18, 34, 38], [18, 34, 38], [18, 34, 38], [18, 34, 38], [18, 34, 38], [18, 34, 38], [18, 34, 38], [18, 34, 38], [18, 34, 38], [18, 34, 38], [18, 34, 38], [18, 34, 38], [18, 34, 38], [18, 34, 38], [18, 34, 38], [26, 45, 19], [26, 45, 19], [26, 45, 19], [16, 30, 44], [16, 30, 44], [16, 30, 44], [16, 30, 44], [16, 30, 44], [16, 30, 44], [16, 30, 44], [16, 30, 44], [16, 30, 44], [29, 33, 28], [29, 33, 28], [29, 33, 28], [29, 33, 28], [29, 33, 28], [29, 33, 28], [29, 33, 28], [29, 33, 28], [29, 33, 28], [29, 33, 28], [29, 33, 28], [29, 33, 28], [20, 35, 35], [20, 35, 35], [20, 35, 35], [20, 35, 35], [20, 35, 35], [20, 35, 35], [20, 35, 35], [20, 35, 35], [20, 35, 35], [20, 35, 35], [15, 45, 30], [15, 45, 30], [15, 45, 30], [15, 45, 30], [15, 45, 30], [15, 45, 30], [15, 45, 30], [15, 45, 30], [42, 28, 20], [42, 28, 20], [42, 28, 20], [42, 28, 20], [42, 28, 20], [42, 28, 20], [42, 28, 20], [42, 28, 20], [42, 28, 20], [42, 28, 20], [42, 28, 20], [42, 28, 20], [42, 28, 20], [42, 28, 20], [34, 18, 38], [30, 45, 15], [30, 45, 15], [30, 45, 15], [30, 45, 15], [30, 45, 15], [30, 45, 15], [30, 45, 15], [30, 45, 15], [30, 45, 15], [30, 45, 15], [30, 45, 15], [30, 45, 15], [30, 45, 15], [30, 45, 15], [15, 45, 30], [15, 45, 30], [15, 45, 30], [15, 45, 30], [15, 45, 30], [15, 45, 30], [15, 45, 30], [15, 45, 30], [15, 45, 30], [15, 45, 30], [15, 45, 30], [15, 45, 30], [42, 29, 19], [42, 29, 19], [42, 29, 19], [16, 31, 43], [16, 31, 43], [16, 31, 43], [16, 31, 43], [16, 31, 43], [16, 31, 43], [16, 31, 43], [16, 31, 43], [16, 31, 43], [16, 31, 43], [16, 31, 43], [16, 31, 43], [16, 31, 43], [16, 31, 43], [16, 31, 43], [16, 31, 43], [17, 42, 31], [40, 21, 29], [40, 21, 29], [40, 21, 29], [40, 21, 29], [40, 21, 29], [40, 21, 29], [40, 21, 29], [40, 21, 29], [40, 21, 29], [40, 21, 29], [40, 21, 29], [40, 21, 29], [40, 21, 29], [40, 21, 29], [40, 21, 29]]
VehiclesPerSecondInbalance= 0.0
trafficImbalanceFrequency= 20
trafficImbalanceFactor= 0                        
WeightedTimeLoss= 36.096975096608006
WeightedDuration= 85.99849720910262
WeightedWaitingTime= 15.750966079862602
WeatherVariance= 100.0
WeatherVariationFactor= 1.0                        
timeLossMap= {'-E1_0': None, '-E1_1': '437.34', '-E1_2': '405.34', '-E2_0': None, '-E2_1': '321.16', '-E2_2': '554.06', '-E3_0': None, '-E3_1': '459.55', '-E3_2': '379.02', '-E4_0': None, '-E4_1': '345.63', '-E4_2': '458.33', 'E1_0': None, 'E1_1': '9951.56', 'E1_2': '15469.78', 'E2_0': None, 'E2_1': '8310.00', 'E2_2': '15197.07', 'E3_0': None, 'E3_1': '9080.54', 'E3_2': '14544.78', 'E4_0': None, 'E4_1': '9757.13', 'E4_2': '15982.41'}
waitingTimeMap= {'-E1_0': None, '-E1_1': '0.00', '-E1_2': '0.00', '-E2_0': None, '-E2_1': '0.00', '-E2_2': '0.00', '-E3_0': None, '-E3_1': '0.00', '-E3_2': '0.00', '-E4_0': None, '-E4_1': '0.00', '-E4_2': '0.00', 'E1_0': None, 'E1_1': '7444.00', 'E1_2': '11890.00', 'E2_0': None, 'E2_1': '5236.00', 'E2_2': '12102.00', 'E3_0': None, 'E3_1': '6057.00', 'E3_2': '11342.00', 'E4_0': None, 'E4_1': '6562.00', 'E4_2': '12621.00'}
floodedWaitingTimeMap= {'E1_1': '7444.00', 'E1_2': '11890.00', 'E3_2': '11342.00'}
totalWaitingTime= 73254.0
totalFloodedWaitingTime= 30676.0
averageFloodedWaitingTime= 22.48973607038123                        
floodedTimeLossMap= {'E1_1': '9951.56', 'E1_2': '15469.78', 'E3_2': '14544.78'}
totalTimeLoss= 101653.7
totalFloodedTimeLoss= 39966.12
averageFloodedTimeLoss= 29.300674486803523                        
averageEmrgVehicleWaitingTime= 29.72222222222222
averageEmrgVehicleTimeLoss= 39.27416666666667
averageEmrgVehicleDuration= 61.0
averageVehicleWaitingTime= 23.3656050955414
averageVehicleTimeLoss= 33.07662420382169
averageVehicleDuration= 52.45891719745223
averagePersonWaitingTime= 0.0
averagePersonTimeLoss= 42.344604743083
averagePersonDuration= 155.37549407114625
averageCO2Emission= 120516.67173362948
averageFuelUse= 39064.253417495245
EmrgVehicleCount= 36
vehiclesCount= 3140
personsCount= 1518