***Starting server on port 61680 ***
Loading net-file from 'sumo_simulation/sumo_elements/test.net.xml' ... done (11ms).
Loading additional-files from 'sumo_simulation/sumo_elements/test.add.xml' ... done (99ms).
Warning: Unused states in tlLogic 'J4', program '0' in phase 0 after tl-index 15
Warning: Missing yellow phase in tlLogic 'J4', program '0' for tl-index 1 when switching to phase 1.
Warning: Missing yellow phase in tlLogic 'J4', program '0' for tl-index 4 when switching to phase 4.
Warning: Missing green phase in tlLogic 'J4', program '0' for tl-index 16.
Loading route-files incrementally from 'sumo_simulation/sumo_elements/test.rou.xml'
Loading done.
Simulation version 1.23.1 started with time: 0.00.
Simulation ended at time: 10187.00.
Reason: TraCI requested termination.
Performance:
 Duration: 194.86s
 TraCI-Duration: 185.97s
 Real time factor: 52.2788
 UPS: 865.353923
 UPS-Persons: 1206.734100
Vehicles:
 Inserted: 3140
 Running: 0
 Waiting: 0
Persons:
 Inserted: 1518
 Running: 0
Statistics (avg of 3140):
 RouteLength: 189.84
 Speed: 4.90
 Duration: 53.70
 WaitingTime: 24.62
 TimeLoss: 34.35
 DepartDelay: 0.26
Pedestrian Statistics (avg of 1518 walks):
 RouteLength: 155.69
 Duration: 154.90
 TimeLoss: 41.87
DijkstraRouter answered 48202 queries and explored 23.65 edges on average.
DijkstraRouter spent 0.37s answering queries (0.01ms on average).
DijkstraRouter answered 1518 queries and explored 32.00 edges on average.
DijkstraRouter spent 0.02s answering queries (0.01ms on average).

-----------------------------------------------------------
**** Adding simulation info from Sumo Controller ****
RunAdaptation= 1
MinimumTime= 15
MaximumTime= 45
CurrentTemperature= 10
MaxTemperature= 30
MinTemperature= 10
EmergencyVehiclePriorization= 0
FloodingPriorization= 0
WeatherPriorization= 0                        
personPerCarFactor= 1.54
MaximumVehicleSpeed= 16.67
floodedVehicleSpeed= 4.17
floodedLanes= ['E1_2', 'E1_1', 'E3_2']
defaultVehicleFlowProbability= 0.04
emrgVehicleFlowProbability= 0.001
pedestrianFlowProbability= 0.04                        
adaptationInterval= 600
numberOfPhases= 3
fixedPhaseTime= 30
waitingTime= 5
cicleFullTime= 105
edges= ['E1', 'E2', 'E3', 'E4']
crosswalk= [':J4_c0', ':J4_c1', ':J4_c2', ':J4_c3']
entrySensors= ['e2_r1_in_1', 'e2_r1_in_2', 'e2_r2_in_1', 'e2_r2_in_2', 'e2_r3_in_1', 'e2_r3_in_2', 'e2_r4_in_1', 'e2_r4_in_2']
exitSensors= ['e2_r1_out_1', 'e2_r1_out_2', 'e2_r2_out_1', 'e2_r2_out_2', 'e2_r3_out_1', 'e2_r3_out_2', 'e2_r4_out_1', 'e2_r4_out_2']
entrySensorsPerPhase= [['e2_r4_in_2', 'e2_r2_in_2'], ['e2_r1_in_2', 'e2_r3_in_2'], ['e2_r1_in_1', 'e2_r2_in_1', 'e2_r3_in_1', 'e2_r4_in_1']]
exitSensorsPerPhase= [['e2_r4_out_1', 'e2_r2_out_2'], ['e2_r1_out_2', 'e2_r3_out_2'], ['e2_r1_out_1', 'e2_r2_out_1'], ['e2_r3_out_1', 'e2_r4_out_2']]                        
lanePerPhase= [['E2_2', 'E4_2'], ['E1_2', 'E3_2'], ['E1_1', 'E2_1', 'E3_1', 'E4_1']]
crosswalkPerPhase= [[':J4_c1', ':J4_c3'], [':J4_c0', ':J4_c2'], []]
PeopleEdgePerPhase= [['E2', 'E4'], ['E1', 'E3'], []]
trafficLightTimes= [[15, 30, 45], [15, 30, 45], [15, 30, 45], [15, 30, 45], [15, 30, 45], [15, 30, 45], [15, 30, 45], [29, 28, 33], [29, 28, 33], [29, 28, 33], [29, 28, 33], [29, 28, 33], [29, 28, 33], [29, 28, 33], [29, 28, 33], [29, 28, 33], [29, 28, 33], [29, 28, 33], [25, 45, 20], [25, 45, 20], [25, 45, 20], [25, 45, 20], [25, 45, 20], [25, 45, 20], [25, 45, 20], [25, 45, 20], [25, 45, 20], [25, 45, 20], [25, 45, 20], [25, 45, 20], [24, 31, 35], [24, 31, 35], [24, 31, 35], [24, 31, 35], [24, 31, 35], [24, 31, 35], [24, 31, 35], [24, 31, 35], [24, 31, 35], [24, 31, 35], [24, 31, 35], [24, 31, 35], [24, 31, 35], [24, 31, 35], [24, 31, 35], [24, 31, 35], [24, 31, 35], [24, 31, 35], [24, 31, 35], [24, 31, 35], [24, 31, 35], [24, 31, 35], [24, 31, 35], [24, 31, 35], [24, 31, 35], [24, 31, 35], [24, 31, 35], [24, 31, 35], [27, 45, 18], [27, 45, 18], [27, 45, 18], [24, 28, 38], [24, 28, 38], [24, 28, 38], [24, 28, 38], [24, 28, 38], [24, 28, 38], [24, 28, 38], [24, 28, 38], [24, 28, 38], [33, 21, 36], [33, 21, 36], [33, 21, 36], [33, 21, 36], [33, 21, 36], [33, 21, 36], [33, 21, 36], [33, 21, 36], [33, 21, 36], [33, 21, 36], [33, 21, 36], [23, 29, 38], [23, 29, 38], [23, 29, 38], [23, 29, 38], [23, 29, 38], [23, 29, 38], [23, 29, 38], [23, 29, 38], [15, 45, 30], [15, 45, 30], [15, 45, 30], [15, 45, 30], [15, 45, 30], [15, 45, 30], [15, 45, 30], [33, 23, 34], [33, 23, 34], [33, 23, 34], [33, 23, 34], [33, 23, 34], [33, 23, 34], [33, 23, 34], [33, 23, 34], [33, 23, 34], [33, 23, 34], [33, 23, 34], [33, 23, 34], [33, 23, 34], [33, 15, 42], [24, 45, 21], [24, 45, 21], [24, 45, 21], [24, 45, 21], [24, 45, 21], [24, 45, 21], [24, 45, 21], [24, 45, 21], [24, 45, 21], [24, 45, 21], [24, 45, 21], [24, 45, 21], [24, 45, 21], [24, 45, 21], [24, 45, 21], [24, 45, 21], [15, 45, 30], [15, 45, 30], [15, 45, 30], [15, 45, 30], [15, 45, 30], [15, 45, 30], [15, 45, 30], [15, 45, 30], [15, 45, 30], [15, 45, 30], [15, 45, 30], [15, 45, 30], [15, 45, 30], [15, 45, 30], [15, 45, 30], [15, 45, 30], [15, 45, 30], [15, 45, 30], [15, 45, 30], [15, 45, 30], [15, 45, 30], [15, 45, 30], [15, 45, 30], [15, 45, 30], [32, 32, 26], [32, 32, 26], [32, 32, 26], [32, 30, 28], [32, 30, 28], [32, 30, 28], [32, 30, 28], [32, 30, 28], [32, 30, 28], [32, 30, 28], [32, 30, 28], [36, 15, 39], [27, 25, 38], [27, 25, 38], [27, 25, 38], [27, 25, 38], [27, 25, 38], [27, 25, 38], [27, 25, 38], [27, 25, 38], [27, 25, 38], [27, 25, 38], [27, 25, 38], [27, 25, 38]]
VehiclesPerSecondInbalance= 0.0
trafficImbalanceFrequency= 20
trafficImbalanceFactor= 0                        
WeightedTimeLoss= 36.80453413482184
WeightedDuration= 86.682052382997
WeightedWaitingTime= 16.596393301846287
WeatherVariance= 100.0
WeatherVariationFactor= 1.0                        
timeLossMap= {'-E1_0': None, '-E1_1': '452.59', '-E1_2': '393.09', '-E2_0': None, '-E2_1': '381.13', '-E2_2': '485.10', '-E3_0': None, '-E3_1': '424.93', '-E3_2': '414.33', '-E4_0': None, '-E4_1': '367.10', '-E4_2': '421.46', 'E1_0': None, 'E1_1': '10255.95', 'E1_2': '18504.45', 'E2_0': None, 'E2_1': '8322.73', 'E2_2': '13859.17', 'E3_0': None, 'E3_1': '9565.81', 'E3_2': '16812.80', 'E4_0': None, 'E4_1': '9382.10', 'E4_2': '15670.16'}
waitingTimeMap= {'-E1_0': None, '-E1_1': '0.00', '-E1_2': '0.00', '-E2_0': None, '-E2_1': '0.00', '-E2_2': '0.00', '-E3_0': None, '-E3_1': '0.00', '-E3_2': '0.00', '-E4_0': None, '-E4_1': '0.00', '-E4_2': '0.00', 'E1_0': None, 'E1_1': '7635.00', 'E1_2': '14898.00', 'E2_0': None, 'E2_1': '5293.00', 'E2_2': '10886.00', 'E3_0': None, 'E3_1': '6432.00', 'E3_2': '13461.00', 'E4_0': None, 'E4_1': '6210.00', 'E4_2': '12381.00'}
floodedWaitingTimeMap= {'E1_1': '7635.00', 'E1_2': '14898.00', 'E3_2': '13461.00'}
totalWaitingTime= 77196.0
totalFloodedWaitingTime= 35994.0
averageFloodedWaitingTime= 26.72160356347439                        
floodedTimeLossMap= {'E1_1': '10255.95', 'E1_2': '18504.45', 'E3_2': '16812.80'}
totalTimeLoss= 105712.9
totalFloodedTimeLoss= 45573.2
averageFloodedTimeLoss= 33.83311061618411                        
averageEmrgVehicleWaitingTime= 27.86111111111111
averageEmrgVehicleTimeLoss= 37.35888888888889
averageEmrgVehicleDuration= 59.05555555555556
averageVehicleWaitingTime= 24.619745222929936
averageVehicleTimeLoss= 34.35458917197457
averageVehicleDuration= 53.70127388535032
averagePersonWaitingTime= 0.0
averagePersonTimeLoss= 41.87227272727272
averagePersonDuration= 154.90316205533597
averageCO2Emission= 122372.85506586017
averageFuelUse= 39666.14156144173
EmrgVehicleCount= 36
vehiclesCount= 3140
personsCount= 1518