***Starting server on port 60519 ***
Loading net-file from 'sumo_simulation/sumo_elements/test.net.xml' ... done (6ms).
Loading additional-files from 'sumo_simulation/sumo_elements/test.add.xml' ... done (39ms).
Warning: Unused states in tlLogic 'J4', program '0' in phase 0 after tl-index 15
Warning: Missing yellow phase in tlLogic 'J4', program '0' for tl-index 1 when switching to phase 1.
Warning: Missing yellow phase in tlLogic 'J4', program '0' for tl-index 4 when switching to phase 4.
Warning: Missing green phase in tlLogic 'J4', program '0' for tl-index 16.
Loading route-files incrementally from 'sumo_simulation/sumo_elements/test.rou.xml'
Loading done.
Simulation version 1.23.1 started with time: 0.00.
Simulation ended at time: 11409.00.
Reason: TraCI requested termination.
Performance:
 Duration: 23.46s
 TraCI-Duration: 17.79s
 Real time factor: 486.359
 UPS: 13476.084918
 UPS-Persons: 9988.234291
Vehicles:
 Inserted: 3640
 Running: 0
 Waiting: 0
Persons:
 Inserted: 1518
 Running: 0
Statistics (avg of 3640):
 RouteLength: 190.35
 Speed: 4.05
 Duration: 86.85
 WaitingTime: 52.05
 TimeLoss: 66.17
 DepartDelay: 210.00
Pedestrian Statistics (avg of 1518 walks):
 RouteLength: 155.69
 Duration: 154.35
 TimeLoss: 41.32
DijkstraRouter answered 47277 queries and explored 23.64 edges on average.
DijkstraRouter spent 0.18s answering queries (0.00ms on average).
DijkstraRouter answered 1518 queries and explored 32.00 edges on average.
DijkstraRouter spent 0.01s answering queries (0.01ms on average).

-----------------------------------------------------------
**** Adding simulation parameters from Sumo Controller ****
t.get('RunAdaptation')= 0
t.get('MinimumTime')= 15
t.get('MaximumTime')= 45
t.get('CurrentTemperature')= 10
t.get('MaxTemperature')= 30
t.get('MinTemperature')= 10
t.get('EmergencyVehiclePriorization')= 0
t.get('FloodingPriorization')= 0
t.get('WeatherPriorization')= 0                        
t.get('personPerCarFactor')= 1.54
t.get('MaximumVehicleSpeed')= 16.67
t.get('floodedVehicleSpeed')= 4.17
t.get('floodedLanes')= ['E1_2', 'E1_1', 'E3_2']
defaultVehicleFlowProbability= 0.04
emrgVehicleFlowProbability= 0.001
pedestrianFlowProbability= 0.04                        
adaptationInterval= 600
numberOfPhases= 3
fixedPhaseTime= 30
waitingTime= 5
cicleFullTime= 105
edges= ['E1', 'E2', 'E3', 'E4']
crosswalk= [':J4_c0', ':J4_c1', ':J4_c2', ':J4_c3']
entrySensors= ['e2_r1_in_1', 'e2_r1_in_2', 'e2_r2_in_1', 'e2_r2_in_2', 'e2_r3_in_1', 'e2_r3_in_2', 'e2_r4_in_1', 'e2_r4_in_2']
exitSensors= ['e2_r1_out_1', 'e2_r1_out_2', 'e2_r2_out_1', 'e2_r2_out_2', 'e2_r3_out_1', 'e2_r3_out_2', 'e2_r4_out_1', 'e2_r4_out_2']
entrySensorsPerPhase= [['e2_r4_in_2', 'e2_r2_in_2'], ['e2_r1_in_2', 'e2_r3_in_2'], ['e2_r1_in_1', 'e2_r2_in_1', 'e2_r3_in_1', 'e2_r4_in_1']]
exitSensorsPerPhase= [['e2_r4_out_1', 'e2_r2_out_2'], ['e2_r1_out_2', 'e2_r3_out_2'], ['e2_r1_out_1', 'e2_r2_out_1'], ['e2_r3_out_1', 'e2_r4_out_2']]                        
lanePerPhase= [['E2_2', 'E4_2'], ['E1_2', 'E3_2'], ['E1_1', 'E2_1', 'E3_1', 'E4_1']]
crosswalkPerPhase= [[':J4_c1', ':J4_c3'], [':J4_c0', ':J4_c2'], []]
PeopleEdgePerPhase= [['E2', 'E4'], ['E1', 'E3'], []]
trafficLightTimes= [[15, 30, 45], [15, 30, 45], [15, 30, 45], [15, 30, 45], [15, 30, 45], [15, 30, 45], [15, 30, 45], [29, 28, 33], [29, 28, 33], [29, 28, 33], [29, 28, 33], [29, 28, 33], [29, 28, 33], [29, 28, 33], [29, 28, 33], [29, 28, 33], [29, 28, 33], [29, 28, 33], [25, 45, 20], [25, 45, 20], [25, 45, 20], [25, 45, 20], [25, 45, 20], [25, 45, 20], [25, 45, 20], [25, 45, 20], [25, 45, 20], [25, 45, 20], [25, 45, 20], [25, 45, 20], [24, 31, 35], [24, 31, 35], [24, 31, 35], [24, 31, 35], [24, 31, 35], [24, 31, 35], [24, 31, 35], [24, 31, 35], [24, 31, 35], [24, 31, 35], [24, 31, 35], [24, 31, 35], [24, 31, 35], [24, 31, 35], [24, 31, 35], [24, 31, 35], [24, 31, 35], [24, 31, 35], [24, 31, 35], [24, 31, 35], [24, 31, 35], [24, 31, 35], [24, 31, 35], [24, 31, 35], [24, 31, 35], [24, 31, 35], [24, 31, 35], [24, 31, 35], [27, 45, 18], [27, 45, 18], [27, 45, 18], [24, 28, 38], [24, 28, 38], [24, 28, 38], [24, 28, 38], [24, 28, 38], [24, 28, 38], [24, 28, 38], [24, 28, 38], [24, 28, 38], [33, 21, 36], [33, 21, 36], [33, 21, 36], [33, 21, 36], [33, 21, 36], [33, 21, 36], [33, 21, 36], [33, 21, 36], [33, 21, 36], [33, 21, 36], [33, 21, 36], [23, 29, 38], [23, 29, 38], [23, 29, 38], [23, 29, 38], [23, 29, 38], [23, 29, 38], [23, 29, 38], [23, 29, 38], [15, 45, 30], [15, 45, 30], [15, 45, 30], [15, 45, 30], [15, 45, 30], [15, 45, 30], [15, 45, 30], [33, 23, 34], [33, 23, 34], [33, 23, 34], [33, 23, 34], [33, 23, 34], [33, 23, 34], [33, 23, 34], [33, 23, 34], [33, 23, 34], [33, 23, 34], [33, 23, 34], [33, 23, 34], [33, 23, 34], [33, 15, 42], [24, 45, 21], [24, 45, 21], [24, 45, 21], [24, 45, 21], [24, 45, 21], [24, 45, 21], [24, 45, 21], [24, 45, 21], [24, 45, 21], [24, 45, 21], [24, 45, 21], [24, 45, 21], [24, 45, 21], [24, 45, 21], [24, 45, 21], [24, 45, 21], [15, 45, 30], [15, 45, 30], [15, 45, 30], [15, 45, 30], [15, 45, 30], [15, 45, 30], [15, 45, 30], [15, 45, 30], [15, 45, 30], [15, 45, 30], [15, 45, 30], [15, 45, 30], [15, 45, 30], [15, 45, 30], [15, 45, 30], [15, 45, 30], [15, 45, 30], [15, 45, 30], [15, 45, 30], [15, 45, 30], [15, 45, 30], [15, 45, 30], [15, 45, 30], [15, 45, 30], [32, 32, 26], [32, 32, 26], [32, 32, 26], [32, 30, 28], [32, 30, 28], [32, 30, 28], [32, 30, 28], [32, 30, 28], [32, 30, 28], [32, 30, 28], [32, 30, 28], [36, 15, 39], [27, 25, 38], [27, 25, 38], [27, 25, 38], [27, 25, 38], [27, 25, 38], [27, 25, 38], [27, 25, 38], [27, 25, 38], [27, 25, 38], [27, 25, 38], [27, 25, 38], [27, 25, 38], [45, 15, 30], [45, 15, 30], [45, 15, 30], [45, 15, 30], [45, 15, 30], [45, 15, 30], [23, 33, 34], [17, 45, 28], [17, 45, 28], [17, 45, 28], [17, 45, 28], [17, 45, 28], [17, 45, 28], [17, 45, 28], [17, 45, 28], [45, 22, 23], [45, 22, 23], [45, 22, 23], [45, 22, 23], [45, 22, 23], [45, 22, 23], [45, 22, 23], [45, 22, 23], [17, 45, 28], [17, 45, 28], [17, 45, 28], [17, 45, 28], [17, 45, 28], [17, 45, 28], [31, 31, 28], [24, 45, 21], [24, 45, 21], [24, 45, 21], [24, 45, 21], [24, 45, 21], [23, 22, 45], [24, 45, 21], [24, 45, 21], [24, 45, 21], [24, 45, 21], [24, 45, 21], [24, 45, 21], [26, 29, 35], [18, 45, 27], [18, 45, 27], [18, 45, 27], [18, 45, 27], [18, 45, 27], [18, 45, 27], [18, 45, 27], [18, 45, 27], [18, 45, 27], [18, 45, 27], [45, 19, 26], [45, 19, 26], [45, 19, 26], [37, 37, 16], [37, 37, 16], [37, 37, 16], [37, 37, 16], [18, 45, 27], [18, 45, 27], [18, 45, 27], [18, 45, 27], [18, 45, 27], [18, 45, 27], [18, 45, 27], [18, 45, 27], [18, 45, 27], [18, 45, 27], [18, 45, 27], [18, 45, 27], [18, 45, 27], [18, 45, 27], [30, 45, 15], [30, 45, 15], [30, 45, 15], [31, 22, 37], [45, 15, 30], [45, 15, 30], [45, 15, 30], [45, 15, 30], [45, 15, 30], [15, 33, 42], [15, 45, 30], [15, 45, 30], [15, 45, 30], [15, 45, 30], [15, 45, 30], [45, 18, 27], [45, 18, 27], [45, 18, 27], [45, 18, 27], [45, 18, 27], [45, 29, 16], [45, 29, 16], [25, 45, 20], [25, 45, 20], [25, 45, 20], [25, 45, 20], [15, 43, 32], [15, 45, 30], [15, 45, 30], [15, 45, 30], [15, 45, 30], [15, 45, 30], [15, 45, 30], [15, 45, 30], [45, 23, 22], [45, 23, 22], [45, 23, 22], [45, 23, 22], [45, 23, 22], [45, 23, 22], [45, 23, 22], [45, 23, 22], [30, 45, 15], [30, 45, 15], [30, 45, 15], [30, 45, 15], [30, 45, 15], [30, 45, 15], [37, 18, 35], [17, 43, 30], [16, 45, 29], [16, 45, 29], [16, 45, 29], [16, 45, 29], [16, 37, 37], [45, 29, 16], [45, 29, 16], [45, 29, 16], [45, 29, 16], [45, 29, 16], [45, 29, 16], [45, 29, 16], [17, 45, 28], [17, 45, 28], [17, 45, 28], [45, 30, 15], [45, 30, 15], [45, 30, 15], [45, 30, 15], [45, 30, 15], [45, 30, 15], [45, 30, 15], [25, 32, 33], [45, 22, 23], [19, 26, 45], [21, 24, 45], [15, 45, 30], [15, 45, 30], [15, 45, 30], [15, 45, 30], [15, 45, 30], [15, 45, 30], [15, 45, 30], [21, 24, 45], [45, 15, 30], [45, 15, 30], [45, 15, 30], [45, 15, 30], [45, 15, 30], [45, 15, 30], [22, 37, 31], [44, 16, 30], [29, 45, 16], [29, 45, 16], [29, 45, 16], [29, 45, 16], [29, 45, 16], [29, 45, 16], [29, 45, 16], [29, 45, 16], [15, 30, 45], [15, 30, 45], [15, 30, 45], [15, 30, 45], [15, 30, 45], [15, 30, 45], [15, 30, 45], [27, 27, 36], [27, 27, 36], [27, 27, 36], [27, 27, 36], [27, 27, 36], [27, 27, 36], [27, 27, 36], [27, 27, 36], [27, 27, 36], [27, 27, 36], [27, 27, 36], [27, 45, 18], [27, 45, 18], [27, 45, 18], [27, 45, 18], [27, 45, 18], [27, 45, 18], [27, 45, 18], [27, 45, 18], [27, 45, 18], [27, 45, 18], [27, 45, 18], [27, 45, 18], [18, 34, 38], [18, 34, 38], [18, 34, 38], [18, 34, 38], [18, 34, 38], [18, 34, 38], [18, 34, 38], [18, 34, 38], [18, 34, 38], [18, 34, 38], [18, 34, 38], [18, 34, 38], [18, 34, 38], [18, 34, 38], [18, 34, 38], [18, 34, 38], [18, 34, 38], [18, 34, 38], [18, 34, 38], [18, 34, 38], [18, 34, 38], [18, 34, 38], [18, 34, 38], [18, 34, 38], [18, 34, 38], [18, 34, 38], [18, 34, 38], [18, 34, 38], [18, 34, 38], [18, 34, 38], [18, 34, 38], [18, 34, 38], [18, 34, 38], [26, 45, 19], [26, 45, 19], [26, 45, 19], [16, 30, 44], [16, 30, 44], [16, 30, 44], [16, 30, 44], [16, 30, 44], [16, 30, 44], [16, 30, 44], [16, 30, 44], [16, 30, 44], [29, 33, 28], [29, 33, 28], [29, 33, 28], [29, 33, 28], [29, 33, 28], [29, 33, 28], [29, 33, 28], [29, 33, 28], [29, 33, 28], [29, 33, 28], [29, 33, 28], [29, 33, 28], [20, 35, 35], [20, 35, 35], [20, 35, 35], [20, 35, 35], [20, 35, 35], [20, 35, 35], [20, 35, 35], [20, 35, 35], [20, 35, 35], [20, 35, 35], [15, 45, 30], [15, 45, 30], [15, 45, 30], [15, 45, 30], [15, 45, 30], [15, 45, 30], [15, 45, 30], [15, 45, 30], [42, 28, 20], [42, 28, 20], [42, 28, 20], [42, 28, 20], [42, 28, 20], [42, 28, 20], [42, 28, 20], [42, 28, 20], [42, 28, 20], [42, 28, 20], [42, 28, 20], [42, 28, 20], [42, 28, 20], [42, 28, 20], [34, 18, 38], [30, 45, 15], [30, 45, 15], [30, 45, 15], [30, 45, 15], [30, 45, 15], [30, 45, 15], [30, 45, 15], [30, 45, 15], [30, 45, 15], [30, 45, 15], [30, 45, 15], [30, 45, 15], [30, 45, 15], [30, 45, 15], [15, 45, 30], [15, 45, 30], [15, 45, 30], [15, 45, 30], [15, 45, 30], [15, 45, 30], [15, 45, 30], [15, 45, 30], [15, 45, 30], [15, 45, 30], [15, 45, 30], [15, 45, 30], [42, 29, 19], [42, 29, 19], [42, 29, 19], [16, 31, 43], [16, 31, 43], [16, 31, 43], [16, 31, 43], [16, 31, 43], [16, 31, 43], [16, 31, 43], [16, 31, 43], [16, 31, 43], [16, 31, 43], [16, 31, 43], [16, 31, 43], [16, 31, 43], [16, 31, 43], [16, 31, 43], [16, 31, 43], [17, 42, 31], [40, 21, 29], [40, 21, 29], [40, 21, 29], [40, 21, 29], [40, 21, 29], [40, 21, 29], [40, 21, 29], [40, 21, 29], [40, 21, 29], [40, 21, 29], [40, 21, 29], [40, 21, 29], [40, 21, 29], [40, 21, 29], [40, 21, 29], [15, 30, 45], [15, 30, 45], [15, 30, 45], [15, 30, 45], [15, 30, 45], [15, 30, 45], [15, 30, 45], [38, 37, 15], [38, 37, 15], [38, 37, 15], [38, 37, 15], [38, 37, 15], [38, 37, 15], [38, 37, 15], [38, 37, 15], [38, 37, 15], [38, 37, 15], [38, 37, 15], [38, 37, 15], [37, 38, 15], [37, 38, 15], [37, 38, 15], [37, 38, 15], [37, 38, 15], [37, 38, 15], [37, 38, 15], [37, 38, 15], [37, 38, 15], [37, 38, 15], [37, 38, 15], [37, 38, 15], [37, 38, 15], [37, 38, 15], [34, 41, 15], [34, 41, 15], [34, 41, 15], [34, 41, 15], [34, 41, 15], [34, 41, 15], [34, 41, 15], [34, 41, 15], [34, 41, 15], [34, 41, 15], [34, 41, 15], [34, 41, 15], [34, 41, 15], [34, 41, 15], [34, 41, 15], [34, 41, 15], [34, 41, 15], [34, 41, 15], [34, 41, 15], [34, 41, 15], [34, 41, 15], [34, 41, 15], [34, 41, 15], [30, 45, 15], [30, 45, 15], [30, 45, 15], [33, 42, 15], [33, 42, 15], [33, 42, 15], [33, 42, 15], [33, 42, 15], [33, 42, 15], [33, 42, 15], [33, 26, 31], [33, 26, 31], [33, 26, 31], [33, 26, 31], [33, 26, 31], [33, 26, 31], [33, 26, 31], [33, 26, 31], [33, 26, 31], [36, 39, 15], [36, 39, 15], [36, 39, 15], [36, 39, 15], [36, 39, 15], [36, 39, 15], [30, 45, 15], [30, 45, 15], [30, 45, 15], [30, 45, 15], [30, 45, 15], [30, 45, 15], [30, 45, 15], [44, 31, 15], [44, 31, 15], [44, 31, 15], [44, 31, 15], [44, 31, 15], [44, 31, 15], [44, 31, 15], [44, 31, 15], [44, 31, 15], [44, 31, 15], [44, 31, 15], [44, 31, 15], [42, 27, 21], [41, 34, 15], [41, 34, 15], [41, 34, 15], [41, 34, 15], [41, 34, 15], [41, 34, 15], [41, 34, 15], [41, 34, 15], [41, 34, 15], [41, 34, 15], [41, 34, 15], [41, 34, 15], [41, 34, 15], [30, 45, 15], [30, 45, 15], [30, 45, 15], [30, 45, 15], [30, 45, 15], [30, 45, 15], [30, 45, 15], [30, 45, 15], [30, 45, 15], [30, 45, 15], [30, 45, 15], [30, 45, 15], [30, 45, 15], [30, 45, 15], [30, 45, 15], [30, 45, 15], [30, 45, 15], [30, 45, 15], [30, 45, 15], [38, 37, 15], [38, 37, 15], [38, 37, 15], [38, 37, 15], [38, 37, 15], [38, 37, 15], [38, 37, 15], [38, 37, 15], [38, 37, 15], [45, 24, 21], [45, 27, 18], [45, 27, 18], [45, 27, 18], [45, 27, 18], [45, 27, 18], [45, 27, 18], [45, 27, 18], [45, 27, 18], [45, 27, 18], [45, 27, 18], [45, 15, 30], [45, 15, 30], [45, 15, 30], [45, 15, 30], [45, 15, 30], [45, 15, 30], [18, 39, 33], [15, 45, 30], [15, 45, 30], [15, 45, 30], [15, 45, 30], [15, 45, 30], [15, 45, 30], [15, 45, 30], [15, 45, 30], [45, 25, 20], [45, 25, 20], [45, 25, 20], [45, 25, 20], [45, 25, 20], [45, 25, 20], [45, 25, 20], [45, 25, 20], [15, 45, 30], [15, 45, 30], [15, 45, 30], [15, 45, 30], [15, 45, 30], [15, 45, 30], [28, 31, 31], [21, 45, 24], [21, 45, 24], [21, 45, 24], [21, 45, 24], [21, 45, 24], [21, 24, 45], [21, 45, 24], [21, 45, 24], [21, 45, 24], [21, 45, 24], [21, 45, 24], [21, 45, 24], [20, 35, 35], [15, 45, 30], [15, 45, 30], [15, 45, 30], [15, 45, 30], [15, 45, 30], [15, 45, 30], [15, 45, 30], [15, 45, 30], [15, 45, 30], [15, 45, 30], [45, 23, 22], [45, 23, 22], [45, 23, 22], [37, 37, 16], [37, 37, 16], [37, 37, 16], [37, 37, 16], [15, 45, 30], [15, 45, 30], [15, 45, 30], [15, 45, 30], [15, 45, 30], [15, 45, 30], [15, 45, 30], [15, 45, 30], [15, 45, 30], [15, 45, 30], [15, 45, 30], [15, 45, 30], [15, 45, 30], [15, 45, 30], [30, 45, 15], [30, 45, 15], [30, 45, 15], [19, 26, 45], [45, 15, 30], [45, 15, 30], [45, 15, 30], [45, 15, 30], [45, 15, 30], [45, 15, 30], [15, 38, 37], [15, 45, 30], [15, 45, 30], [15, 45, 30], [15, 45, 30], [15, 45, 30], [15, 45, 30], [45, 23, 22], [45, 23, 22], [45, 23, 22], [15, 44, 31], [15, 45, 30], [15, 45, 30], [15, 45, 30], [15, 45, 30], [15, 45, 30], [15, 45, 30], [20, 45, 25], [20, 45, 25], [20, 45, 25], [20, 45, 25], [45, 30, 15], [45, 30, 15], [45, 30, 15], [30, 45, 15], [30, 45, 15], [30, 45, 15], [30, 45, 15], [30, 45, 15], [30, 45, 15], [30, 45, 15], [30, 15, 45], [15, 45, 30], [15, 45, 30], [15, 45, 30], [15, 45, 30], [37, 37, 16], [45, 30, 15], [45, 30, 15], [45, 30, 15], [45, 30, 15], [45, 30, 15], [45, 30, 15], [45, 30, 15], [45, 30, 15], [45, 30, 15], [45, 30, 15], [45, 30, 15], [15, 45, 30], [15, 45, 30], [15, 45, 30], [15, 45, 30], [45, 30, 15], [45, 30, 15], [45, 30, 15], [45, 30, 15], [25, 25, 40], [45, 15, 30], [45, 15, 30], [45, 15, 30], [45, 15, 30], [45, 15, 30], [45, 15, 30], [15, 45, 30], [15, 45, 30], [15, 45, 30], [15, 45, 30], [15, 45, 30], [15, 45, 30], [15, 30, 45], [45, 30, 15], [45, 30, 15], [45, 30, 15], [30, 15, 45], [27, 25, 38], [17, 45, 28], [17, 45, 28], [17, 45, 28], [17, 45, 28], [17, 45, 28], [17, 45, 28], [17, 45, 28], [17, 45, 28], [17, 45, 28], [17, 45, 28], [15, 30, 45], [15, 30, 45], [15, 30, 45], [15, 30, 45], [15, 30, 45], [15, 30, 45], [15, 30, 45], [38, 37, 15], [38, 37, 15], [38, 37, 15], [38, 37, 15], [38, 37, 15], [38, 37, 15], [38, 37, 15], [38, 37, 15], [38, 37, 15], [38, 37, 15], [38, 37, 15], [38, 37, 15], [33, 42, 15], [33, 42, 15], [33, 42, 15], [33, 42, 15], [33, 42, 15], [33, 42, 15], [33, 42, 15], [33, 42, 15], [33, 42, 15], [33, 42, 15], [33, 42, 15], [33, 42, 15], [33, 42, 15], [33, 42, 15], [34, 41, 15], [34, 41, 15], [34, 41, 15], [34, 41, 15], [34, 41, 15], [34, 41, 15], [34, 41, 15], [34, 41, 15], [34, 41, 15], [34, 41, 15], [34, 41, 15], [34, 41, 15], [34, 41, 15], [34, 41, 15], [34, 41, 15], [34, 41, 15], [34, 41, 15], [34, 41, 15], [34, 41, 15], [34, 41, 15], [34, 41, 15], [34, 41, 15], [34, 41, 15], [34, 41, 15], [30, 45, 15], [30, 45, 15], [30, 45, 15], [30, 45, 15], [24, 40, 26], [24, 40, 26], [24, 40, 26], [24, 40, 26], [24, 40, 26], [24, 40, 26], [24, 40, 26], [24, 40, 26], [44, 25, 21], [44, 25, 21], [44, 25, 21], [44, 25, 21], [44, 25, 21], [44, 25, 21], [44, 25, 21], [44, 25, 21], [44, 25, 21], [44, 25, 21], [44, 25, 21], [44, 25, 21], [29, 43, 18], [29, 43, 18], [29, 43, 18], [29, 43, 18], [29, 43, 18], [29, 43, 18], [29, 43, 18], [24, 45, 21], [24, 45, 21], [24, 45, 21], [24, 45, 21], [24, 45, 21], [24, 45, 21], [24, 45, 21], [24, 45, 21], [42, 33, 15], [42, 33, 15], [42, 33, 15], [42, 33, 15], [42, 33, 15], [42, 33, 15], [42, 33, 15], [42, 33, 15], [42, 33, 15], [42, 33, 15], [42, 33, 15], [42, 33, 15], [42, 33, 15], [41, 18, 31], [30, 45, 15], [30, 45, 15], [30, 45, 15], [30, 45, 15], [30, 45, 15], [30, 45, 15], [30, 45, 15], [30, 45, 15], [30, 45, 15], [30, 45, 15], [30, 45, 15], [30, 45, 15], [30, 45, 15], [30, 45, 15], [30, 45, 15], [30, 45, 15], [30, 45, 15], [30, 45, 15], [30, 45, 15], [30, 45, 15], [30, 45, 15], [30, 45, 15], [30, 45, 15], [30, 45, 15], [30, 45, 15], [30, 45, 15], [30, 45, 15], [31, 44, 15], [31, 44, 15], [31, 44, 15], [31, 44, 15], [31, 44, 15], [31, 44, 15], [31, 44, 15], [31, 44, 15], [31, 44, 15], [31, 44, 15], [39, 15, 36], [38, 37, 15], [38, 37, 15], [38, 37, 15], [38, 37, 15], [38, 37, 15], [38, 37, 15], [38, 37, 15], [38, 37, 15], [38, 37, 15], [38, 37, 15], [38, 37, 15], [45, 15, 30], [45, 15, 30], [45, 15, 30], [45, 15, 30], [45, 15, 30], [45, 15, 30], [33, 42, 15], [30, 45, 15], [30, 45, 15], [45, 30, 15], [30, 45, 15], [30, 45, 15], [30, 45, 15], [30, 45, 15], [30, 45, 15], [30, 45, 15], [42, 33, 15], [30, 45, 15], [30, 45, 15], [30, 45, 15], [30, 45, 15], [27, 18, 45], [30, 45, 15], [30, 45, 15], [30, 45, 15], [30, 45, 15], [30, 45, 15], [30, 45, 15], [30, 45, 15], [30, 45, 15], [30, 45, 15], [32, 38, 20], [29, 45, 16], [29, 45, 16], [29, 45, 16], [29, 45, 16], [29, 45, 16], [29, 45, 16], [29, 45, 16], [45, 30, 15], [45, 30, 15], [45, 30, 15], [45, 30, 15], [45, 30, 15], [45, 30, 15], [29, 45, 16], [29, 45, 16], [29, 45, 16], [29, 45, 16], [29, 45, 16], [29, 45, 16], [29, 45, 16], [29, 45, 16], [29, 45, 16], [29, 45, 16], [29, 45, 16], [29, 45, 16], [29, 45, 16], [29, 45, 16], [30, 45, 15], [30, 45, 15], [30, 45, 15], [30, 45, 15], [30, 45, 15], [30, 45, 15], [30, 45, 15], [30, 45, 15], [30, 45, 15], [45, 30, 15], [45, 23, 22], [30, 45, 15], [30, 45, 15], [30, 45, 15], [30, 45, 15], [30, 45, 15], [45, 23, 22], [45, 23, 22], [45, 23, 22], [24, 45, 21], [24, 45, 21], [24, 45, 21], [24, 45, 21], [24, 45, 21], [24, 45, 21], [30, 45, 15], [30, 45, 15], [30, 45, 15], [30, 45, 15], [45, 30, 15], [45, 30, 15], [30, 45, 15], [30, 45, 15], [30, 45, 15], [30, 45, 15], [30, 45, 15], [45, 27, 18], [38, 37, 15], [30, 45, 15], [30, 45, 15], [30, 45, 15], [30, 45, 15], [20, 45, 25], [25, 45, 20], [45, 30, 15], [45, 30, 15], [45, 30, 15], [45, 30, 15], [45, 30, 15], [45, 30, 15], [45, 30, 15], [30, 45, 15], [30, 45, 15], [30, 45, 15], [45, 30, 15], [45, 30, 15], [45, 30, 15], [45, 30, 15], [45, 30, 15], [45, 30, 15], [35, 40, 15], [45, 30, 15], [20, 25, 45], [20, 25, 45], [27, 45, 18], [27, 45, 18], [27, 45, 18], [27, 45, 18], [27, 45, 18], [27, 45, 18], [20, 25, 45], [45, 29, 16], [45, 29, 16], [45, 29, 16], [45, 29, 16], [35, 38, 17], [45, 28, 17], [30, 45, 15], [30, 45, 15], [30, 45, 15], [30, 45, 15], [30, 45, 15], [30, 45, 15], [30, 45, 15], [30, 45, 15], [30, 45, 15], [30, 45, 15], [30, 45, 15], [30, 45, 15], [30, 45, 15], [45, 15, 30], [45, 15, 30], [45, 15, 30], [45, 15, 30], [45, 15, 30], [45, 15, 30], [30, 45, 15], [30, 45, 15], [30, 45, 15], [45, 30, 15], [30, 45, 15], [30, 45, 15], [30, 45, 15], [30, 45, 15], [30, 45, 15], [30, 45, 15], [39, 36, 15], [30, 45, 15], [30, 45, 15], [30, 45, 15], [30, 45, 15], [24, 21, 45], [30, 45, 15], [30, 45, 15], [30, 45, 15], [30, 45, 15], [30, 45, 15], [30, 45, 15], [30, 45, 15], [30, 45, 15], [28, 38, 24], [24, 45, 21], [24, 45, 21], [24, 45, 21], [24, 45, 21], [24, 45, 21], [24, 45, 21], [45, 29, 16], [45, 29, 16], [45, 29, 16], [45, 29, 16], [45, 29, 16], [24, 45, 21], [24, 45, 21], [24, 45, 21], [24, 45, 21], [24, 45, 21], [24, 45, 21], [24, 45, 21], [24, 45, 21], [24, 45, 21], [24, 45, 21], [24, 45, 21], [24, 45, 21], [24, 45, 21], [30, 45, 15], [30, 45, 15], [30, 45, 15], [30, 45, 15], [30, 45, 15], [30, 45, 15], [30, 45, 15], [30, 45, 15], [30, 45, 15], [45, 30, 15], [36, 15, 39], [21, 45, 24], [21, 45, 24], [21, 45, 24], [21, 45, 24], [45, 15, 30], [45, 15, 30], [45, 15, 30], [17, 45, 28], [17, 45, 28], [17, 45, 28], [17, 45, 28], [17, 45, 28], [27, 45, 18], [27, 45, 18], [27, 45, 18], [27, 45, 18], [27, 45, 18], [27, 45, 18], [27, 45, 18], [27, 45, 18], [27, 45, 18], [43, 32, 15], [45, 30, 15], [30, 45, 15], [30, 45, 15], [30, 45, 15], [30, 45, 15], [30, 45, 15], [30, 45, 15], [43, 15, 32], [30, 45, 15], [30, 45, 15], [30, 45, 15], [30, 45, 15], [30, 45, 15], [20, 45, 25], [45, 30, 15], [45, 30, 15], [45, 30, 15], [45, 30, 15], [45, 30, 15], [45, 30, 15], [45, 30, 15], [45, 30, 15], [30, 45, 15], [30, 45, 15], [30, 45, 15], [45, 30, 15], [45, 30, 15], [45, 30, 15], [45, 30, 15], [45, 30, 15], [45, 30, 15], [30, 45, 15], [45, 30, 15], [15, 30, 45], [16, 29, 45], [27, 45, 18], [27, 45, 18], [27, 45, 18], [27, 45, 18], [27, 45, 18], [27, 45, 18], [16, 29, 45], [45, 30, 15], [45, 30, 15], [45, 30, 15], [45, 30, 15], [30, 43, 17], [45, 24, 21], [30, 45, 15], [30, 45, 15], [30, 45, 15], [30, 45, 15], [30, 45, 15], [30, 45, 15], [30, 45, 15], [30, 45, 15], [30, 45, 15], [30, 45, 15], [30, 45, 15], [30, 45, 15], [30, 45, 15]]
t.get('trafficImbalanceFrequency')= 20
t.get('trafficImbalanceFactor')= 1                        
WeightedTimeLoss= 58.856642109344705
WeightedDuration= 106.71525785188058
WeatherVariance= 100.0
WeatherVariationFactor= 1.0                        
timeLossMap= {'-E1_0': None, '-E1_1': '448.81', '-E1_2': '405.51', '-E2_0': None, '-E2_1': '604.46', '-E2_2': '288.44', '-E3_0': None, '-E3_1': '427.91', '-E3_2': '738.05', '-E4_0': None, '-E4_1': '357.33', '-E4_2': '438.02', 'E1_0': None, 'E1_1': '60023.50', 'E1_2': '103542.41', 'E2_0': None, 'E2_1': '9141.45', 'E2_2': '13886.28', 'E3_0': None, 'E3_1': '9846.48', 'E3_2': '15197.13', 'E4_0': None, 'E4_1': '8879.30', 'E4_2': '14131.27'}
waitingTimeMap= {'-E1_0': None, '-E1_1': '0.00', '-E1_2': '0.00', '-E2_0': None, '-E2_1': '0.00', '-E2_2': '0.00', '-E3_0': None, '-E3_1': '0.00', '-E3_2': '0.00', '-E4_0': None, '-E4_1': '0.00', '-E4_2': '0.00', 'E1_0': None, 'E1_1': '48748.00', 'E1_2': '88308.00', 'E2_0': None, 'E2_1': '6016.00', 'E2_2': '10947.00', 'E3_0': None, 'E3_1': '6814.00', 'E3_2': '11893.00', 'E4_0': None, 'E4_1': '5666.00', 'E4_2': '11002.00'}
floodedWaitingTimeMap= {'E1_1': '48748.00', 'E1_2': '88308.00', 'E3_2': '11893.00'}
totalWaitingTime= 189394.0
totalFloodedWaitingTime= 148949.0
adjustedFloodedWaitingTime= 0.7864504683358501                        
floodedTimeLossMap= {'E1_1': '60023.50', 'E1_2': '103542.41', 'E3_2': '15197.13'}
totalTimeLoss= 238356.35
totalFloodedTimeLoss= 178763.04
adjustedFloodedTimeLoss= 0.7499822849275884                        
CO2EmissionAvg= 171105.50582223086
fuelUseAvg= 55463.4945239262
EmrgWaitingTimeAvg= 63.916666666666664
EmrgTimeLossAvg= 78.77666666666667
EmrgDurationAvg= 100.47222222222223