***Starting server on port 53962 ***
Loading net-file from 'sumo_simulation/sumo_elements/test.net.xml' ... done (12ms).
Loading additional-files from 'sumo_simulation/sumo_elements/test.add.xml' ... done (144ms).
Warning: Unused states in tlLogic 'J4', program '0' in phase 0 after tl-index 15
Warning: Missing yellow phase in tlLogic 'J4', program '0' for tl-index 1 when switching to phase 1.
Warning: Missing yellow phase in tlLogic 'J4', program '0' for tl-index 4 when switching to phase 4.
Warning: Missing green phase in tlLogic 'J4', program '0' for tl-index 16.
Loading route-files incrementally from 'sumo_simulation/sumo_elements/test.rou.xml'
Loading done.
Simulation version 1.23.1 started with time: 0.00.
Warning: Vehicle 'f_6.153' performs emergency braking on lane 'E4_2' with decel=9.00, wished=4.50, severity=1.00, time=4572.00.
Simulation ended at time: 10168.00.
Reason: TraCI requested termination.
Performance:
 Duration: 243.56s
 TraCI-Duration: 233.41s
 Real time factor: 41.7469
 UPS: 678.592397
 UPS-Persons: 943.373994
Vehicles:
 Inserted: 3140
 Running: 0
 Waiting: 0
 Emergency Braking: 1
Persons:
 Inserted: 1518
 Running: 0
Statistics (avg of 3140):
 RouteLength: 190.10
 Speed: 4.94
 Duration: 52.64
 WaitingTime: 23.48
 TimeLoss: 33.23
 DepartDelay: 0.26
Pedestrian Statistics (avg of 1518 walks):
 RouteLength: 155.69
 Duration: 151.36
 TimeLoss: 38.33
DijkstraRouter answered 42536 queries and explored 23.60 edges on average.
DijkstraRouter spent 0.39s answering queries (0.01ms on average).
DijkstraRouter answered 1518 queries and explored 32.00 edges on average.
DijkstraRouter spent 0.03s answering queries (0.02ms on average).

-----------------------------------------------------------
**** Adding simulation info from Sumo Controller ****
RunAdaptation= 1
MinimumTime= 15
MaximumTime= 45
CurrentTemperature= 10
MaxTemperature= 30
MinTemperature= 10
EmergencyVehiclePriorization= 0
FloodingPriorization= 1
WeatherPriorization= 1                        
personPerCarFactor= 1.54
MaximumVehicleSpeed= 16.67
floodedVehicleSpeed= 4.17
floodedLanes= ['E1_2', 'E1_1', 'E3_2']
defaultVehicleFlowProbability= 0.04
emrgVehicleFlowProbability= 0.001
pedestrianFlowProbability= 0.04                        
adaptationInterval= 600
numberOfPhases= 3
fixedPhaseTime= 30
waitingTime= 5
cicleFullTime= 105
edges= ['E1', 'E2', 'E3', 'E4']
crosswalk= [':J4_c0', ':J4_c1', ':J4_c2', ':J4_c3']
entrySensors= ['e2_r1_in_1', 'e2_r1_in_2', 'e2_r2_in_1', 'e2_r2_in_2', 'e2_r3_in_1', 'e2_r3_in_2', 'e2_r4_in_1', 'e2_r4_in_2']
exitSensors= ['e2_r1_out_1', 'e2_r1_out_2', 'e2_r2_out_1', 'e2_r2_out_2', 'e2_r3_out_1', 'e2_r3_out_2', 'e2_r4_out_1', 'e2_r4_out_2']
entrySensorsPerPhase= [['e2_r4_in_2', 'e2_r2_in_2'], ['e2_r1_in_2', 'e2_r3_in_2'], ['e2_r1_in_1', 'e2_r2_in_1', 'e2_r3_in_1', 'e2_r4_in_1']]
exitSensorsPerPhase= [['e2_r4_out_1', 'e2_r2_out_2'], ['e2_r1_out_2', 'e2_r3_out_2'], ['e2_r1_out_1', 'e2_r2_out_1'], ['e2_r3_out_1', 'e2_r4_out_2']]                        
lanePerPhase= [['E2_2', 'E4_2'], ['E1_2', 'E3_2'], ['E1_1', 'E2_1', 'E3_1', 'E4_1']]
crosswalkPerPhase= [[':J4_c1', ':J4_c3'], [':J4_c0', ':J4_c2'], []]
PeopleEdgePerPhase= [['E2', 'E4'], ['E1', 'E3'], []]
trafficLightTimes= [[15, 30, 45], [15, 30, 45], [15, 30, 45], [15, 30, 45], [15, 30, 45], [15, 30, 45], [15, 30, 45], [29, 28, 33], [29, 28, 33], [29, 28, 33], [29, 28, 33], [29, 28, 33], [29, 28, 33], [29, 28, 33], [29, 28, 33], [29, 28, 33], [29, 28, 33], [29, 28, 33], [25, 45, 20], [25, 45, 20], [25, 45, 20], [25, 45, 20], [25, 45, 20], [25, 45, 20], [25, 45, 20], [25, 45, 20], [25, 45, 20], [25, 45, 20], [25, 45, 20], [25, 45, 20], [24, 31, 35], [24, 31, 35], [24, 31, 35], [24, 31, 35], [24, 31, 35], [24, 31, 35], [24, 31, 35], [24, 31, 35], [24, 31, 35], [24, 31, 35], [24, 31, 35], [24, 31, 35], [24, 31, 35], [24, 31, 35], [24, 31, 35], [24, 31, 35], [24, 31, 35], [24, 31, 35], [24, 31, 35], [24, 31, 35], [24, 31, 35], [24, 31, 35], [24, 31, 35], [24, 31, 35], [24, 31, 35], [24, 31, 35], [24, 31, 35], [24, 31, 35], [27, 45, 18], [27, 45, 18], [27, 45, 18], [24, 28, 38], [24, 28, 38], [24, 28, 38], [24, 28, 38], [24, 28, 38], [24, 28, 38], [24, 28, 38], [24, 28, 38], [24, 28, 38], [33, 21, 36], [33, 21, 36], [33, 21, 36], [33, 21, 36], [33, 21, 36], [33, 21, 36], [33, 21, 36], [33, 21, 36], [33, 21, 36], [33, 21, 36], [33, 21, 36], [23, 29, 38], [23, 29, 38], [23, 29, 38], [23, 29, 38], [23, 29, 38], [23, 29, 38], [23, 29, 38], [23, 29, 38], [15, 45, 30], [15, 45, 30], [15, 45, 30], [15, 45, 30], [15, 45, 30], [15, 45, 30], [15, 45, 30], [33, 23, 34], [33, 23, 34], [33, 23, 34], [33, 23, 34], [33, 23, 34], [33, 23, 34], [33, 23, 34], [33, 23, 34], [33, 23, 34], [33, 23, 34], [33, 23, 34], [33, 23, 34], [33, 23, 34], [33, 15, 42], [24, 45, 21], [24, 45, 21], [24, 45, 21], [24, 45, 21], [24, 45, 21], [24, 45, 21], [24, 45, 21], [24, 45, 21], [24, 45, 21], [24, 45, 21], [24, 45, 21], [24, 45, 21], [24, 45, 21], [24, 45, 21], [24, 45, 21], [24, 45, 21], [15, 45, 30], [15, 45, 30], [15, 45, 30], [15, 45, 30], [15, 45, 30], [15, 45, 30], [15, 45, 30], [15, 45, 30], [15, 45, 30], [15, 45, 30], [15, 45, 30], [15, 45, 30], [15, 45, 30], [15, 45, 30], [15, 45, 30], [15, 45, 30], [15, 45, 30], [15, 45, 30], [15, 45, 30], [15, 45, 30], [15, 45, 30], [15, 45, 30], [15, 45, 30], [15, 45, 30], [32, 32, 26], [32, 32, 26], [32, 32, 26], [32, 30, 28], [32, 30, 28], [32, 30, 28], [32, 30, 28], [32, 30, 28], [32, 30, 28], [32, 30, 28], [32, 30, 28], [36, 15, 39], [27, 25, 38], [27, 25, 38], [27, 25, 38], [27, 25, 38], [27, 25, 38], [27, 25, 38], [27, 25, 38], [27, 25, 38], [27, 25, 38], [27, 25, 38], [27, 25, 38], [27, 25, 38], [45, 15, 30], [45, 15, 30], [45, 15, 30], [45, 15, 30], [45, 15, 30], [45, 15, 30], [23, 33, 34], [17, 45, 28], [17, 45, 28], [17, 45, 28], [17, 45, 28], [17, 45, 28], [17, 45, 28], [17, 45, 28], [17, 45, 28], [45, 22, 23], [45, 22, 23], [45, 22, 23], [45, 22, 23], [45, 22, 23], [45, 22, 23], [45, 22, 23], [45, 22, 23], [17, 45, 28], [17, 45, 28], [17, 45, 28], [17, 45, 28], [17, 45, 28], [17, 45, 28], [31, 31, 28], [24, 45, 21], [24, 45, 21], [24, 45, 21], [24, 45, 21], [24, 45, 21], [23, 22, 45], [24, 45, 21], [24, 45, 21], [24, 45, 21], [24, 45, 21], [24, 45, 21], [24, 45, 21], [26, 29, 35], [18, 45, 27], [18, 45, 27], [18, 45, 27], [18, 45, 27], [18, 45, 27], [18, 45, 27], [18, 45, 27], [18, 45, 27], [18, 45, 27], [18, 45, 27], [45, 19, 26], [45, 19, 26], [45, 19, 26], [37, 37, 16], [37, 37, 16], [37, 37, 16], [37, 37, 16], [18, 45, 27], [18, 45, 27], [18, 45, 27], [18, 45, 27], [18, 45, 27], [18, 45, 27], [18, 45, 27], [18, 45, 27], [18, 45, 27], [18, 45, 27], [18, 45, 27], [18, 45, 27], [18, 45, 27], [18, 45, 27], [30, 45, 15], [30, 45, 15], [30, 45, 15], [31, 22, 37], [45, 15, 30], [45, 15, 30], [45, 15, 30], [45, 15, 30], [45, 15, 30], [15, 33, 42], [15, 45, 30], [15, 45, 30], [15, 45, 30], [15, 45, 30], [15, 45, 30], [45, 18, 27], [45, 18, 27], [45, 18, 27], [45, 18, 27], [45, 18, 27], [45, 29, 16], [45, 29, 16], [25, 45, 20], [25, 45, 20], [25, 45, 20], [25, 45, 20], [15, 43, 32], [15, 45, 30], [15, 45, 30], [15, 45, 30], [15, 45, 30], [15, 45, 30], [15, 45, 30], [15, 45, 30], [45, 23, 22], [45, 23, 22], [45, 23, 22], [45, 23, 22], [45, 23, 22], [45, 23, 22], [45, 23, 22], [45, 23, 22], [30, 45, 15], [30, 45, 15], [30, 45, 15], [30, 45, 15], [30, 45, 15], [30, 45, 15], [37, 18, 35], [17, 43, 30], [16, 45, 29], [16, 45, 29], [16, 45, 29], [16, 45, 29], [16, 37, 37], [45, 29, 16], [45, 29, 16], [45, 29, 16], [45, 29, 16], [45, 29, 16], [45, 29, 16], [45, 29, 16], [17, 45, 28], [17, 45, 28], [17, 45, 28], [45, 30, 15], [45, 30, 15], [45, 30, 15], [45, 30, 15], [45, 30, 15], [45, 30, 15], [45, 30, 15], [25, 32, 33], [45, 22, 23], [19, 26, 45], [21, 24, 45], [15, 45, 30], [15, 45, 30], [15, 45, 30], [15, 45, 30], [15, 45, 30], [15, 45, 30], [15, 45, 30], [21, 24, 45], [45, 15, 30], [45, 15, 30], [45, 15, 30], [45, 15, 30], [45, 15, 30], [45, 15, 30], [22, 37, 31], [44, 16, 30], [29, 45, 16], [29, 45, 16], [29, 45, 16], [29, 45, 16], [29, 45, 16], [29, 45, 16], [29, 45, 16], [29, 45, 16], [15, 30, 45], [15, 30, 45], [15, 30, 45], [15, 30, 45], [15, 30, 45], [15, 30, 45], [15, 30, 45], [27, 27, 36], [27, 27, 36], [27, 27, 36], [27, 27, 36], [27, 27, 36], [27, 27, 36], [27, 27, 36], [27, 27, 36], [27, 27, 36], [27, 27, 36], [27, 27, 36], [27, 45, 18], [27, 45, 18], [27, 45, 18], [27, 45, 18], [27, 45, 18], [27, 45, 18], [27, 45, 18], [27, 45, 18], [27, 45, 18], [27, 45, 18], [27, 45, 18], [27, 45, 18], [18, 34, 38], [18, 34, 38], [18, 34, 38], [18, 34, 38], [18, 34, 38], [18, 34, 38], [18, 34, 38], [18, 34, 38], [18, 34, 38], [18, 34, 38], [18, 34, 38], [18, 34, 38], [18, 34, 38], [18, 34, 38], [18, 34, 38], [18, 34, 38], [18, 34, 38], [18, 34, 38], [18, 34, 38], [18, 34, 38], [18, 34, 38], [18, 34, 38], [18, 34, 38], [18, 34, 38], [18, 34, 38], [18, 34, 38], [18, 34, 38], [18, 34, 38], [18, 34, 38], [18, 34, 38], [18, 34, 38], [18, 34, 38], [18, 34, 38], [26, 45, 19], [26, 45, 19], [26, 45, 19], [16, 30, 44], [16, 30, 44], [16, 30, 44], [16, 30, 44], [16, 30, 44], [16, 30, 44], [16, 30, 44], [16, 30, 44], [16, 30, 44], [29, 33, 28], [29, 33, 28], [29, 33, 28], [29, 33, 28], [29, 33, 28], [29, 33, 28], [29, 33, 28], [29, 33, 28], [29, 33, 28], [29, 33, 28], [29, 33, 28], [29, 33, 28], [20, 35, 35], [20, 35, 35], [20, 35, 35], [20, 35, 35], [20, 35, 35], [20, 35, 35], [20, 35, 35], [20, 35, 35], [20, 35, 35], [20, 35, 35], [15, 45, 30], [15, 45, 30], [15, 45, 30], [15, 45, 30], [15, 45, 30], [15, 45, 30], [15, 45, 30], [15, 45, 30], [42, 28, 20], [42, 28, 20], [42, 28, 20], [42, 28, 20], [42, 28, 20], [42, 28, 20], [42, 28, 20], [42, 28, 20], [42, 28, 20], [42, 28, 20], [42, 28, 20], [42, 28, 20], [42, 28, 20], [42, 28, 20], [34, 18, 38], [30, 45, 15], [30, 45, 15], [30, 45, 15], [30, 45, 15], [30, 45, 15], [30, 45, 15], [30, 45, 15], [30, 45, 15], [30, 45, 15], [30, 45, 15], [30, 45, 15], [30, 45, 15], [30, 45, 15], [30, 45, 15], [15, 45, 30], [15, 45, 30], [15, 45, 30], [15, 45, 30], [15, 45, 30], [15, 45, 30], [15, 45, 30], [15, 45, 30], [15, 45, 30], [15, 45, 30], [15, 45, 30], [15, 45, 30], [42, 29, 19], [42, 29, 19], [42, 29, 19], [16, 31, 43], [16, 31, 43], [16, 31, 43], [16, 31, 43], [16, 31, 43], [16, 31, 43], [16, 31, 43], [16, 31, 43], [16, 31, 43], [16, 31, 43], [16, 31, 43], [16, 31, 43], [16, 31, 43], [16, 31, 43], [16, 31, 43], [16, 31, 43], [17, 42, 31], [40, 21, 29], [40, 21, 29], [40, 21, 29], [40, 21, 29], [40, 21, 29], [40, 21, 29], [40, 21, 29], [40, 21, 29], [40, 21, 29], [40, 21, 29], [40, 21, 29], [40, 21, 29], [40, 21, 29], [40, 21, 29], [40, 21, 29], [15, 30, 45], [15, 30, 45], [15, 30, 45], [15, 30, 45], [15, 30, 45], [15, 30, 45], [15, 30, 45], [38, 37, 15], [38, 37, 15], [38, 37, 15], [38, 37, 15], [38, 37, 15], [38, 37, 15], [38, 37, 15], [38, 37, 15], [38, 37, 15], [38, 37, 15], [38, 37, 15], [38, 37, 15], [37, 38, 15], [37, 38, 15], [37, 38, 15], [37, 38, 15], [37, 38, 15], [37, 38, 15], [37, 38, 15], [37, 38, 15], [37, 38, 15], [37, 38, 15], [37, 38, 15], [37, 38, 15], [37, 38, 15], [37, 38, 15], [34, 41, 15], [34, 41, 15], [34, 41, 15], [34, 41, 15], [34, 41, 15], [34, 41, 15], [34, 41, 15], [34, 41, 15], [34, 41, 15], [34, 41, 15], [34, 41, 15], [34, 41, 15], [34, 41, 15], [34, 41, 15], [34, 41, 15], [34, 41, 15], [34, 41, 15], [34, 41, 15], [34, 41, 15], [34, 41, 15], [34, 41, 15], [34, 41, 15], [34, 41, 15], [30, 45, 15], [30, 45, 15], [30, 45, 15], [33, 42, 15], [33, 42, 15], [33, 42, 15], [33, 42, 15], [33, 42, 15], [33, 42, 15], [33, 42, 15], [33, 26, 31], [33, 26, 31], [33, 26, 31], [33, 26, 31], [33, 26, 31], [33, 26, 31], [33, 26, 31], [33, 26, 31], [33, 26, 31], [36, 39, 15], [36, 39, 15], [36, 39, 15], [36, 39, 15], [36, 39, 15], [36, 39, 15], [30, 45, 15], [30, 45, 15], [30, 45, 15], [30, 45, 15], [30, 45, 15], [30, 45, 15], [30, 45, 15], [44, 31, 15], [44, 31, 15], [44, 31, 15], [44, 31, 15], [44, 31, 15], [44, 31, 15], [44, 31, 15], [44, 31, 15], [44, 31, 15], [44, 31, 15], [44, 31, 15], [44, 31, 15], [42, 27, 21], [41, 34, 15], [41, 34, 15], [41, 34, 15], [41, 34, 15], [41, 34, 15], [41, 34, 15], [41, 34, 15], [41, 34, 15], [41, 34, 15], [41, 34, 15], [41, 34, 15], [41, 34, 15], [41, 34, 15], [30, 45, 15], [30, 45, 15], [30, 45, 15], [30, 45, 15], [30, 45, 15], [30, 45, 15], [30, 45, 15], [30, 45, 15], [30, 45, 15], [30, 45, 15], [30, 45, 15], [30, 45, 15], [30, 45, 15], [30, 45, 15], [30, 45, 15], [30, 45, 15], [30, 45, 15], [30, 45, 15], [30, 45, 15], [38, 37, 15], [38, 37, 15], [38, 37, 15], [38, 37, 15], [38, 37, 15], [38, 37, 15], [38, 37, 15], [38, 37, 15], [38, 37, 15], [45, 24, 21], [45, 27, 18], [45, 27, 18], [45, 27, 18], [45, 27, 18], [45, 27, 18], [45, 27, 18], [45, 27, 18], [45, 27, 18], [45, 27, 18], [45, 27, 18], [45, 15, 30], [45, 15, 30], [45, 15, 30], [45, 15, 30], [45, 15, 30], [45, 15, 30], [18, 39, 33], [15, 45, 30], [15, 45, 30], [15, 45, 30], [15, 45, 30], [15, 45, 30], [15, 45, 30], [15, 45, 30], [15, 45, 30], [45, 25, 20], [45, 25, 20], [45, 25, 20], [45, 25, 20], [45, 25, 20], [45, 25, 20], [45, 25, 20], [45, 25, 20], [15, 45, 30], [15, 45, 30], [15, 45, 30], [15, 45, 30], [15, 45, 30], [15, 45, 30], [28, 31, 31], [21, 45, 24], [21, 45, 24], [21, 45, 24], [21, 45, 24], [21, 45, 24], [21, 24, 45], [21, 45, 24], [21, 45, 24], [21, 45, 24], [21, 45, 24], [21, 45, 24], [21, 45, 24], [20, 35, 35], [15, 45, 30], [15, 45, 30], [15, 45, 30], [15, 45, 30], [15, 45, 30], [15, 45, 30], [15, 45, 30], [15, 45, 30], [15, 45, 30], [15, 45, 30], [45, 23, 22], [45, 23, 22], [45, 23, 22], [37, 37, 16], [37, 37, 16], [37, 37, 16], [37, 37, 16], [15, 45, 30], [15, 45, 30], [15, 45, 30], [15, 45, 30], [15, 45, 30], [15, 45, 30], [15, 45, 30], [15, 45, 30], [15, 45, 30], [15, 45, 30], [15, 45, 30], [15, 45, 30], [15, 45, 30], [15, 45, 30], [30, 45, 15], [30, 45, 15], [30, 45, 15], [19, 26, 45], [45, 15, 30], [45, 15, 30], [45, 15, 30], [45, 15, 30], [45, 15, 30], [45, 15, 30], [15, 38, 37], [15, 45, 30], [15, 45, 30], [15, 45, 30], [15, 45, 30], [15, 45, 30], [15, 45, 30], [45, 23, 22], [45, 23, 22], [45, 23, 22], [15, 44, 31], [15, 45, 30], [15, 45, 30], [15, 45, 30], [15, 45, 30], [15, 45, 30], [15, 45, 30], [20, 45, 25], [20, 45, 25], [20, 45, 25], [20, 45, 25], [45, 30, 15], [45, 30, 15], [45, 30, 15], [30, 45, 15], [30, 45, 15], [30, 45, 15], [30, 45, 15], [30, 45, 15], [30, 45, 15], [30, 45, 15], [30, 15, 45], [15, 45, 30], [15, 45, 30], [15, 45, 30], [15, 45, 30], [37, 37, 16], [45, 30, 15], [45, 30, 15], [45, 30, 15], [45, 30, 15], [45, 30, 15], [45, 30, 15], [45, 30, 15], [45, 30, 15], [45, 30, 15], [45, 30, 15], [45, 30, 15], [15, 45, 30], [15, 45, 30], [15, 45, 30], [15, 45, 30], [45, 30, 15], [45, 30, 15], [45, 30, 15], [45, 30, 15], [25, 25, 40], [45, 15, 30], [45, 15, 30], [45, 15, 30], [45, 15, 30], [45, 15, 30], [45, 15, 30], [15, 45, 30], [15, 45, 30], [15, 45, 30], [15, 45, 30], [15, 45, 30], [15, 45, 30], [15, 30, 45], [45, 30, 15], [45, 30, 15], [45, 30, 15], [30, 15, 45], [27, 25, 38], [17, 45, 28], [17, 45, 28], [17, 45, 28], [17, 45, 28], [17, 45, 28], [17, 45, 28], [17, 45, 28], [17, 45, 28], [17, 45, 28], [17, 45, 28], [15, 30, 45], [15, 30, 45], [15, 30, 45], [15, 30, 45], [15, 30, 45], [15, 30, 45], [15, 30, 45], [38, 37, 15], [38, 37, 15], [38, 37, 15], [38, 37, 15], [38, 37, 15], [38, 37, 15], [38, 37, 15], [38, 37, 15], [38, 37, 15], [38, 37, 15], [38, 37, 15], [38, 37, 15], [33, 42, 15], [33, 42, 15], [33, 42, 15], [33, 42, 15], [33, 42, 15], [33, 42, 15], [33, 42, 15], [33, 42, 15], [33, 42, 15], [33, 42, 15], [33, 42, 15], [33, 42, 15], [33, 42, 15], [33, 42, 15], [34, 41, 15], [34, 41, 15], [34, 41, 15], [34, 41, 15], [34, 41, 15], [34, 41, 15], [34, 41, 15], [34, 41, 15], [34, 41, 15], [34, 41, 15], [34, 41, 15], [34, 41, 15], [34, 41, 15], [34, 41, 15], [34, 41, 15], [34, 41, 15], [34, 41, 15], [34, 41, 15], [34, 41, 15], [34, 41, 15], [34, 41, 15], [34, 41, 15], [34, 41, 15], [34, 41, 15], [30, 45, 15], [30, 45, 15], [30, 45, 15], [30, 45, 15], [24, 40, 26], [24, 40, 26], [24, 40, 26], [24, 40, 26], [24, 40, 26], [24, 40, 26], [24, 40, 26], [24, 40, 26], [44, 25, 21], [44, 25, 21], [44, 25, 21], [44, 25, 21], [44, 25, 21], [44, 25, 21], [44, 25, 21], [44, 25, 21], [44, 25, 21], [44, 25, 21], [44, 25, 21], [44, 25, 21], [29, 43, 18], [29, 43, 18], [29, 43, 18], [29, 43, 18], [29, 43, 18], [29, 43, 18], [29, 43, 18], [24, 45, 21], [24, 45, 21], [24, 45, 21], [24, 45, 21], [24, 45, 21], [24, 45, 21], [24, 45, 21], [24, 45, 21], [42, 33, 15], [42, 33, 15], [42, 33, 15], [42, 33, 15], [42, 33, 15], [42, 33, 15], [42, 33, 15], [42, 33, 15], [42, 33, 15], [42, 33, 15], [42, 33, 15], [42, 33, 15], [42, 33, 15], [41, 18, 31], [30, 45, 15], [30, 45, 15], [30, 45, 15], [30, 45, 15], [30, 45, 15], [30, 45, 15], [30, 45, 15], [30, 45, 15], [30, 45, 15], [30, 45, 15], [30, 45, 15], [30, 45, 15], [30, 45, 15], [30, 45, 15], [30, 45, 15], [30, 45, 15], [30, 45, 15], [30, 45, 15], [30, 45, 15], [30, 45, 15], [30, 45, 15], [30, 45, 15], [30, 45, 15], [30, 45, 15], [30, 45, 15], [30, 45, 15], [30, 45, 15], [31, 44, 15], [31, 44, 15], [31, 44, 15], [31, 44, 15], [31, 44, 15], [31, 44, 15], [31, 44, 15], [31, 44, 15], [31, 44, 15], [31, 44, 15], [39, 15, 36], [38, 37, 15], [38, 37, 15], [38, 37, 15], [38, 37, 15], [38, 37, 15], [38, 37, 15], [38, 37, 15], [38, 37, 15], [38, 37, 15], [38, 37, 15], [38, 37, 15]]
VehiclesPerSecondInbalance= 0.0
trafficImbalanceFrequency= 20
trafficImbalanceFactor= 0                        
WeightedTimeLoss= 34.89290682696438
WeightedDuration= 84.81129240017175
WeightedWaitingTime= 15.825032202662086
WeatherVariance= 100.0
WeatherVariationFactor= 1.0                        
timeLossMap= {'-E1_0': None, '-E1_1': '407.95', '-E1_2': '441.04', '-E2_0': None, '-E2_1': '278.78', '-E2_2': '566.80', '-E3_0': None, '-E3_1': '395.64', '-E3_2': '434.78', '-E4_0': None, '-E4_1': '307.01', '-E4_2': '487.74', 'E1_0': None, 'E1_1': '11824.09', 'E1_2': '14498.85', 'E2_0': None, 'E2_1': '9685.41', 'E2_2': '12791.43', 'E3_0': None, 'E3_1': '10521.57', 'E3_2': '14385.47', 'E4_0': None, 'E4_1': '10912.88', 'E4_2': '14094.17'}
waitingTimeMap= {'-E1_0': None, '-E1_1': '0.00', '-E1_2': '0.00', '-E2_0': None, '-E2_1': '0.00', '-E2_2': '0.00', '-E3_0': None, '-E3_1': '0.00', '-E3_2': '0.00', '-E4_0': None, '-E4_1': '0.00', '-E4_2': '0.00', 'E1_0': None, 'E1_1': '9261.00', 'E1_2': '10973.00', 'E2_0': None, 'E2_1': '6577.00', 'E2_2': '9844.00', 'E3_0': None, 'E3_1': '7442.00', 'E3_2': '11074.00', 'E4_0': None, 'E4_1': '7638.00', 'E4_2': '10762.00'}
floodedWaitingTimeMap= {'E1_1': '9261.00', 'E1_2': '10973.00', 'E3_2': '11074.00'}
totalWaitingTime= 73571.0
totalFloodedWaitingTime= 31308.0
averageFloodedWaitingTime= 22.507548526240114                        
floodedTimeLossMap= {'E1_1': '11824.09', 'E1_2': '14498.85', 'E3_2': '14385.47'}
totalTimeLoss= 102033.61
totalFloodedTimeLoss= 40708.41
averageFloodedTimeLoss= 29.265571531272467                        
averageEmrgVehicleWaitingTime= 21.61111111111111
averageEmrgVehicleTimeLoss= 31.146388888888893
averageEmrgVehicleDuration= 52.80555555555556
averageVehicleWaitingTime= 23.47547770700637
averageVehicleTimeLoss= 33.2296337579618
averageVehicleDuration= 52.63694267515923
averagePersonWaitingTime= 0.0
averagePersonTimeLoss= 38.333405797101456
averagePersonDuration= 151.3642951251647
averageCO2Emission= 120432.26762161654
averageFuelUse= 39037.415539136695
EmrgVehicleCount= 36
vehiclesCount= 3140
personsCount= 1518