**** Simulation Results from 18/07/2025 at 09:36:21 ****
**Comparative Metrics**
	WeightedTimeLoss= 36.37114641477029
	WeightedDuration= 86.28431515671963
	adjustedFloodedWaitingTime= 0.4684366169415785
	adjustedFloodedTimeLoss= 0.43387685809270676
	CO2EmissionAvg= 121734.18559375216
	fuelUseAvg= 39458.66562686969
	EmrgWaitingTimeAvg= 32.611111111111114
	EmrgTimeLossAvg= 42.72222222222222
	EmrgDurationAvg= 64.52777777777777
	vehicleWaitingTimeAvg= 24.26751592356688

**Simulation Parameters**
	RunAdaptation= 0
	trafficImbalanceFactor= 0
	trafficImbalanceFrequency= 20
	EmergencyVehiclePriorization= 0
	FloodingPriorization= 0
	WeatherPriorization= 0

**Simulation Data**
	WeatherVariance= 100.0
	WeatherVariationFactor= 1.0
	insertedVehicles= 3140
	vehicleTimeLoss= 33.94
	insertedPedestrian= 1518
	pedestrianTimeLoss= 41.4
	totalWaitingTime= 76085.0
	totalFloodedWaitingTime= 35641.0
	totalTimeLoss= 104413.52
	totalFloodedTimeLoss= 45302.61

Full Metrics at: sumo_simulation/sumo_elements/metrics/20250718_093621_fixed_metrics.log
LaneArea Metrics at: sumo_simulation/sumo_elements/metrics/20250718_093621_fixed_lanedata.xml
--------------------------------------------------------
**** Simulation Results from 18/07/2025 at 09:36:40 ****
**Comparative Metrics**
	WeightedTimeLoss= 36.80069987118935
	WeightedDuration= 86.68016316015458
	adjustedFloodedWaitingTime= 0.4662676822633297
	adjustedFloodedTimeLoss= 0.43110348878897464
	CO2EmissionAvg= 122372.85506586017
	fuelUseAvg= 39666.14156144173
	EmrgWaitingTimeAvg= 27.86111111111111
	EmrgTimeLossAvg= 37.35888888888889
	EmrgDurationAvg= 59.05555555555556
	vehicleWaitingTimeAvg= 24.619745222929936

**Simulation Parameters**
	RunAdaptation= 1
	trafficImbalanceFactor= 0
	trafficImbalanceFrequency= 20
	EmergencyVehiclePriorization= 0
	FloodingPriorization= 0
	WeatherPriorization= 0

**Simulation Data**
	WeatherVariance= 100.0
	WeatherVariationFactor= 1.0
	insertedVehicles= 3140
	vehicleTimeLoss= 34.35
	insertedPedestrian= 1518
	pedestrianTimeLoss= 41.87
	totalWaitingTime= 77196.0
	totalFloodedWaitingTime= 35994.0
	totalTimeLoss= 105712.9
	totalFloodedTimeLoss= 45573.2

Full Metrics at: sumo_simulation/sumo_elements/metrics/20250718_093640_adaptive_metrics.log
LaneArea Metrics at: sumo_simulation/sumo_elements/metrics/20250718_093640_adaptive_lanedata.xml
--------------------------------------------------------
**** Simulation Results from 18/07/2025 at 09:38:21 ****
**Comparative Metrics**
	WeightedTimeLoss= 37.56106054100473
	WeightedDuration= 87.4909703735509
	adjustedFloodedWaitingTime= 0.45321630187184314
	adjustedFloodedTimeLoss= 0.42270939082427367
	CO2EmissionAvg= 124346.06614593836
	fuelUseAvg= 40305.781401141394
	EmrgWaitingTimeAvg= 28.055555555555557
	EmrgTimeLossAvg= 37.855277777777786
	EmrgDurationAvg= 59.52777777777778
	vehicleWaitingTimeAvg= 25.763694267515923

**Simulation Parameters**
	RunAdaptation= 1
	trafficImbalanceFactor= 0
	trafficImbalanceFrequency= 20
	EmergencyVehiclePriorization= 1
	FloodingPriorization= 0
	WeatherPriorization= 0

**Simulation Data**
	WeatherVariance= 100.0
	WeatherVariationFactor= 1.0
	insertedVehicles= 3140
	vehicleTimeLoss= 35.71
	insertedPedestrian= 1518
	pedestrianTimeLoss= 41.39
	totalWaitingTime= 80776.0
	totalFloodedWaitingTime= 36609.0
	totalTimeLoss= 109935.93000000001
	totalFloodedTimeLoss= 46470.95

Full Metrics at: sumo_simulation/sumo_elements/metrics/20250718_093821_adaptive_metrics.log
LaneArea Metrics at: sumo_simulation/sumo_elements/metrics/20250718_093821_adaptive_lanedata.xml
--------------------------------------------------------
**** Simulation Results from 18/07/2025 at 09:39:02 ****
**Comparative Metrics**
	WeightedTimeLoss= 36.09775010734221
	WeightedDuration= 86.00069557750108
	adjustedFloodedWaitingTime= 0.418762115379365
	adjustedFloodedTimeLoss= 0.39315952100120316
	CO2EmissionAvg= 120516.67173362948
	fuelUseAvg= 39064.253417495245
	EmrgWaitingTimeAvg= 29.72222222222222
	EmrgTimeLossAvg= 39.27416666666667
	EmrgDurationAvg= 61.0
	vehicleWaitingTimeAvg= 23.3656050955414

**Simulation Parameters**
	RunAdaptation= 1
	trafficImbalanceFactor= 0
	trafficImbalanceFrequency= 20
	EmergencyVehiclePriorization= 0
	FloodingPriorization= 1
	WeatherPriorization= 0

**Simulation Data**
	WeatherVariance= 100.0
	WeatherVariationFactor= 1.0
	insertedVehicles= 3140
	vehicleTimeLoss= 33.08
	insertedPedestrian= 1518
	pedestrianTimeLoss= 42.34
	totalWaitingTime= 73254.0
	totalFloodedWaitingTime= 30676.0
	totalTimeLoss= 101653.7
	totalFloodedTimeLoss= 39966.12

Full Metrics at: sumo_simulation/sumo_elements/metrics/20250718_093902_adaptive_metrics.log
LaneArea Metrics at: sumo_simulation/sumo_elements/metrics/20250718_093902_adaptive_lanedata.xml
--------------------------------------------------------
**** Simulation Results from 18/07/2025 at 09:41:06 ****
**Comparative Metrics**
	WeightedTimeLoss= 34.43771575783598
	WeightedDuration= 84.36436668097896
	adjustedFloodedWaitingTime= 0.42433960213066635
	adjustedFloodedTimeLoss= 0.3987375215094731
	CO2EmissionAvg= 120300.13435719408
	fuelUseAvg= 38994.754196225214
	EmrgWaitingTimeAvg= 19.0
	EmrgTimeLossAvg= 28.352222222222217
	EmrgDurationAvg= 50.111111111111114
	vehicleWaitingTimeAvg= 23.488853503184714

**Simulation Parameters**
	RunAdaptation= 1
	trafficImbalanceFactor= 0
	trafficImbalanceFrequency= 20
	EmergencyVehiclePriorization= 0
	FloodingPriorization= 0
	WeatherPriorization= 1

**Simulation Data**
	WeatherVariance= 100.0
	WeatherVariationFactor= 1.0
	insertedVehicles= 3140
	vehicleTimeLoss= 33.17
	insertedPedestrian= 1518
	pedestrianTimeLoss= 37.06
	totalWaitingTime= 73592.0
	totalFloodedWaitingTime= 31228.0
	totalTimeLoss= 101798.17
	totalFloodedTimeLoss= 40590.75

Full Metrics at: sumo_simulation/sumo_elements/metrics/20250718_094106_adaptive_metrics.log
LaneArea Metrics at: sumo_simulation/sumo_elements/metrics/20250718_094106_adaptive_lanedata.xml
--------------------------------------------------------
**** Simulation Results from 18/07/2025 at 09:42:40 ****
**Comparative Metrics**
	WeightedTimeLoss= 38.48222413052812
	WeightedDuration= 88.38191069128382
	adjustedFloodedWaitingTime= 0.4650678647879372
	adjustedFloodedTimeLoss= 0.4338754715282388
	CO2EmissionAvg= 126571.82808688273
	fuelUseAvg= 41027.67016825086
	EmrgWaitingTimeAvg= 23.52777777777778
	EmrgTimeLossAvg= 33.44722222222222
	EmrgDurationAvg= 55.22222222222222
	vehicleWaitingTimeAvg= 27.111783439490445

**Simulation Parameters**
	RunAdaptation= 1
	trafficImbalanceFactor= 0
	trafficImbalanceFrequency= 20
	EmergencyVehiclePriorization= 1
	FloodingPriorization= 1
	WeatherPriorization= 0

**Simulation Data**
	WeatherVariance= 100.0
	WeatherVariationFactor= 1.0
	insertedVehicles= 3140
	vehicleTimeLoss= 37.12
	insertedPedestrian= 1518
	pedestrianTimeLoss= 41.3
	totalWaitingTime= 85022.0
	totalFloodedWaitingTime= 39541.0
	totalTimeLoss= 114401.95
	totalFloodedTimeLoss= 49636.2

Full Metrics at: sumo_simulation/sumo_elements/metrics/20250718_094240_adaptive_metrics.log
LaneArea Metrics at: sumo_simulation/sumo_elements/metrics/20250718_094240_adaptive_lanedata.xml
--------------------------------------------------------
**** Simulation Results from 18/07/2025 at 09:43:16 ****
**Comparative Metrics**
	WeightedTimeLoss= 34.89204379562044
	WeightedDuration= 84.81195362816659
	adjustedFloodedWaitingTime= 0.42554810998899023
	adjustedFloodedTimeLoss= 0.39897059410129665
	CO2EmissionAvg= 120432.26762161654
	fuelUseAvg= 39037.415539136695
	EmrgWaitingTimeAvg= 21.61111111111111
	EmrgTimeLossAvg= 31.146388888888893
	EmrgDurationAvg= 52.80555555555556
	vehicleWaitingTimeAvg= 23.47547770700637

**Simulation Parameters**
	RunAdaptation= 1
	trafficImbalanceFactor= 0
	trafficImbalanceFrequency= 20
	EmergencyVehiclePriorization= 0
	FloodingPriorization= 1
	WeatherPriorization= 1

**Simulation Data**
	WeatherVariance= 100.0
	WeatherVariationFactor= 1.0
	insertedVehicles= 3140
	vehicleTimeLoss= 33.23
	insertedPedestrian= 1518
	pedestrianTimeLoss= 38.33
	totalWaitingTime= 73571.0
	totalFloodedWaitingTime= 31308.0
	totalTimeLoss= 102033.61
	totalFloodedTimeLoss= 40708.41

Full Metrics at: sumo_simulation/sumo_elements/metrics/20250718_094316_adaptive_metrics.log
LaneArea Metrics at: sumo_simulation/sumo_elements/metrics/20250718_094316_adaptive_lanedata.xml
--------------------------------------------------------
**** Simulation Results from 18/07/2025 at 09:44:51 ****
**Comparative Metrics**
	WeightedTimeLoss= 35.05276084156291
	WeightedDuration= 84.99963503649636
	adjustedFloodedWaitingTime= 0.4050048688089426
	adjustedFloodedTimeLoss= 0.38317201960732644
	CO2EmissionAvg= 121435.46191224111
	fuelUseAvg= 39362.76489914872
	EmrgWaitingTimeAvg= 20.055555555555557
	EmrgTimeLossAvg= 29.31138888888889
	EmrgDurationAvg= 50.916666666666664
	vehicleWaitingTimeAvg= 23.92515923566879

**Simulation Parameters**
	RunAdaptation= 1
	trafficImbalanceFactor= 0
	trafficImbalanceFrequency= 20
	EmergencyVehiclePriorization= 1
	FloodingPriorization= 0
	WeatherPriorization= 1

**Simulation Data**
	WeatherVariance= 100.0
	WeatherVariationFactor= 1.0
	insertedVehicles= 3140
	vehicleTimeLoss= 33.86
	insertedPedestrian= 1518
	pedestrianTimeLoss= 37.52
	totalWaitingTime= 74967.0
	totalFloodedWaitingTime= 30362.0
	totalTimeLoss= 103973.38
	totalFloodedTimeLoss= 39839.69

Full Metrics at: sumo_simulation/sumo_elements/metrics/20250718_094451_adaptive_metrics.log
LaneArea Metrics at: sumo_simulation/sumo_elements/metrics/20250718_094451_adaptive_lanedata.xml
--------------------------------------------------------
**** Simulation Results from 18/07/2025 at 09:45:26 ****
**Comparative Metrics**
	WeightedTimeLoss= 35.84865178188063
	WeightedDuration= 85.7685616144268
	adjustedFloodedWaitingTime= 0.41943264642651146
	adjustedFloodedTimeLoss= 0.3943547783889991
	CO2EmissionAvg= 122243.24010051829
	fuelUseAvg= 39624.700120565576
	EmrgWaitingTimeAvg= 19.194444444444443
	EmrgTimeLossAvg= 28.42611111111111
	EmrgDurationAvg= 50.083333333333336
	vehicleWaitingTimeAvg= 24.343630573248408

**Simulation Parameters**
	RunAdaptation= 1
	trafficImbalanceFactor= 0
	trafficImbalanceFrequency= 20
	EmergencyVehiclePriorization= 1
	FloodingPriorization= 1
	WeatherPriorization= 1

**Simulation Data**
	WeatherVariance= 100.0
	WeatherVariationFactor= 1.0
	insertedVehicles= 3140
	vehicleTimeLoss= 34.33
	insertedPedestrian= 1518
	pedestrianTimeLoss= 38.99
	totalWaitingTime= 76284.0
	totalFloodedWaitingTime= 31996.0
	totalTimeLoss= 105484.61
	totalFloodedTimeLoss= 41598.36

Full Metrics at: sumo_simulation/sumo_elements/metrics/20250718_094526_adaptive_metrics.log
LaneArea Metrics at: sumo_simulation/sumo_elements/metrics/20250718_094526_adaptive_lanedata.xml
--------------------------------------------------------
**** Simulation Results from 18/07/2025 at 09:45:55 ****
**Comparative Metrics**
	WeightedTimeLoss= 58.856642109344705
	WeightedDuration= 106.71525785188058
	adjustedFloodedWaitingTime= 0.7864504683358501
	adjustedFloodedTimeLoss= 0.7499822849275884
	CO2EmissionAvg= 171105.50582223086
	fuelUseAvg= 55463.4945239262
	EmrgWaitingTimeAvg= 63.916666666666664
	EmrgTimeLossAvg= 78.77666666666667
	EmrgDurationAvg= 100.47222222222223
	vehicleWaitingTimeAvg= 52.05164835164835

**Simulation Parameters**
	RunAdaptation= 0
	trafficImbalanceFactor= 1
	trafficImbalanceFrequency= 20
	EmergencyVehiclePriorization= 0
	FloodingPriorization= 0
	WeatherPriorization= 0

**Simulation Data**
	WeatherVariance= 100.0
	WeatherVariationFactor= 1.0
	insertedVehicles= 3640
	vehicleTimeLoss= 66.17
	insertedPedestrian= 1518
	pedestrianTimeLoss= 41.32
	totalWaitingTime= 189394.0
	totalFloodedWaitingTime= 148949.0
	totalTimeLoss= 238356.35
	totalFloodedTimeLoss= 178763.04

Full Metrics at: sumo_simulation/sumo_elements/metrics/20250718_094555_fixed_metrics.log
LaneArea Metrics at: sumo_simulation/sumo_elements/metrics/20250718_094555_fixed_lanedata.xml
--------------------------------------------------------
**** Simulation Results from 18/07/2025 at 09:46:20 ****
**Comparative Metrics**
	WeightedTimeLoss= 39.3824234199302
	WeightedDuration= 87.23398216362932
	adjustedFloodedWaitingTime= 0.5344686539766151
	adjustedFloodedTimeLoss= 0.5127949825975381
	CO2EmissionAvg= 128433.30460172464
	fuelUseAvg= 41630.89848391383
	EmrgWaitingTimeAvg= 38.666666666666664
	EmrgTimeLossAvg= 50.27944444444444
	EmrgDurationAvg= 71.97222222222223
	vehicleWaitingTimeAvg= 27.56098901098901

**Simulation Parameters**
	RunAdaptation= 1
	trafficImbalanceFactor= 1
	trafficImbalanceFrequency= 20
	EmergencyVehiclePriorization= 0
	FloodingPriorization= 0
	WeatherPriorization= 0

**Simulation Data**
	WeatherVariance= 100.0
	WeatherVariationFactor= 1.0
	insertedVehicles= 3640
	vehicleTimeLoss= 38.32
	insertedPedestrian= 1518
	pedestrianTimeLoss= 41.93
	totalWaitingTime= 100236.0
	totalFloodedWaitingTime= 53573.0
	totalTimeLoss= 136891.55
	totalFloodedTimeLoss= 70197.3

Full Metrics at: sumo_simulation/sumo_elements/metrics/20250718_094620_adaptive_metrics.log
LaneArea Metrics at: sumo_simulation/sumo_elements/metrics/20250718_094620_adaptive_lanedata.xml
--------------------------------------------------------
**** Simulation Results from 18/07/2025 at 09:48:18 ****
**Comparative Metrics**
	WeightedTimeLoss= 51.52153935633966
	WeightedDuration= 99.37604110120202
	adjustedFloodedWaitingTime= 0.7077724678938081
	adjustedFloodedTimeLoss= 0.6750947140321389
	CO2EmissionAvg= 155192.81779185496
	fuelUseAvg= 50306.253322600154
	EmrgWaitingTimeAvg= 36.02777777777778
	EmrgTimeLossAvg= 48.62305555555557
	EmrgDurationAvg= 70.27777777777777
	vehicleWaitingTimeAvg= 42.67142857142857

**Simulation Parameters**
	RunAdaptation= 1
	trafficImbalanceFactor= 1
	trafficImbalanceFrequency= 20
	EmergencyVehiclePriorization= 1
	FloodingPriorization= 0
	WeatherPriorization= 0

**Simulation Data**
	WeatherVariance= 100.0
	WeatherVariationFactor= 1.0
	insertedVehicles= 3640
	vehicleTimeLoss= 55.68
	insertedPedestrian= 1518
	pedestrianTimeLoss= 41.55
	totalWaitingTime= 155266.0
	totalFloodedWaitingTime= 109893.0
	totalTimeLoss= 200244.88
	totalFloodedTimeLoss= 135184.25999999998

Full Metrics at: sumo_simulation/sumo_elements/metrics/20250718_094818_adaptive_metrics.log
LaneArea Metrics at: sumo_simulation/sumo_elements/metrics/20250718_094818_adaptive_lanedata.xml
--------------------------------------------------------
**** Simulation Results from 18/07/2025 at 09:48:52 ****
**Comparative Metrics**
	WeightedTimeLoss= 39.90752229546336
	WeightedDuration= 87.76202404032571
	adjustedFloodedWaitingTime= 0.5240711516355914
	adjustedFloodedTimeLoss= 0.5055031610574416
	CO2EmissionAvg= 129712.10974646923
	fuelUseAvg= 42045.9552125442
	EmrgWaitingTimeAvg= 30.833333333333332
	EmrgTimeLossAvg= 41.3763888888889
	EmrgDurationAvg= 63.05555555555556
	vehicleWaitingTimeAvg= 28.227197802197804

**Simulation Parameters**
	RunAdaptation= 1
	trafficImbalanceFactor= 1
	trafficImbalanceFrequency= 20
	EmergencyVehiclePriorization= 0
	FloodingPriorization= 1
	WeatherPriorization= 0

**Simulation Data**
	WeatherVariance= 100.0
	WeatherVariationFactor= 1.0
	insertedVehicles= 3640
	vehicleTimeLoss= 39.16
	insertedPedestrian= 1518
	pedestrianTimeLoss= 41.7
	totalWaitingTime= 102654.0
	totalFloodedWaitingTime= 53798.0
	totalTimeLoss= 139946.84
	totalFloodedTimeLoss= 70743.57

Full Metrics at: sumo_simulation/sumo_elements/metrics/20250718_094852_adaptive_metrics.log
LaneArea Metrics at: sumo_simulation/sumo_elements/metrics/20250718_094852_adaptive_lanedata.xml
--------------------------------------------------------
**** Simulation Results from 18/07/2025 at 09:50:40 ****
**Comparative Metrics**
	WeightedTimeLoss= 37.722756882512606
	WeightedDuration= 85.58137262504846
	adjustedFloodedWaitingTime= 0.5321570516680718
	adjustedFloodedTimeLoss= 0.5110122055525234
	CO2EmissionAvg= 127837.53236457292
	fuelUseAvg= 41438.55902912659
	EmrgWaitingTimeAvg= 25.5
	EmrgTimeLossAvg= 35.75833333333334
	EmrgDurationAvg= 57.30555555555556
	vehicleWaitingTimeAvg= 27.404395604395603

**Simulation Parameters**
	RunAdaptation= 1
	trafficImbalanceFactor= 1
	trafficImbalanceFrequency= 20
	EmergencyVehiclePriorization= 0
	FloodingPriorization= 0
	WeatherPriorization= 1

**Simulation Data**
	WeatherVariance= 100.0
	WeatherVariationFactor= 1.0
	insertedVehicles= 3640
	vehicleTimeLoss= 38.02
	insertedPedestrian= 1518
	pedestrianTimeLoss= 37.01
	totalWaitingTime= 99636.0
	totalFloodedWaitingTime= 53022.0
	totalTimeLoss= 135693.98
	totalFloodedTimeLoss= 69341.28

Full Metrics at: sumo_simulation/sumo_elements/metrics/20250718_095040_adaptive_metrics.log
LaneArea Metrics at: sumo_simulation/sumo_elements/metrics/20250718_095040_adaptive_lanedata.xml
--------------------------------------------------------
**** Simulation Results from 18/07/2025 at 09:52:22 ****
**Comparative Metrics**
	WeightedTimeLoss= 48.79522683210547
	WeightedDuration= 96.62855758045754
	adjustedFloodedWaitingTime= 0.6657283307424058
	adjustedFloodedTimeLoss= 0.6355445990154717
	CO2EmissionAvg= 149107.5244777536
	fuelUseAvg= 48333.48783261214
	EmrgWaitingTimeAvg= 34.611111111111114
	EmrgTimeLossAvg= 48.10861111111112
	EmrgDurationAvg= 69.88888888888889
	vehicleWaitingTimeAvg= 39.25576923076923

**Simulation Parameters**
	RunAdaptation= 1
	trafficImbalanceFactor= 1
	trafficImbalanceFrequency= 20
	EmergencyVehiclePriorization= 1
	FloodingPriorization= 1
	WeatherPriorization= 0

**Simulation Data**
	WeatherVariance= 100.0
	WeatherVariationFactor= 1.0
	insertedVehicles= 3640
	vehicleTimeLoss= 51.75
	insertedPedestrian= 1518
	pedestrianTimeLoss= 41.71
	totalWaitingTime= 142806.0
	totalFloodedWaitingTime= 95070.0
	totalTimeLoss= 185865.65
	totalFloodedTimeLoss= 118125.90999999999

Full Metrics at: sumo_simulation/sumo_elements/metrics/20250718_095222_adaptive_metrics.log
LaneArea Metrics at: sumo_simulation/sumo_elements/metrics/20250718_095222_adaptive_lanedata.xml
--------------------------------------------------------
**** Simulation Results from 18/07/2025 at 09:53:00 ****
**Comparative Metrics**
	WeightedTimeLoss= 37.57654905001939
	WeightedDuration= 85.4381077937185
	adjustedFloodedWaitingTime= 0.5179166111629147
	adjustedFloodedTimeLoss= 0.49840049451025836
	CO2EmissionAvg= 126909.09387155695
	fuelUseAvg= 41137.714348207075
	EmrgWaitingTimeAvg= 22.944444444444443
	EmrgTimeLossAvg= 33.406666666666666
	EmrgDurationAvg= 55.083333333333336
	vehicleWaitingTimeAvg= 26.83956043956044

**Simulation Parameters**
	RunAdaptation= 1
	trafficImbalanceFactor= 1
	trafficImbalanceFrequency= 20
	EmergencyVehiclePriorization= 0
	FloodingPriorization= 1
	WeatherPriorization= 1

**Simulation Data**
	WeatherVariance= 100.0
	WeatherVariationFactor= 1.0
	insertedVehicles= 3640
	vehicleTimeLoss= 37.45
	insertedPedestrian= 1518
	pedestrianTimeLoss= 37.88
	totalWaitingTime= 97591.0
	totalFloodedWaitingTime= 50544.0
	totalTimeLoss= 133675.69
	totalFloodedTimeLoss= 66624.03

Full Metrics at: sumo_simulation/sumo_elements/metrics/20250718_095300_adaptive_metrics.log
LaneArea Metrics at: sumo_simulation/sumo_elements/metrics/20250718_095300_adaptive_lanedata.xml
--------------------------------------------------------
**** Simulation Results from 18/07/2025 at 09:54:37 ****
**Comparative Metrics**
	WeightedTimeLoss= 48.510108569212875
	WeightedDuration= 96.38989530825903
	adjustedFloodedWaitingTime= 0.6821133637544364
	adjustedFloodedTimeLoss= 0.6492041121287411
	CO2EmissionAvg= 149643.20758378308
	fuelUseAvg= 48506.960826147915
	EmrgWaitingTimeAvg= 39.19444444444444
	EmrgTimeLossAvg= 51.287777777777784
	EmrgDurationAvg= 73.0
	vehicleWaitingTimeAvg= 39.58736263736264

**Simulation Parameters**
	RunAdaptation= 1
	trafficImbalanceFactor= 1
	trafficImbalanceFrequency= 20
	EmergencyVehiclePriorization= 1
	FloodingPriorization= 0
	WeatherPriorization= 1

**Simulation Data**
	WeatherVariance= 100.0
	WeatherVariationFactor= 1.0
	insertedVehicles= 3640
	vehicleTimeLoss= 52.13
	insertedPedestrian= 1518
	pedestrianTimeLoss= 39.83
	totalWaitingTime= 143979.0
	totalFloodedWaitingTime= 98210.0
	totalTimeLoss= 187170.21
	totalFloodedTimeLoss= 121511.67

Full Metrics at: sumo_simulation/sumo_elements/metrics/20250718_095437_adaptive_metrics.log
LaneArea Metrics at: sumo_simulation/sumo_elements/metrics/20250718_095437_adaptive_lanedata.xml
--------------------------------------------------------
**** Simulation Results from 18/07/2025 at 09:55:16 ****
**Comparative Metrics**
	WeightedTimeLoss= 43.40299728576968
	WeightedDuration= 91.26161302830555
	adjustedFloodedWaitingTime= 0.6120253527824925
	adjustedFloodedTimeLoss= 0.583928499438095
	CO2EmissionAvg= 138980.26512186188
	fuelUseAvg= 45050.477659000826
	EmrgWaitingTimeAvg= 33.666666666666664
	EmrgTimeLossAvg= 45.123333333333335
	EmrgDurationAvg= 66.83333333333333
	vehicleWaitingTimeAvg= 33.532967032967036

**Simulation Parameters**
	RunAdaptation= 1
	trafficImbalanceFactor= 1
	trafficImbalanceFrequency= 20
	EmergencyVehiclePriorization= 1
	FloodingPriorization= 1
	WeatherPriorization= 1

**Simulation Data**
	WeatherVariance= 100.0
	WeatherVariationFactor= 1.0
	insertedVehicles= 3640
	vehicleTimeLoss= 45.21
	insertedPedestrian= 1518
	pedestrianTimeLoss= 39.07
	totalWaitingTime= 121959.0
	totalFloodedWaitingTime= 74642.0
	totalTimeLoss= 161975.79
	totalFloodedTimeLoss= 94582.28

Full Metrics at: sumo_simulation/sumo_elements/metrics/20250718_095516_adaptive_metrics.log
LaneArea Metrics at: sumo_simulation/sumo_elements/metrics/20250718_095516_adaptive_lanedata.xml
--------------------------------------------------------
**** Simulation Results from 18/07/2025 at 09:55:53 ****
**Comparative Metrics**
	WeightedTimeLoss= 71.25975609756097
	WeightedDuration= 117.43365853658537
	adjustedFloodedWaitingTime= 0.8532695895861012
	adjustedFloodedTimeLoss= 0.8229491790871043
	CO2EmissionAvg= 195739.6095326779
	fuelUseAvg= 63450.436110726216
	EmrgWaitingTimeAvg= 66.27777777777777
	EmrgTimeLossAvg= 80.74055555555555
	EmrgDurationAvg= 102.47222222222223
	vehicleWaitingTimeAvg= 66.5536231884058

**Simulation Parameters**
	RunAdaptation= 0
	trafficImbalanceFactor= 2
	trafficImbalanceFrequency= 20
	EmergencyVehiclePriorization= 0
	FloodingPriorization= 0
	WeatherPriorization= 0

**Simulation Data**
	WeatherVariance= 100.0
	WeatherVariationFactor= 1.0
	insertedVehicles= 4140
	vehicleTimeLoss= 82.19
	insertedPedestrian= 1518
	pedestrianTimeLoss= 41.45
	totalWaitingTime= 275478.0
	totalFloodedWaitingTime= 235057.0
	totalTimeLoss= 337364.66
	totalFloodedTimeLoss= 277633.97000000003

Full Metrics at: sumo_simulation/sumo_elements/metrics/20250718_095553_fixed_metrics.log
LaneArea Metrics at: sumo_simulation/sumo_elements/metrics/20250718_095553_fixed_lanedata.xml
--------------------------------------------------------
**** Simulation Results from 18/07/2025 at 09:56:30 ****
**Comparative Metrics**
	WeightedTimeLoss= 65.62634146341463
	WeightedDuration= 111.75170731707318
	adjustedFloodedWaitingTime= 0.8130161300367441
	adjustedFloodedTimeLoss= 0.7831712691572245
	CO2EmissionAvg= 182249.0989596328
	fuelUseAvg= 59077.97499595425
	EmrgWaitingTimeAvg= 46.583333333333336
	EmrgTimeLossAvg= 59.86861111111111
	EmrgDurationAvg= 81.52777777777777
	vehicleWaitingTimeAvg= 58.18888888888889

**Simulation Parameters**
	RunAdaptation= 1
	trafficImbalanceFactor= 2
	trafficImbalanceFrequency= 20
	EmergencyVehiclePriorization= 0
	FloodingPriorization= 0
	WeatherPriorization= 0

**Simulation Data**
	WeatherVariance= 100.0
	WeatherVariationFactor= 1.0
	insertedVehicles= 4140
	vehicleTimeLoss= 73.38
	insertedPedestrian= 1518
	pedestrianTimeLoss= 44.48
	totalWaitingTime= 240855.0
	totalFloodedWaitingTime= 195819.0
	totalTimeLoss= 300910.63
	totalFloodedTimeLoss= 235664.56

Full Metrics at: sumo_simulation/sumo_elements/metrics/20250718_095630_adaptive_metrics.log
LaneArea Metrics at: sumo_simulation/sumo_elements/metrics/20250718_095630_adaptive_lanedata.xml
--------------------------------------------------------
**** Simulation Results from 18/07/2025 at 09:59:14 ****
**Comparative Metrics**
	WeightedTimeLoss= 66.02463414634147
	WeightedDuration= 112.1619512195122
	adjustedFloodedWaitingTime= 0.8093756743881136
	adjustedFloodedTimeLoss= 0.7806055732257535
	CO2EmissionAvg= 183987.8836059432
	fuelUseAvg= 59641.57817949733
	EmrgWaitingTimeAvg= 45.666666666666664
	EmrgTimeLossAvg= 60.297500000000014
	EmrgDurationAvg= 81.97222222222223
	vehicleWaitingTimeAvg= 59.33961352657005

**Simulation Parameters**
	RunAdaptation= 1
	trafficImbalanceFactor= 2
	trafficImbalanceFrequency= 20
	EmergencyVehiclePriorization= 1
	FloodingPriorization= 0
	WeatherPriorization= 0

**Simulation Data**
	WeatherVariance= 100.0
	WeatherVariationFactor= 1.0
	insertedVehicles= 4140
	vehicleTimeLoss= 74.5
	insertedPedestrian= 1518
	pedestrianTimeLoss= 42.91
	totalWaitingTime= 245593.0
	totalFloodedWaitingTime= 198777.0
	totalTimeLoss= 305479.82
	totalFloodedTimeLoss= 238459.25

Full Metrics at: sumo_simulation/sumo_elements/metrics/20250718_095914_adaptive_metrics.log
LaneArea Metrics at: sumo_simulation/sumo_elements/metrics/20250718_095914_adaptive_lanedata.xml
--------------------------------------------------------
**** Simulation Results from 18/07/2025 at 10:00:03 ****
**Comparative Metrics**
	WeightedTimeLoss= 60.93121951219513
	WeightedDuration= 107.05390243902438
	adjustedFloodedWaitingTime= 0.7652101539741989
	adjustedFloodedTimeLoss= 0.7398323131981895
	CO2EmissionAvg= 172633.51166685595
	fuelUseAvg= 55960.77003513227
	EmrgWaitingTimeAvg= 43.0
	EmrgTimeLossAvg= 56.33583333333333
	EmrgDurationAvg= 78.0
	vehicleWaitingTimeAvg= 52.25386473429952

**Simulation Parameters**
	RunAdaptation= 1
	trafficImbalanceFactor= 2
	trafficImbalanceFrequency= 20
	EmergencyVehiclePriorization= 0
	FloodingPriorization= 1
	WeatherPriorization= 0

**Simulation Data**
	WeatherVariance= 100.0
	WeatherVariationFactor= 1.0
	insertedVehicles= 4140
	vehicleTimeLoss= 67.11
	insertedPedestrian= 1518
	pedestrianTimeLoss= 44.08
	totalWaitingTime= 216270.0
	totalFloodedWaitingTime= 165492.0
	totalTimeLoss= 274942.33
	totalFloodedTimeLoss= 203411.22

Full Metrics at: sumo_simulation/sumo_elements/metrics/20250718_100003_adaptive_metrics.log
LaneArea Metrics at: sumo_simulation/sumo_elements/metrics/20250718_100003_adaptive_lanedata.xml
--------------------------------------------------------
**** Simulation Results from 18/07/2025 at 10:02:33 ****
**Comparative Metrics**
	WeightedTimeLoss= 59.996829268292686
	WeightedDuration= 106.1268292682927
	adjustedFloodedWaitingTime= 0.7848016419662917
	adjustedFloodedTimeLoss= 0.7562312263918456
	CO2EmissionAvg= 172491.67958762753
	fuelUseAvg= 55914.73861283402
	EmrgWaitingTimeAvg= 45.138888888888886
	EmrgTimeLossAvg= 57.148333333333326
	EmrgDurationAvg= 78.77777777777777
	vehicleWaitingTimeAvg= 52.27777777777778

**Simulation Parameters**
	RunAdaptation= 1
	trafficImbalanceFactor= 2
	trafficImbalanceFrequency= 20
	EmergencyVehiclePriorization= 0
	FloodingPriorization= 0
	WeatherPriorization= 1

**Simulation Data**
	WeatherVariance= 100.0
	WeatherVariationFactor= 1.0
	insertedVehicles= 4140
	vehicleTimeLoss= 67.01
	insertedPedestrian= 1518
	pedestrianTimeLoss= 40.87
	totalWaitingTime= 216326.0
	totalFloodedWaitingTime= 169773.0
	totalTimeLoss= 274431.13
	totalFloodedTimeLoss= 207533.39

Full Metrics at: sumo_simulation/sumo_elements/metrics/20250718_100233_adaptive_metrics.log
LaneArea Metrics at: sumo_simulation/sumo_elements/metrics/20250718_100233_adaptive_lanedata.xml
--------------------------------------------------------
**** Simulation Results from 18/07/2025 at 10:05:06 ****
**Comparative Metrics**
	WeightedTimeLoss= 62.194634146341464
	WeightedDuration= 108.32463414634147
	adjustedFloodedWaitingTime= 0.7879833607533138
	adjustedFloodedTimeLoss= 0.7600284039982713
	CO2EmissionAvg= 175894.550877607
	fuelUseAvg= 57017.52543530292
	EmrgWaitingTimeAvg= 51.166666666666664
	EmrgTimeLossAvg= 65.2761111111111
	EmrgDurationAvg= 87.0
	vehicleWaitingTimeAvg= 54.19251207729469

**Simulation Parameters**
	RunAdaptation= 1
	trafficImbalanceFactor= 2
	trafficImbalanceFrequency= 20
	EmergencyVehiclePriorization= 1
	FloodingPriorization= 1
	WeatherPriorization= 0

**Simulation Data**
	WeatherVariance= 100.0
	WeatherVariationFactor= 1.0
	insertedVehicles= 4140
	vehicleTimeLoss= 69.24
	insertedPedestrian= 1518
	pedestrianTimeLoss= 42.98
	totalWaitingTime= 224289.0
	totalFloodedWaitingTime= 176736.0
	totalTimeLoss= 283720.62
	totalFloodedTimeLoss= 215635.73

Full Metrics at: sumo_simulation/sumo_elements/metrics/20250718_100506_adaptive_metrics.log
LaneArea Metrics at: sumo_simulation/sumo_elements/metrics/20250718_100506_adaptive_lanedata.xml
--------------------------------------------------------
**** Simulation Results from 18/07/2025 at 10:05:56 ****
**Comparative Metrics**
	WeightedTimeLoss= 56.41
	WeightedDuration= 102.5180487804878
	adjustedFloodedWaitingTime= 0.7468217791897519
	adjustedFloodedTimeLoss= 0.7221466121663664
	CO2EmissionAvg= 164703.78709466464
	fuelUseAvg= 53390.08272595595
	EmrgWaitingTimeAvg= 42.416666666666664
	EmrgTimeLossAvg= 55.00861111111111
	EmrgDurationAvg= 76.63888888888889
	vehicleWaitingTimeAvg= 47.23671497584541

**Simulation Parameters**
	RunAdaptation= 1
	trafficImbalanceFactor= 2
	trafficImbalanceFrequency= 20
	EmergencyVehiclePriorization= 0
	FloodingPriorization= 1
	WeatherPriorization= 1

**Simulation Data**
	WeatherVariance= 100.0
	WeatherVariationFactor= 1.0
	insertedVehicles= 4140
	vehicleTimeLoss= 61.91
	insertedPedestrian= 1518
	pedestrianTimeLoss= 41.41
	totalWaitingTime= 195471.0
	totalFloodedWaitingTime= 145982.0
	totalTimeLoss= 253302.58
	totalFloodedTimeLoss= 182921.6

Full Metrics at: sumo_simulation/sumo_elements/metrics/20250718_100556_adaptive_metrics.log
LaneArea Metrics at: sumo_simulation/sumo_elements/metrics/20250718_100556_adaptive_lanedata.xml
--------------------------------------------------------
**** Simulation Results from 18/07/2025 at 10:08:16 ****
**Comparative Metrics**
	WeightedTimeLoss= 63.23536585365853
	WeightedDuration= 109.43853658536587
	adjustedFloodedWaitingTime= 0.8077024274316754
	adjustedFloodedTimeLoss= 0.7779775425120438
	CO2EmissionAvg= 179856.8066636318
	fuelUseAvg= 58302.34521152552
	EmrgWaitingTimeAvg= 47.583333333333336
	EmrgTimeLossAvg= 60.60722222222223
	EmrgDurationAvg= 82.47222222222223
	vehicleWaitingTimeAvg= 56.93526570048309

**Simulation Parameters**
	RunAdaptation= 1
	trafficImbalanceFactor= 2
	trafficImbalanceFrequency= 20
	EmergencyVehiclePriorization= 1
	FloodingPriorization= 0
	WeatherPriorization= 1

**Simulation Data**
	WeatherVariance= 100.0
	WeatherVariationFactor= 1.0
	insertedVehicles= 4140
	vehicleTimeLoss= 71.92
	insertedPedestrian= 1518
	pedestrianTimeLoss= 39.55
	totalWaitingTime= 235640.0
	totalFloodedWaitingTime= 190327.0
	totalTimeLoss= 294802.34
	totalFloodedTimeLoss= 229349.6

Full Metrics at: sumo_simulation/sumo_elements/metrics/20250718_100816_adaptive_metrics.log
LaneArea Metrics at: sumo_simulation/sumo_elements/metrics/20250718_100816_adaptive_lanedata.xml
--------------------------------------------------------
**** Simulation Results from 18/07/2025 at 10:09:12 ****
**Comparative Metrics**
	WeightedTimeLoss= 59.595609756097566
	WeightedDuration= 105.76951219512193
	adjustedFloodedWaitingTime= 0.7805450212797522
	adjustedFloodedTimeLoss= 0.7528508907634792
	CO2EmissionAvg= 172514.04999662712
	fuelUseAvg= 55921.75462924503
	EmrgWaitingTimeAvg= 48.333333333333336
	EmrgTimeLossAvg= 62.178333333333335
	EmrgDurationAvg= 83.86111111111111
	vehicleWaitingTimeAvg= 52.11908212560387

**Simulation Parameters**
	RunAdaptation= 1
	trafficImbalanceFactor= 2
	trafficImbalanceFrequency= 20
	EmergencyVehiclePriorization= 1
	FloodingPriorization= 1
	WeatherPriorization= 1

**Simulation Data**
	WeatherVariance= 100.0
	WeatherVariationFactor= 1.0
	insertedVehicles= 4140
	vehicleTimeLoss= 67.03
	insertedPedestrian= 1518
	pedestrianTimeLoss= 39.32
	totalWaitingTime= 215698.0
	totalFloodedWaitingTime= 168362.0
	totalTimeLoss= 274557.17
	totalFloodedTimeLoss= 206700.61

Full Metrics at: sumo_simulation/sumo_elements/metrics/20250718_100912_adaptive_metrics.log
LaneArea Metrics at: sumo_simulation/sumo_elements/metrics/20250718_100912_adaptive_lanedata.xml
--------------------------------------------------------
**** Simulation Results from 18/07/2025 at 10:10:03 ****
**Comparative Metrics**
	WeightedTimeLoss= 79.99587528418319
	WeightedDuration= 124.72941539460865
	adjustedFloodedWaitingTime= 0.8850760240553728
	adjustedFloodedTimeLoss= 0.8586210524029009
	CO2EmissionAvg= 211479.85571187953
	fuelUseAvg= 68554.20130763277
	EmrgWaitingTimeAvg= 62.97222222222222
	EmrgTimeLossAvg= 76.80000000000001
	EmrgDurationAvg= 98.66666666666667
	vehicleWaitingTimeAvg= 75.98491379310344

**Simulation Parameters**
	RunAdaptation= 0
	trafficImbalanceFactor= 3
	trafficImbalanceFrequency= 20
	EmergencyVehiclePriorization= 0
	FloodingPriorization= 0
	WeatherPriorization= 0

**Simulation Data**
	WeatherVariance= 100.0
	WeatherVariationFactor= 1.0
	insertedVehicles= 4640
	vehicleTimeLoss= 92.59
	insertedPedestrian= 1518
	pedestrianTimeLoss= 41.5
	totalWaitingTime= 352520.0
	totalFloodedWaitingTime= 312007.0
	totalTimeLoss= 426248.54
	totalFloodedTimeLoss= 365985.97

Full Metrics at: sumo_simulation/sumo_elements/metrics/20250718_101003_fixed_metrics.log
LaneArea Metrics at: sumo_simulation/sumo_elements/metrics/20250718_101003_fixed_lanedata.xml
--------------------------------------------------------
**** Simulation Results from 18/07/2025 at 10:10:51 ****
**Comparative Metrics**
	WeightedTimeLoss= 74.92719064631375
	WeightedDuration= 119.66073075673921
	adjustedFloodedWaitingTime= 0.8571477970023137
	adjustedFloodedTimeLoss= 0.8312316203241987
	CO2EmissionAvg= 199614.04179341687
	fuelUseAvg= 64708.2556836859
	EmrgWaitingTimeAvg= 44.361111111111114
	EmrgTimeLossAvg= 57.47666666666666
	EmrgDurationAvg= 79.11111111111111
	vehicleWaitingTimeAvg= 68.56939655172414

**Simulation Parameters**
	RunAdaptation= 1
	trafficImbalanceFactor= 3
	trafficImbalanceFrequency= 20
	EmergencyVehiclePriorization= 0
	FloodingPriorization= 0
	WeatherPriorization= 0

**Simulation Data**
	WeatherVariance= 100.0
	WeatherVariationFactor= 1.0
	insertedVehicles= 4640
	vehicleTimeLoss= 84.79
	insertedPedestrian= 1518
	pedestrianTimeLoss= 44.78
	totalWaitingTime= 318112.0
	totalFloodedWaitingTime= 272669.0
	totalTimeLoss= 390081.01
	totalFloodedTimeLoss= 324247.67

Full Metrics at: sumo_simulation/sumo_elements/metrics/20250718_101051_adaptive_metrics.log
LaneArea Metrics at: sumo_simulation/sumo_elements/metrics/20250718_101051_adaptive_lanedata.xml
--------------------------------------------------------
**** Simulation Results from 18/07/2025 at 10:13:42 ****
**Comparative Metrics**
	WeightedTimeLoss= 72.38430009743422
	WeightedDuration= 117.1253751217928
	adjustedFloodedWaitingTime= 0.8433266634467214
	adjustedFloodedTimeLoss= 0.8178525502371138
	CO2EmissionAvg= 194843.3797441929
	fuelUseAvg= 63161.18118147448
	EmrgWaitingTimeAvg= 52.361111111111114
	EmrgTimeLossAvg= 67.24055555555556
	EmrgDurationAvg= 89.05555555555556
	vehicleWaitingTimeAvg= 65.60603448275862

**Simulation Parameters**
	RunAdaptation= 1
	trafficImbalanceFactor= 3
	trafficImbalanceFrequency= 20
	EmergencyVehiclePriorization= 1
	FloodingPriorization= 0
	WeatherPriorization= 0

**Simulation Data**
	WeatherVariance= 100.0
	WeatherVariationFactor= 1.0
	insertedVehicles= 4640
	vehicleTimeLoss= 81.69
	insertedPedestrian= 1518
	pedestrianTimeLoss= 43.94
	totalWaitingTime= 304353.0
	totalFloodedWaitingTime= 256669.0
	totalTimeLoss= 375657.03
	totalFloodedTimeLoss= 307232.06

Full Metrics at: sumo_simulation/sumo_elements/metrics/20250718_101342_adaptive_metrics.log
LaneArea Metrics at: sumo_simulation/sumo_elements/metrics/20250718_101342_adaptive_lanedata.xml
--------------------------------------------------------
**** Simulation Results from 18/07/2025 at 10:14:53 ****
**Comparative Metrics**
	WeightedTimeLoss= 68.82684313088666
	WeightedDuration= 113.51763884378045
	adjustedFloodedWaitingTime= 0.8293952587608318
	adjustedFloodedTimeLoss= 0.8042384510049481
	CO2EmissionAvg= 187645.70122504598
	fuelUseAvg= 60828.18178220823
	EmrgWaitingTimeAvg= 44.361111111111114
	EmrgTimeLossAvg= 56.80916666666667
	EmrgDurationAvg= 78.47222222222223
	vehicleWaitingTimeAvg= 60.99633620689655

**Simulation Parameters**
	RunAdaptation= 1
	trafficImbalanceFactor= 3
	trafficImbalanceFrequency= 20
	EmergencyVehiclePriorization= 0
	FloodingPriorization= 1
	WeatherPriorization= 0

**Simulation Data**
	WeatherVariance= 100.0
	WeatherVariationFactor= 1.0
	insertedVehicles= 4640
	vehicleTimeLoss= 76.9
	insertedPedestrian= 1518
	pedestrianTimeLoss= 44.15
	totalWaitingTime= 282964.0
	totalFloodedWaitingTime= 234689.0
	totalTimeLoss= 353472.52999999997
	totalFloodedTimeLoss= 284276.2

Full Metrics at: sumo_simulation/sumo_elements/metrics/20250718_101453_adaptive_metrics.log
LaneArea Metrics at: sumo_simulation/sumo_elements/metrics/20250718_101453_adaptive_lanedata.xml
--------------------------------------------------------
**** Simulation Results from 18/07/2025 at 10:17:40 ****
**Comparative Metrics**
	WeightedTimeLoss= 68.50713543358232
	WeightedDuration= 113.25574537187399
	adjustedFloodedWaitingTime= 0.8382862033430563
	adjustedFloodedTimeLoss= 0.8127910584513104
	CO2EmissionAvg= 188575.1944258709
	fuelUseAvg= 61129.588483968764
	EmrgWaitingTimeAvg= 43.30555555555556
	EmrgTimeLossAvg= 55.26527777777777
	EmrgDurationAvg= 77.02777777777777
	vehicleWaitingTimeAvg= 61.707327586206894

**Simulation Parameters**
	RunAdaptation= 1
	trafficImbalanceFactor= 3
	trafficImbalanceFrequency= 20
	EmergencyVehiclePriorization= 0
	FloodingPriorization= 0
	WeatherPriorization= 1

**Simulation Data**
	WeatherVariance= 100.0
	WeatherVariationFactor= 1.0
	insertedVehicles= 4640
	vehicleTimeLoss= 77.66
	insertedPedestrian= 1518
	pedestrianTimeLoss= 40.53
	totalWaitingTime= 286265.0
	totalFloodedWaitingTime= 239972.0
	totalTimeLoss= 356981.56
	totalFloodedTimeLoss= 290151.42

Full Metrics at: sumo_simulation/sumo_elements/metrics/20250718_101740_adaptive_metrics.log
LaneArea Metrics at: sumo_simulation/sumo_elements/metrics/20250718_101740_adaptive_lanedata.xml
--------------------------------------------------------
**** Simulation Results from 18/07/2025 at 10:20:30 ****
**Comparative Metrics**
	WeightedTimeLoss= 68.6107534913933
	WeightedDuration= 113.33675868788568
	adjustedFloodedWaitingTime= 0.8353015805888883
	adjustedFloodedTimeLoss= 0.8097460767882484
	CO2EmissionAvg= 187731.06225619372
	fuelUseAvg= 60855.711282813216
	EmrgWaitingTimeAvg= 46.30555555555556
	EmrgTimeLossAvg= 60.059722222222234
	EmrgDurationAvg= 81.75
	vehicleWaitingTimeAvg= 61.16616379310345

**Simulation Parameters**
	RunAdaptation= 1
	trafficImbalanceFactor= 3
	trafficImbalanceFrequency= 20
	EmergencyVehiclePriorization= 1
	FloodingPriorization= 1
	WeatherPriorization= 0

**Simulation Data**
	WeatherVariance= 100.0
	WeatherVariationFactor= 1.0
	insertedVehicles= 4640
	vehicleTimeLoss= 76.96
	insertedPedestrian= 1518
	pedestrianTimeLoss= 43.09
	totalWaitingTime= 283755.0
	totalFloodedWaitingTime= 237021.0
	totalTimeLoss= 353714.01999999996
	totalFloodedTimeLoss= 286418.54

Full Metrics at: sumo_simulation/sumo_elements/metrics/20250718_102030_adaptive_metrics.log
LaneArea Metrics at: sumo_simulation/sumo_elements/metrics/20250718_102030_adaptive_lanedata.xml
--------------------------------------------------------
**** Simulation Results from 18/07/2025 at 10:21:40 ****
**Comparative Metrics**
	WeightedTimeLoss= 64.51781422539784
	WeightedDuration= 109.24381942189024
	adjustedFloodedWaitingTime= 0.8117049321031174
	adjustedFloodedTimeLoss= 0.7882918757496212
	CO2EmissionAvg= 180317.56891086834
	fuelUseAvg= 58452.35412456978
	EmrgWaitingTimeAvg= 46.083333333333336
	EmrgTimeLossAvg= 59.07555555555554
	EmrgDurationAvg= 80.77777777777777
	vehicleWaitingTimeAvg= 56.26034482758621

**Simulation Parameters**
	RunAdaptation= 1
	trafficImbalanceFactor= 3
	trafficImbalanceFrequency= 20
	EmergencyVehiclePriorization= 0
	FloodingPriorization= 1
	WeatherPriorization= 1

**Simulation Data**
	WeatherVariance= 100.0
	WeatherVariationFactor= 1.0
	insertedVehicles= 4640
	vehicleTimeLoss= 72.13
	insertedPedestrian= 1518
	pedestrianTimeLoss= 41.25
	totalWaitingTime= 260984.0
	totalFloodedWaitingTime= 211842.0
	totalTimeLoss= 331283.98000000004
	totalFloodedTimeLoss= 261148.47000000003

Full Metrics at: sumo_simulation/sumo_elements/metrics/20250718_102140_adaptive_metrics.log
LaneArea Metrics at: sumo_simulation/sumo_elements/metrics/20250718_102140_adaptive_lanedata.xml
--------------------------------------------------------
**** Simulation Results from 18/07/2025 at 10:24:44 ****
**Comparative Metrics**
	WeightedTimeLoss= 68.65955829814874
	WeightedDuration= 113.38802858070802
	adjustedFloodedWaitingTime= 0.8409161732626986
	adjustedFloodedTimeLoss= 0.8144283072467633
	CO2EmissionAvg= 189511.83581731937
	fuelUseAvg= 61432.941504758455
	EmrgWaitingTimeAvg= 47.55555555555556
	EmrgTimeLossAvg= 62.15472222222221
	EmrgDurationAvg= 83.91666666666667
	vehicleWaitingTimeAvg= 62.25948275862069

**Simulation Parameters**
	RunAdaptation= 1
	trafficImbalanceFactor= 3
	trafficImbalanceFrequency= 20
	EmergencyVehiclePriorization= 1
	FloodingPriorization= 0
	WeatherPriorization= 1

**Simulation Data**
	WeatherVariance= 100.0
	WeatherVariationFactor= 1.0
	insertedVehicles= 4640
	vehicleTimeLoss= 78.16
	insertedPedestrian= 1518
	pedestrianTimeLoss= 39.62
	totalWaitingTime= 288810.0
	totalFloodedWaitingTime= 242865.0
	totalTimeLoss= 359249.35000000003
	totalFloodedTimeLoss= 292582.84

Full Metrics at: sumo_simulation/sumo_elements/metrics/20250718_102444_adaptive_metrics.log
LaneArea Metrics at: sumo_simulation/sumo_elements/metrics/20250718_102444_adaptive_lanedata.xml
--------------------------------------------------------
**** Simulation Results from 18/07/2025 at 10:25:50 ****
**Comparative Metrics**
	WeightedTimeLoss= 65.79094186424163
	WeightedDuration= 110.5244819746671
	adjustedFloodedWaitingTime= 0.8221216780792873
	adjustedFloodedTimeLoss= 0.7973825527036145
	CO2EmissionAvg= 183551.70862592693
	fuelUseAvg= 59500.590371739476
	EmrgWaitingTimeAvg= 50.80555555555556
	EmrgTimeLossAvg= 65.27527777777776
	EmrgDurationAvg= 87.13888888888889
	vehicleWaitingTimeAvg= 58.45905172413793

**Simulation Parameters**
	RunAdaptation= 1
	trafficImbalanceFactor= 3
	trafficImbalanceFrequency= 20
	EmergencyVehiclePriorization= 1
	FloodingPriorization= 1
	WeatherPriorization= 1

**Simulation Data**
	WeatherVariance= 100.0
	WeatherVariationFactor= 1.0
	insertedVehicles= 4640
	vehicleTimeLoss= 74.33
	insertedPedestrian= 1518
	pedestrianTimeLoss= 39.69
	totalWaitingTime= 271191.0
	totalFloodedWaitingTime= 222952.0
	totalTimeLoss= 341515.95
	totalFloodedTimeLoss= 272318.86

Full Metrics at: sumo_simulation/sumo_elements/metrics/20250718_102550_adaptive_metrics.log
LaneArea Metrics at: sumo_simulation/sumo_elements/metrics/20250718_102550_adaptive_lanedata.xml
--------------------------------------------------------
